===  sequential.py
	Log file [0;33mKeras_3Layers_1024relu_512relu_1sigmoid_100000Epochs_100BatchSize_05-Nov-2019_13h45m.log[0;0m created
	==================================
	 Layer #    Neurons     Activation
	==================================
	    1         1024            relu
	    2         512             relu
	    3          1           sigmoid
	
===  sequential.py
	Using Keras [92m2.2.4[0;0m (hostname = [0;33mlxplus720.cern.ch[0;0m)
===  sequential.py
	Opening the signal and background TTrees with uproot using ROOT file [0;35mhistograms-TT_19var.root[0;0m
===  sequential.py
	Constucting dataframes for signal and background with 19 input variables:
	[92mTrijetPtDR
	TrijetDijetPtDR
	TrijetBjetMass
	TrijetLdgJetBDisc
	TrijetSubldgJetBDisc
	TrijetBJetLdgJetMass
	TrijetBJetSubldgJetMass
	TrijetMass
	TrijetDijetMass
	TrijetBJetBDisc
	TrijetSoftDrop_n2
	TrijetLdgJetCvsL
	TrijetSubldgJetCvsL
	TrijetLdgJetPtD
	TrijetSubldgJetPtD
	TrijetLdgJetAxis2
	TrijetSubldgJetAxis2
	TrijetLdgJetMult
	TrijetSubldgJetMult[0;0m
===  sequential.py
	Constructing pandas DataFrames for signal and background
===  sequential.py
	Creating the sequential model
	Adding [0;35m1 layer# (input Layer)[0;0m, with [0;33m1024 neurons[0;0m and activation function [0;33mrelu[0;0m
	Adding [0;35m2 layer# (hidden layer)[0;0m, with [0;33m512 neurons[0;0m and activation function [0;33mrelu[0;0m
	Adding [0;35m3 layer# (output Layer)[0;0m, with [0;33m1 neurons[0;0m and activation function [0;33msigmoid[0;0m
===  sequential.py
	Printing model summary:
_________________________________________________________________
Layer (type)                 Output Shape              Param #   
=================================================================
dense_1 (Dense)              (None, 1024)              20480     
_________________________________________________________________
dense_2 (Dense)              (None, 512)               524800    
_________________________________________________________________
dense_3 (Dense)              (None, 1)                 513       
=================================================================
Total params: 545,793
Trainable params: 545,793
Non-trainable params: 0
_________________________________________________________________
===  sequential.py
	Signal dataset has [92m92348[0;0m rows. Background dataset has [1;31m92348[0;0m rows
===  sequential.py
	Compiling the model with the loss function [0;33mbinary_crossentropy[0;0m and optimizer [0;33madam[0;0m 
===  sequential.py
	Generating output predictions for the input samples

   32/92348 [..............................] - ETA: 2:10
  320/92348 [..............................] - ETA: 27s 
  672/92348 [..............................] - ETA: 20s
 1120/92348 [..............................] - ETA: 16s
 1536/92348 [..............................] - ETA: 14s
 1984/92348 [..............................] - ETA: 13s
 2464/92348 [..............................] - ETA: 12s
 2912/92348 [..............................] - ETA: 12s
 3264/92348 [>.............................] - ETA: 12s
 3616/92348 [>.............................] - ETA: 12s
 4064/92348 [>.............................] - ETA: 12s
 4544/92348 [>.............................] - ETA: 11s
 4928/92348 [>.............................] - ETA: 11s
 5472/92348 [>.............................] - ETA: 11s
 5952/92348 [>.............................] - ETA: 11s
 6432/92348 [=>............................] - ETA: 10s
 6912/92348 [=>............................] - ETA: 10s
 7296/92348 [=>............................] - ETA: 10s
 7648/92348 [=>............................] - ETA: 10s
 8032/92348 [=>............................] - ETA: 10s
 8352/92348 [=>............................] - ETA: 10s
 8832/92348 [=>............................] - ETA: 10s
 9120/92348 [=>............................] - ETA: 10s
 9440/92348 [==>...........................] - ETA: 10s
 9888/92348 [==>...........................] - ETA: 10s
10272/92348 [==>...........................] - ETA: 10s
10656/92348 [==>...........................] - ETA: 10s
11072/92348 [==>...........................] - ETA: 10s
11488/92348 [==>...........................] - ETA: 10s
12032/92348 [==>...........................] - ETA: 10s
12480/92348 [===>..........................] - ETA: 10s
12928/92348 [===>..........................] - ETA: 10s
13472/92348 [===>..........................] - ETA: 10s
13856/92348 [===>..........................] - ETA: 9s 
14272/92348 [===>..........................] - ETA: 9s
14816/92348 [===>..........................] - ETA: 9s
15296/92348 [===>..........................] - ETA: 9s
15680/92348 [====>.........................] - ETA: 9s
16032/92348 [====>.........................] - ETA: 9s
16288/92348 [====>.........................] - ETA: 9s
16768/92348 [====>.........................] - ETA: 9s
17216/92348 [====>.........................] - ETA: 9s
17600/92348 [====>.........................] - ETA: 9s
18048/92348 [====>.........................] - ETA: 9s
18368/92348 [====>.........................] - ETA: 9s
18848/92348 [=====>........................] - ETA: 9s
19360/92348 [=====>........................] - ETA: 9s
19712/92348 [=====>........................] - ETA: 9s
20096/92348 [=====>........................] - ETA: 9s
20448/92348 [=====>........................] - ETA: 9s
20800/92348 [=====>........................] - ETA: 9s
21248/92348 [=====>........................] - ETA: 9s
21600/92348 [======>.......................] - ETA: 9s
21920/92348 [======>.......................] - ETA: 9s
22304/92348 [======>.......................] - ETA: 8s
22592/92348 [======>.......................] - ETA: 9s
23008/92348 [======>.......................] - ETA: 8s
23328/92348 [======>.......................] - ETA: 8s
23712/92348 [======>.......................] - ETA: 8s
24096/92348 [======>.......................] - ETA: 8s
24416/92348 [======>.......................] - ETA: 8s
24800/92348 [=======>......................] - ETA: 8s
25152/92348 [=======>......................] - ETA: 8s
25536/92348 [=======>......................] - ETA: 8s
25952/92348 [=======>......................] - ETA: 8s
26336/92348 [=======>......................] - ETA: 8s
26720/92348 [=======>......................] - ETA: 8s
27008/92348 [=======>......................] - ETA: 8s
27424/92348 [=======>......................] - ETA: 8s
27840/92348 [========>.....................] - ETA: 8s
28160/92348 [========>.....................] - ETA: 8s
28480/92348 [========>.....................] - ETA: 8s
28832/92348 [========>.....................] - ETA: 8s
29216/92348 [========>.....................] - ETA: 8s
29600/92348 [========>.....................] - ETA: 8s
30048/92348 [========>.....................] - ETA: 8s
30336/92348 [========>.....................] - ETA: 8s
30592/92348 [========>.....................] - ETA: 8s
30912/92348 [=========>....................] - ETA: 8s
31264/92348 [=========>....................] - ETA: 8s
31520/92348 [=========>....................] - ETA: 8s
31840/92348 [=========>....................] - ETA: 8s
32128/92348 [=========>....................] - ETA: 8s
32448/92348 [=========>....................] - ETA: 8s
32768/92348 [=========>....................] - ETA: 8s
33088/92348 [=========>....................] - ETA: 8s
33472/92348 [=========>....................] - ETA: 8s
33824/92348 [=========>....................] - ETA: 8s
34208/92348 [==========>...................] - ETA: 7s
34592/92348 [==========>...................] - ETA: 7s
35008/92348 [==========>...................] - ETA: 7s
35424/92348 [==========>...................] - ETA: 7s
35936/92348 [==========>...................] - ETA: 7s
36320/92348 [==========>...................] - ETA: 7s
36640/92348 [==========>...................] - ETA: 7s
37120/92348 [===========>..................] - ETA: 7s
37568/92348 [===========>..................] - ETA: 7s
38016/92348 [===========>..................] - ETA: 7s
38176/92348 [===========>..................] - ETA: 7s
38496/92348 [===========>..................] - ETA: 7s
38784/92348 [===========>..................] - ETA: 7s
39264/92348 [===========>..................] - ETA: 7s
39872/92348 [===========>..................] - ETA: 7s
40224/92348 [============>.................] - ETA: 7s
40448/92348 [============>.................] - ETA: 7s
40768/92348 [============>.................] - ETA: 7s
41088/92348 [============>.................] - ETA: 7s
41376/92348 [============>.................] - ETA: 6s
41760/92348 [============>.................] - ETA: 6s
42176/92348 [============>.................] - ETA: 6s
42496/92348 [============>.................] - ETA: 6s
42816/92348 [============>.................] - ETA: 6s
43136/92348 [=============>................] - ETA: 6s
43488/92348 [=============>................] - ETA: 6s
44064/92348 [=============>................] - ETA: 6s
44544/92348 [=============>................] - ETA: 6s
44864/92348 [=============>................] - ETA: 6s
45184/92348 [=============>................] - ETA: 6s
45504/92348 [=============>................] - ETA: 6s
45824/92348 [=============>................] - ETA: 6s
46048/92348 [=============>................] - ETA: 6s
46304/92348 [==============>...............] - ETA: 6s
46592/92348 [==============>...............] - ETA: 6s
46912/92348 [==============>...............] - ETA: 6s
47200/92348 [==============>...............] - ETA: 6s
47552/92348 [==============>...............] - ETA: 6s
47968/92348 [==============>...............] - ETA: 6s
48288/92348 [==============>...............] - ETA: 6s
48704/92348 [==============>...............] - ETA: 6s
49024/92348 [==============>...............] - ETA: 6s
49280/92348 [===============>..............] - ETA: 6s
49760/92348 [===============>..............] - ETA: 5s
50016/92348 [===============>..............] - ETA: 5s
50432/92348 [===============>..............] - ETA: 5s
50688/92348 [===============>..............] - ETA: 5s
51008/92348 [===============>..............] - ETA: 5s
51360/92348 [===============>..............] - ETA: 5s
51680/92348 [===============>..............] - ETA: 5s
52096/92348 [===============>..............] - ETA: 5s
52480/92348 [================>.............] - ETA: 5s
52992/92348 [================>.............] - ETA: 5s
53280/92348 [================>.............] - ETA: 5s
53536/92348 [================>.............] - ETA: 5s
53792/92348 [================>.............] - ETA: 5s
54176/92348 [================>.............] - ETA: 5s
54624/92348 [================>.............] - ETA: 5s
55008/92348 [================>.............] - ETA: 5s
55488/92348 [=================>............] - ETA: 5s
55936/92348 [=================>............] - ETA: 5s
56352/92348 [=================>............] - ETA: 5s
56704/92348 [=================>............] - ETA: 4s
57056/92348 [=================>............] - ETA: 4s
57440/92348 [=================>............] - ETA: 4s
57728/92348 [=================>............] - ETA: 4s
58080/92348 [=================>............] - ETA: 4s
58464/92348 [=================>............] - ETA: 4s
58944/92348 [==================>...........] - ETA: 4s
59296/92348 [==================>...........] - ETA: 4s
59552/92348 [==================>...........] - ETA: 4s
59872/92348 [==================>...........] - ETA: 4s
60160/92348 [==================>...........] - ETA: 4s
60576/92348 [==================>...........] - ETA: 4s
60896/92348 [==================>...........] - ETA: 4s
61184/92348 [==================>...........] - ETA: 4s
61440/92348 [==================>...........] - ETA: 4s
61760/92348 [===================>..........] - ETA: 4s
62048/92348 [===================>..........] - ETA: 4s
62400/92348 [===================>..........] - ETA: 4s
62784/92348 [===================>..........] - ETA: 4s
63232/92348 [===================>..........] - ETA: 4s
63648/92348 [===================>..........] - ETA: 4s
64000/92348 [===================>..........] - ETA: 4s
64384/92348 [===================>..........] - ETA: 3s
64832/92348 [====================>.........] - ETA: 3s
65184/92348 [====================>.........] - ETA: 3s
65536/92348 [====================>.........] - ETA: 3s
65792/92348 [====================>.........] - ETA: 3s
66080/92348 [====================>.........] - ETA: 3s
66432/92348 [====================>.........] - ETA: 3s
66816/92348 [====================>.........] - ETA: 3s
67232/92348 [====================>.........] - ETA: 3s
67712/92348 [====================>.........] - ETA: 3s
68000/92348 [=====================>........] - ETA: 3s
68416/92348 [=====================>........] - ETA: 3s
68768/92348 [=====================>........] - ETA: 3s
69120/92348 [=====================>........] - ETA: 3s
69312/92348 [=====================>........] - ETA: 3s
69728/92348 [=====================>........] - ETA: 3s
70144/92348 [=====================>........] - ETA: 3s
70400/92348 [=====================>........] - ETA: 3s
70624/92348 [=====================>........] - ETA: 3s
70848/92348 [======================>.......] - ETA: 3s
71200/92348 [======================>.......] - ETA: 3s
71584/92348 [======================>.......] - ETA: 2s
71968/92348 [======================>.......] - ETA: 2s
72352/92348 [======================>.......] - ETA: 2s
72640/92348 [======================>.......] - ETA: 2s
72800/92348 [======================>.......] - ETA: 2s
73152/92348 [======================>.......] - ETA: 2s
73536/92348 [======================>.......] - ETA: 2s
73824/92348 [======================>.......] - ETA: 2s
74144/92348 [=======================>......] - ETA: 2s
74496/92348 [=======================>......] - ETA: 2s
74816/92348 [=======================>......] - ETA: 2s
75232/92348 [=======================>......] - ETA: 2s
75584/92348 [=======================>......] - ETA: 2s
75904/92348 [=======================>......] - ETA: 2s
76256/92348 [=======================>......] - ETA: 2s
76608/92348 [=======================>......] - ETA: 2s
76960/92348 [========================>.....] - ETA: 2s
77472/92348 [========================>.....] - ETA: 2s
77824/92348 [========================>.....] - ETA: 2s
78208/92348 [========================>.....] - ETA: 2s
78560/92348 [========================>.....] - ETA: 1s
78816/92348 [========================>.....] - ETA: 1s
79264/92348 [========================>.....] - ETA: 1s
79584/92348 [========================>.....] - ETA: 1s
79744/92348 [========================>.....] - ETA: 1s
79968/92348 [========================>.....] - ETA: 1s
80416/92348 [=========================>....] - ETA: 1s
80768/92348 [=========================>....] - ETA: 1s
81152/92348 [=========================>....] - ETA: 1s
81664/92348 [=========================>....] - ETA: 1s
82112/92348 [=========================>....] - ETA: 1s
82528/92348 [=========================>....] - ETA: 1s
82784/92348 [=========================>....] - ETA: 1s
83040/92348 [=========================>....] - ETA: 1s
83360/92348 [==========================>...] - ETA: 1s
83648/92348 [==========================>...] - ETA: 1s
84064/92348 [==========================>...] - ETA: 1s
84416/92348 [==========================>...] - ETA: 1s
84896/92348 [==========================>...] - ETA: 1s
85248/92348 [==========================>...] - ETA: 1s
85536/92348 [==========================>...] - ETA: 0s
85952/92348 [==========================>...] - ETA: 0s
86368/92348 [===========================>..] - ETA: 0s
86752/92348 [===========================>..] - ETA: 0s
87008/92348 [===========================>..] - ETA: 0s
87264/92348 [===========================>..] - ETA: 0s
87456/92348 [===========================>..] - ETA: 0s
87744/92348 [===========================>..] - ETA: 0s
88096/92348 [===========================>..] - ETA: 0s
88544/92348 [===========================>..] - ETA: 0s
89088/92348 [===========================>..] - ETA: 0s
89408/92348 [============================>.] - ETA: 0s
89728/92348 [============================>.] - ETA: 0s
89952/92348 [============================>.] - ETA: 0s
90304/92348 [============================>.] - ETA: 0s
90720/92348 [============================>.] - ETA: 0s
90976/92348 [============================>.] - ETA: 0s
91264/92348 [============================>.] - ETA: 0s
91552/92348 [============================>.] - ETA: 0s
91744/92348 [============================>.] - ETA: 0s
92096/92348 [============================>.] - ETA: 0s
92348/92348 [==============================] - 13s 146us/step

   32/92348 [..............................] - ETA: 29s
  416/92348 [..............................] - ETA: 14s
  832/92348 [..............................] - ETA: 13s
 1184/92348 [..............................] - ETA: 13s
 1696/92348 [..............................] - ETA: 11s
 2176/92348 [..............................] - ETA: 11s
 2560/92348 [..............................] - ETA: 11s
 2880/92348 [..............................] - ETA: 11s
 3136/92348 [>.............................] - ETA: 12s
 3456/92348 [>.............................] - ETA: 12s
 3680/92348 [>.............................] - ETA: 13s
 4032/92348 [>.............................] - ETA: 12s
 4448/92348 [>.............................] - ETA: 12s
 4864/92348 [>.............................] - ETA: 12s
 5344/92348 [>.............................] - ETA: 12s
 5824/92348 [>.............................] - ETA: 11s
 6144/92348 [>.............................] - ETA: 12s
 6528/92348 [=>............................] - ETA: 11s
 6976/92348 [=>............................] - ETA: 11s
 7296/92348 [=>............................] - ETA: 11s
 7648/92348 [=>............................] - ETA: 11s
 8032/92348 [=>............................] - ETA: 11s
 8480/92348 [=>............................] - ETA: 11s
 8736/92348 [=>............................] - ETA: 11s
 9056/92348 [=>............................] - ETA: 11s
 9440/92348 [==>...........................] - ETA: 11s
 9824/92348 [==>...........................] - ETA: 11s
10304/92348 [==>...........................] - ETA: 11s
10816/92348 [==>...........................] - ETA: 11s
11296/92348 [==>...........................] - ETA: 11s
11840/92348 [==>...........................] - ETA: 10s
12256/92348 [==>...........................] - ETA: 10s
12640/92348 [===>..........................] - ETA: 10s
12992/92348 [===>..........................] - ETA: 10s
13440/92348 [===>..........................] - ETA: 10s
13920/92348 [===>..........................] - ETA: 10s
14528/92348 [===>..........................] - ETA: 10s
14880/92348 [===>..........................] - ETA: 10s
15200/92348 [===>..........................] - ETA: 10s
15648/92348 [====>.........................] - ETA: 10s
16032/92348 [====>.........................] - ETA: 10s
16288/92348 [====>.........................] - ETA: 10s
16672/92348 [====>.........................] - ETA: 10s
17024/92348 [====>.........................] - ETA: 10s
17376/92348 [====>.........................] - ETA: 10s
17760/92348 [====>.........................] - ETA: 10s
18176/92348 [====>.........................] - ETA: 9s 
18528/92348 [=====>........................] - ETA: 9s
18976/92348 [=====>........................] - ETA: 9s
19296/92348 [=====>........................] - ETA: 9s
19712/92348 [=====>........................] - ETA: 9s
20128/92348 [=====>........................] - ETA: 9s
20608/92348 [=====>........................] - ETA: 9s
20896/92348 [=====>........................] - ETA: 9s
21152/92348 [=====>........................] - ETA: 9s
21504/92348 [=====>........................] - ETA: 9s
21920/92348 [======>.......................] - ETA: 9s
22272/92348 [======>.......................] - ETA: 9s
22528/92348 [======>.......................] - ETA: 9s
22848/92348 [======>.......................] - ETA: 9s
23232/92348 [======>.......................] - ETA: 9s
23648/92348 [======>.......................] - ETA: 9s
23936/92348 [======>.......................] - ETA: 9s
24288/92348 [======>.......................] - ETA: 9s
24544/92348 [======>.......................] - ETA: 9s
24864/92348 [=======>......................] - ETA: 9s
25376/92348 [=======>......................] - ETA: 9s
25664/92348 [=======>......................] - ETA: 9s
26048/92348 [=======>......................] - ETA: 9s
26336/92348 [=======>......................] - ETA: 9s
26688/92348 [=======>......................] - ETA: 9s
27200/92348 [=======>......................] - ETA: 9s
27616/92348 [=======>......................] - ETA: 9s
27936/92348 [========>.....................] - ETA: 8s
28192/92348 [========>.....................] - ETA: 9s
28384/92348 [========>.....................] - ETA: 9s
28640/92348 [========>.....................] - ETA: 9s
28992/92348 [========>.....................] - ETA: 9s
29312/92348 [========>.....................] - ETA: 8s
29600/92348 [========>.....................] - ETA: 8s
29984/92348 [========>.....................] - ETA: 8s
30368/92348 [========>.....................] - ETA: 8s
30720/92348 [========>.....................] - ETA: 8s
31040/92348 [=========>....................] - ETA: 8s
31520/92348 [=========>....................] - ETA: 8s
31968/92348 [=========>....................] - ETA: 8s
32352/92348 [=========>....................] - ETA: 8s
32704/92348 [=========>....................] - ETA: 8s
33088/92348 [=========>....................] - ETA: 8s
33536/92348 [=========>....................] - ETA: 8s
33920/92348 [==========>...................] - ETA: 8s
34272/92348 [==========>...................] - ETA: 8s
34688/92348 [==========>...................] - ETA: 8s
35072/92348 [==========>...................] - ETA: 8s
35424/92348 [==========>...................] - ETA: 8s
35808/92348 [==========>...................] - ETA: 8s
36160/92348 [==========>...................] - ETA: 7s
36512/92348 [==========>...................] - ETA: 7s
36832/92348 [==========>...................] - ETA: 7s
37312/92348 [===========>..................] - ETA: 7s
37600/92348 [===========>..................] - ETA: 7s
37824/92348 [===========>..................] - ETA: 7s
38208/92348 [===========>..................] - ETA: 7s
38688/92348 [===========>..................] - ETA: 7s
39072/92348 [===========>..................] - ETA: 7s
39488/92348 [===========>..................] - ETA: 7s
39904/92348 [===========>..................] - ETA: 7s
40416/92348 [============>.................] - ETA: 7s
40704/92348 [============>.................] - ETA: 7s
40992/92348 [============>.................] - ETA: 7s
41280/92348 [============>.................] - ETA: 7s
41632/92348 [============>.................] - ETA: 7s
41888/92348 [============>.................] - ETA: 7s
42176/92348 [============>.................] - ETA: 7s
42496/92348 [============>.................] - ETA: 7s
42816/92348 [============>.................] - ETA: 7s
43168/92348 [=============>................] - ETA: 7s
43488/92348 [=============>................] - ETA: 7s
43872/92348 [=============>................] - ETA: 6s
44160/92348 [=============>................] - ETA: 6s
44544/92348 [=============>................] - ETA: 6s
44928/92348 [=============>................] - ETA: 6s
45344/92348 [=============>................] - ETA: 6s
45760/92348 [=============>................] - ETA: 6s
46208/92348 [==============>...............] - ETA: 6s
46592/92348 [==============>...............] - ETA: 6s
46976/92348 [==============>...............] - ETA: 6s
47392/92348 [==============>...............] - ETA: 6s
47680/92348 [==============>...............] - ETA: 6s
47936/92348 [==============>...............] - ETA: 6s
48192/92348 [==============>...............] - ETA: 6s
48448/92348 [==============>...............] - ETA: 6s
48896/92348 [==============>...............] - ETA: 6s
49280/92348 [===============>..............] - ETA: 6s
49632/92348 [===============>..............] - ETA: 6s
49952/92348 [===============>..............] - ETA: 6s
50208/92348 [===============>..............] - ETA: 6s
50560/92348 [===============>..............] - ETA: 6s
51104/92348 [===============>..............] - ETA: 5s
51488/92348 [===============>..............] - ETA: 5s
51744/92348 [===============>..............] - ETA: 5s
52032/92348 [===============>..............] - ETA: 5s
52320/92348 [===============>..............] - ETA: 5s
52704/92348 [================>.............] - ETA: 5s
53184/92348 [================>.............] - ETA: 5s
53664/92348 [================>.............] - ETA: 5s
54112/92348 [================>.............] - ETA: 5s
54464/92348 [================>.............] - ETA: 5s
54784/92348 [================>.............] - ETA: 5s
55104/92348 [================>.............] - ETA: 5s
55424/92348 [=================>............] - ETA: 5s
55744/92348 [=================>............] - ETA: 5s
56032/92348 [=================>............] - ETA: 5s
56352/92348 [=================>............] - ETA: 5s
56640/92348 [=================>............] - ETA: 5s
56992/92348 [=================>............] - ETA: 5s
57344/92348 [=================>............] - ETA: 5s
57760/92348 [=================>............] - ETA: 5s
58112/92348 [=================>............] - ETA: 4s
58464/92348 [=================>............] - ETA: 4s
58816/92348 [==================>...........] - ETA: 4s
59168/92348 [==================>...........] - ETA: 4s
59456/92348 [==================>...........] - ETA: 4s
59648/92348 [==================>...........] - ETA: 4s
59968/92348 [==================>...........] - ETA: 4s
60288/92348 [==================>...........] - ETA: 4s
60768/92348 [==================>...........] - ETA: 4s
61120/92348 [==================>...........] - ETA: 4s
61504/92348 [==================>...........] - ETA: 4s
61888/92348 [===================>..........] - ETA: 4s
62240/92348 [===================>..........] - ETA: 4s
62592/92348 [===================>..........] - ETA: 4s
63008/92348 [===================>..........] - ETA: 4s
63328/92348 [===================>..........] - ETA: 4s
63616/92348 [===================>..........] - ETA: 4s
64064/92348 [===================>..........] - ETA: 4s
64480/92348 [===================>..........] - ETA: 4s
64800/92348 [====================>.........] - ETA: 4s
65280/92348 [====================>.........] - ETA: 3s
65632/92348 [====================>.........] - ETA: 3s
66016/92348 [====================>.........] - ETA: 3s
66368/92348 [====================>.........] - ETA: 3s
66816/92348 [====================>.........] - ETA: 3s
67296/92348 [====================>.........] - ETA: 3s
67680/92348 [====================>.........] - ETA: 3s
68064/92348 [=====================>........] - ETA: 3s
68448/92348 [=====================>........] - ETA: 3s
68832/92348 [=====================>........] - ETA: 3s
69120/92348 [=====================>........] - ETA: 3s
69376/92348 [=====================>........] - ETA: 3s
69792/92348 [=====================>........] - ETA: 3s
70080/92348 [=====================>........] - ETA: 3s
70496/92348 [=====================>........] - ETA: 3s
70880/92348 [======================>.......] - ETA: 3s
71232/92348 [======================>.......] - ETA: 3s
71520/92348 [======================>.......] - ETA: 3s
71968/92348 [======================>.......] - ETA: 2s
72352/92348 [======================>.......] - ETA: 2s
72800/92348 [======================>.......] - ETA: 2s
73216/92348 [======================>.......] - ETA: 2s
73696/92348 [======================>.......] - ETA: 2s
74080/92348 [=======================>......] - ETA: 2s
74432/92348 [=======================>......] - ETA: 2s
74944/92348 [=======================>......] - ETA: 2s
75360/92348 [=======================>......] - ETA: 2s
75712/92348 [=======================>......] - ETA: 2s
76096/92348 [=======================>......] - ETA: 2s
76416/92348 [=======================>......] - ETA: 2s
76704/92348 [=======================>......] - ETA: 2s
77120/92348 [========================>.....] - ETA: 2s
77504/92348 [========================>.....] - ETA: 2s
77952/92348 [========================>.....] - ETA: 2s
78560/92348 [========================>.....] - ETA: 1s
78944/92348 [========================>.....] - ETA: 1s
79296/92348 [========================>.....] - ETA: 1s
79712/92348 [========================>.....] - ETA: 1s
80224/92348 [=========================>....] - ETA: 1s
80640/92348 [=========================>....] - ETA: 1s
80864/92348 [=========================>....] - ETA: 1s
81280/92348 [=========================>....] - ETA: 1s
81664/92348 [=========================>....] - ETA: 1s
81952/92348 [=========================>....] - ETA: 1s
82240/92348 [=========================>....] - ETA: 1s
82528/92348 [=========================>....] - ETA: 1s
83008/92348 [=========================>....] - ETA: 1s
83232/92348 [==========================>...] - ETA: 1s
83552/92348 [==========================>...] - ETA: 1s
83936/92348 [==========================>...] - ETA: 1s
84480/92348 [==========================>...] - ETA: 1s
84832/92348 [==========================>...] - ETA: 1s
85280/92348 [==========================>...] - ETA: 1s
85568/92348 [==========================>...] - ETA: 0s
85792/92348 [==========================>...] - ETA: 0s
86048/92348 [==========================>...] - ETA: 0s
86400/92348 [===========================>..] - ETA: 0s
86624/92348 [===========================>..] - ETA: 0s
87104/92348 [===========================>..] - ETA: 0s
87360/92348 [===========================>..] - ETA: 0s
87584/92348 [===========================>..] - ETA: 0s
88000/92348 [===========================>..] - ETA: 0s
88384/92348 [===========================>..] - ETA: 0s
88800/92348 [===========================>..] - ETA: 0s
89120/92348 [===========================>..] - ETA: 0s
89504/92348 [============================>.] - ETA: 0s
89760/92348 [============================>.] - ETA: 0s
90080/92348 [============================>.] - ETA: 0s
90464/92348 [============================>.] - ETA: 0s
90880/92348 [============================>.] - ETA: 0s
91200/92348 [============================>.] - ETA: 0s
91680/92348 [============================>.] - ETA: 0s
92096/92348 [============================>.] - ETA: 0s
92348/92348 [==============================] - 13s 145us/step

   32/92348 [..............................] - ETA: 2:14
  256/92348 [..............................] - ETA: 35s 
  608/92348 [..............................] - ETA: 22s
 1024/92348 [..............................] - ETA: 18s
 1312/92348 [..............................] - ETA: 17s
 1600/92348 [..............................] - ETA: 18s
 1856/92348 [..............................] - ETA: 18s
 2080/92348 [..............................] - ETA: 18s
 2336/92348 [..............................] - ETA: 18s
 2528/92348 [..............................] - ETA: 18s
 2720/92348 [..............................] - ETA: 19s
 2944/92348 [..............................] - ETA: 19s
 3200/92348 [>.............................] - ETA: 19s
 3456/92348 [>.............................] - ETA: 19s
 3680/92348 [>.............................] - ETA: 19s
 3872/92348 [>.............................] - ETA: 19s
 4064/92348 [>.............................] - ETA: 19s
 4320/92348 [>.............................] - ETA: 19s
 4576/92348 [>.............................] - ETA: 19s
 4800/92348 [>.............................] - ETA: 19s
 5152/92348 [>.............................] - ETA: 19s
 5408/92348 [>.............................] - ETA: 18s
 5696/92348 [>.............................] - ETA: 18s
 5920/92348 [>.............................] - ETA: 18s
 6144/92348 [>.............................] - ETA: 18s
 6368/92348 [=>............................] - ETA: 18s
 6656/92348 [=>............................] - ETA: 18s
 6976/92348 [=>............................] - ETA: 18s
 7360/92348 [=>............................] - ETA: 18s
 7648/92348 [=>............................] - ETA: 17s
 8000/92348 [=>............................] - ETA: 17s
 8320/92348 [=>............................] - ETA: 17s
 8576/92348 [=>............................] - ETA: 17s
 8896/92348 [=>............................] - ETA: 17s
 9152/92348 [=>............................] - ETA: 17s
 9376/92348 [==>...........................] - ETA: 17s
 9632/92348 [==>...........................] - ETA: 17s
 9888/92348 [==>...........................] - ETA: 17s
10080/92348 [==>...........................] - ETA: 17s
10400/92348 [==>...........................] - ETA: 16s
10688/92348 [==>...........................] - ETA: 16s
10944/92348 [==>...........................] - ETA: 16s
11328/92348 [==>...........................] - ETA: 16s
11552/92348 [==>...........................] - ETA: 16s
11776/92348 [==>...........................] - ETA: 16s
12032/92348 [==>...........................] - ETA: 16s
12320/92348 [===>..........................] - ETA: 16s
12704/92348 [===>..........................] - ETA: 16s
13056/92348 [===>..........................] - ETA: 16s
13472/92348 [===>..........................] - ETA: 15s
13824/92348 [===>..........................] - ETA: 15s
14208/92348 [===>..........................] - ETA: 15s
14592/92348 [===>..........................] - ETA: 15s
14784/92348 [===>..........................] - ETA: 15s
15040/92348 [===>..........................] - ETA: 15s
15392/92348 [====>.........................] - ETA: 15s
15584/92348 [====>.........................] - ETA: 15s
15936/92348 [====>.........................] - ETA: 14s
16256/92348 [====>.........................] - ETA: 14s
16672/92348 [====>.........................] - ETA: 14s
17152/92348 [====>.........................] - ETA: 14s
17504/92348 [====>.........................] - ETA: 14s
17824/92348 [====>.........................] - ETA: 14s
18208/92348 [====>.........................] - ETA: 13s
18368/92348 [====>.........................] - ETA: 14s
18624/92348 [=====>........................] - ETA: 14s
18880/92348 [=====>........................] - ETA: 13s
19136/92348 [=====>........................] - ETA: 13s
19424/92348 [=====>........................] - ETA: 13s
19840/92348 [=====>........................] - ETA: 13s
20224/92348 [=====>........................] - ETA: 13s
20416/92348 [=====>........................] - ETA: 13s
20672/92348 [=====>........................] - ETA: 13s
20960/92348 [=====>........................] - ETA: 13s
21344/92348 [=====>........................] - ETA: 13s
21760/92348 [======>.......................] - ETA: 13s
21984/92348 [======>.......................] - ETA: 13s
22304/92348 [======>.......................] - ETA: 13s
22656/92348 [======>.......................] - ETA: 12s
23008/92348 [======>.......................] - ETA: 12s
23456/92348 [======>.......................] - ETA: 12s
23776/92348 [======>.......................] - ETA: 12s
24032/92348 [======>.......................] - ETA: 12s
24320/92348 [======>.......................] - ETA: 12s
24672/92348 [=======>......................] - ETA: 12s
24992/92348 [=======>......................] - ETA: 12s
25280/92348 [=======>......................] - ETA: 12s
25632/92348 [=======>......................] - ETA: 12s
25920/92348 [=======>......................] - ETA: 12s
26304/92348 [=======>......................] - ETA: 12s
26560/92348 [=======>......................] - ETA: 12s
26784/92348 [=======>......................] - ETA: 12s
27040/92348 [=======>......................] - ETA: 12s
27392/92348 [=======>......................] - ETA: 11s
27584/92348 [=======>......................] - ETA: 11s
27936/92348 [========>.....................] - ETA: 11s
28224/92348 [========>.....................] - ETA: 11s
28352/92348 [========>.....................] - ETA: 11s
28480/92348 [========>.....................] - ETA: 11s
28768/92348 [========>.....................] - ETA: 11s
29152/92348 [========>.....................] - ETA: 11s
29376/92348 [========>.....................] - ETA: 11s
29632/92348 [========>.....................] - ETA: 11s
29984/92348 [========>.....................] - ETA: 11s
30368/92348 [========>.....................] - ETA: 11s
30688/92348 [========>.....................] - ETA: 11s
30944/92348 [=========>....................] - ETA: 11s
31296/92348 [=========>....................] - ETA: 11s
31424/92348 [=========>....................] - ETA: 11s
31712/92348 [=========>....................] - ETA: 11s
31936/92348 [=========>....................] - ETA: 11s
32160/92348 [=========>....................] - ETA: 11s
32416/92348 [=========>....................] - ETA: 11s
32704/92348 [=========>....................] - ETA: 11s
33088/92348 [=========>....................] - ETA: 11s
33472/92348 [=========>....................] - ETA: 10s
33728/92348 [=========>....................] - ETA: 10s
34048/92348 [==========>...................] - ETA: 10s
34272/92348 [==========>...................] - ETA: 10s
34496/92348 [==========>...................] - ETA: 10s
34720/92348 [==========>...................] - ETA: 10s
34912/92348 [==========>...................] - ETA: 10s
35072/92348 [==========>...................] - ETA: 10s
35168/92348 [==========>...................] - ETA: 10s
35456/92348 [==========>...................] - ETA: 10s
35776/92348 [==========>...................] - ETA: 10s
36096/92348 [==========>...................] - ETA: 10s
36288/92348 [==========>...................] - ETA: 10s
36608/92348 [==========>...................] - ETA: 10s
36864/92348 [==========>...................] - ETA: 10s
37152/92348 [===========>..................] - ETA: 10s
37600/92348 [===========>..................] - ETA: 10s
37952/92348 [===========>..................] - ETA: 10s
38176/92348 [===========>..................] - ETA: 10s
38400/92348 [===========>..................] - ETA: 10s
38656/92348 [===========>..................] - ETA: 10s
38944/92348 [===========>..................] - ETA: 10s
39232/92348 [===========>..................] - ETA: 10s
39616/92348 [===========>..................] - ETA: 9s 
40064/92348 [============>.................] - ETA: 9s
40416/92348 [============>.................] - ETA: 9s
40832/92348 [============>.................] - ETA: 9s
41120/92348 [============>.................] - ETA: 9s
41440/92348 [============>.................] - ETA: 9s
41792/92348 [============>.................] - ETA: 9s
42080/92348 [============>.................] - ETA: 9s
42528/92348 [============>.................] - ETA: 9s
42912/92348 [============>.................] - ETA: 9s
43136/92348 [=============>................] - ETA: 9s
43584/92348 [=============>................] - ETA: 8s
43904/92348 [=============>................] - ETA: 8s
44192/92348 [=============>................] - ETA: 8s
44416/92348 [=============>................] - ETA: 8s
44704/92348 [=============>................] - ETA: 8s
45120/92348 [=============>................] - ETA: 8s
45408/92348 [=============>................] - ETA: 8s
45664/92348 [=============>................] - ETA: 8s
46080/92348 [=============>................] - ETA: 8s
46464/92348 [==============>...............] - ETA: 8s
46624/92348 [==============>...............] - ETA: 8s
46976/92348 [==============>...............] - ETA: 8s
47392/92348 [==============>...............] - ETA: 8s
47712/92348 [==============>...............] - ETA: 8s
48000/92348 [==============>...............] - ETA: 8s
48288/92348 [==============>...............] - ETA: 8s
48576/92348 [==============>...............] - ETA: 7s
48896/92348 [==============>...............] - ETA: 7s
49312/92348 [===============>..............] - ETA: 7s
49600/92348 [===============>..............] - ETA: 7s
49920/92348 [===============>..............] - ETA: 7s
50144/92348 [===============>..............] - ETA: 7s
50592/92348 [===============>..............] - ETA: 7s
51104/92348 [===============>..............] - ETA: 7s
51520/92348 [===============>..............] - ETA: 7s
51968/92348 [===============>..............] - ETA: 7s
52320/92348 [===============>..............] - ETA: 7s
52640/92348 [================>.............] - ETA: 7s
52928/92348 [================>.............] - ETA: 7s
53216/92348 [================>.............] - ETA: 7s
53600/92348 [================>.............] - ETA: 6s
53920/92348 [================>.............] - ETA: 6s
54144/92348 [================>.............] - ETA: 6s
54400/92348 [================>.............] - ETA: 6s
54752/92348 [================>.............] - ETA: 6s
55008/92348 [================>.............] - ETA: 6s
55328/92348 [================>.............] - ETA: 6s
55776/92348 [=================>............] - ETA: 6s
56064/92348 [=================>............] - ETA: 6s
56448/92348 [=================>............] - ETA: 6s
56768/92348 [=================>............] - ETA: 6s
57088/92348 [=================>............] - ETA: 6s
57376/92348 [=================>............] - ETA: 6s
57696/92348 [=================>............] - ETA: 6s
57984/92348 [=================>............] - ETA: 6s
58272/92348 [=================>............] - ETA: 6s
58560/92348 [==================>...........] - ETA: 6s
58976/92348 [==================>...........] - ETA: 5s
59424/92348 [==================>...........] - ETA: 5s
59744/92348 [==================>...........] - ETA: 5s
60096/92348 [==================>...........] - ETA: 5s
60480/92348 [==================>...........] - ETA: 5s
60768/92348 [==================>...........] - ETA: 5s
61024/92348 [==================>...........] - ETA: 5s
61216/92348 [==================>...........] - ETA: 5s
61568/92348 [===================>..........] - ETA: 5s
61824/92348 [===================>..........] - ETA: 5s
62144/92348 [===================>..........] - ETA: 5s
62400/92348 [===================>..........] - ETA: 5s
62656/92348 [===================>..........] - ETA: 5s
62912/92348 [===================>..........] - ETA: 5s
63232/92348 [===================>..........] - ETA: 5s
63520/92348 [===================>..........] - ETA: 5s
63744/92348 [===================>..........] - ETA: 5s
64000/92348 [===================>..........] - ETA: 5s
64288/92348 [===================>..........] - ETA: 5s
64608/92348 [===================>..........] - ETA: 4s
64960/92348 [====================>.........] - ETA: 4s
65312/92348 [====================>.........] - ETA: 4s
65728/92348 [====================>.........] - ETA: 4s
66016/92348 [====================>.........] - ETA: 4s
66240/92348 [====================>.........] - ETA: 4s
66560/92348 [====================>.........] - ETA: 4s
66944/92348 [====================>.........] - ETA: 4s
67360/92348 [====================>.........] - ETA: 4s
67744/92348 [=====================>........] - ETA: 4s
68096/92348 [=====================>........] - ETA: 4s
68416/92348 [=====================>........] - ETA: 4s
68736/92348 [=====================>........] - ETA: 4s
69056/92348 [=====================>........] - ETA: 4s
69440/92348 [=====================>........] - ETA: 4s
69792/92348 [=====================>........] - ETA: 3s
70144/92348 [=====================>........] - ETA: 3s
70336/92348 [=====================>........] - ETA: 3s
70656/92348 [=====================>........] - ETA: 3s
70976/92348 [======================>.......] - ETA: 3s
71424/92348 [======================>.......] - ETA: 3s
71776/92348 [======================>.......] - ETA: 3s
72096/92348 [======================>.......] - ETA: 3s
72448/92348 [======================>.......] - ETA: 3s
72736/92348 [======================>.......] - ETA: 3s
73152/92348 [======================>.......] - ETA: 3s
73536/92348 [======================>.......] - ETA: 3s
73760/92348 [======================>.......] - ETA: 3s
74144/92348 [=======================>......] - ETA: 3s
74496/92348 [=======================>......] - ETA: 3s
74848/92348 [=======================>......] - ETA: 3s
75072/92348 [=======================>......] - ETA: 3s
75264/92348 [=======================>......] - ETA: 3s
75616/92348 [=======================>......] - ETA: 2s
75936/92348 [=======================>......] - ETA: 2s
76192/92348 [=======================>......] - ETA: 2s
76640/92348 [=======================>......] - ETA: 2s
76896/92348 [=======================>......] - ETA: 2s
77056/92348 [========================>.....] - ETA: 2s
77504/92348 [========================>.....] - ETA: 2s
77888/92348 [========================>.....] - ETA: 2s
78272/92348 [========================>.....] - ETA: 2s
78688/92348 [========================>.....] - ETA: 2s
79072/92348 [========================>.....] - ETA: 2s
79424/92348 [========================>.....] - ETA: 2s
79872/92348 [========================>.....] - ETA: 2s
80352/92348 [=========================>....] - ETA: 2s
80608/92348 [=========================>....] - ETA: 2s
80928/92348 [=========================>....] - ETA: 1s
81216/92348 [=========================>....] - ETA: 1s
81440/92348 [=========================>....] - ETA: 1s
81664/92348 [=========================>....] - ETA: 1s
81952/92348 [=========================>....] - ETA: 1s
82176/92348 [=========================>....] - ETA: 1s
82496/92348 [=========================>....] - ETA: 1s
82752/92348 [=========================>....] - ETA: 1s
83040/92348 [=========================>....] - ETA: 1s
83392/92348 [==========================>...] - ETA: 1s
83840/92348 [==========================>...] - ETA: 1s
84000/92348 [==========================>...] - ETA: 1s
84256/92348 [==========================>...] - ETA: 1s
84512/92348 [==========================>...] - ETA: 1s
84832/92348 [==========================>...] - ETA: 1s
85216/92348 [==========================>...] - ETA: 1s
85600/92348 [==========================>...] - ETA: 1s
85984/92348 [==========================>...] - ETA: 1s
86368/92348 [===========================>..] - ETA: 1s
86720/92348 [===========================>..] - ETA: 0s
87040/92348 [===========================>..] - ETA: 0s
87328/92348 [===========================>..] - ETA: 0s
87584/92348 [===========================>..] - ETA: 0s
87808/92348 [===========================>..] - ETA: 0s
88128/92348 [===========================>..] - ETA: 0s
88448/92348 [===========================>..] - ETA: 0s
88704/92348 [===========================>..] - ETA: 0s
89024/92348 [===========================>..] - ETA: 0s
89504/92348 [============================>.] - ETA: 0s
89856/92348 [============================>.] - ETA: 0s
90112/92348 [============================>.] - ETA: 0s
90432/92348 [============================>.] - ETA: 0s
90880/92348 [============================>.] - ETA: 0s
91008/92348 [============================>.] - ETA: 0s
91072/92348 [============================>.] - ETA: 0s
91264/92348 [============================>.] - ETA: 0s
91552/92348 [============================>.] - ETA: 0s
91808/92348 [============================>.] - ETA: 0s
92096/92348 [============================>.] - ETA: 0s
92348/92348 [==============================] - 16s 175us/step

   32/92348 [..............................] - ETA: 27s
  480/92348 [..............................] - ETA: 11s
  896/92348 [..............................] - ETA: 11s
 1248/92348 [..............................] - ETA: 12s
 1472/92348 [..............................] - ETA: 13s
 1792/92348 [..............................] - ETA: 13s
 2176/92348 [..............................] - ETA: 13s
 2464/92348 [..............................] - ETA: 13s
 2784/92348 [..............................] - ETA: 13s
 3040/92348 [..............................] - ETA: 14s
 3232/92348 [>.............................] - ETA: 14s
 3552/92348 [>.............................] - ETA: 14s
 3840/92348 [>.............................] - ETA: 15s
 4192/92348 [>.............................] - ETA: 14s
 4448/92348 [>.............................] - ETA: 14s
 4736/92348 [>.............................] - ETA: 15s
 5120/92348 [>.............................] - ETA: 14s
 5472/92348 [>.............................] - ETA: 14s
 5824/92348 [>.............................] - ETA: 14s
 6144/92348 [>.............................] - ETA: 14s
 6496/92348 [=>............................] - ETA: 14s
 6912/92348 [=>............................] - ETA: 13s
 7264/92348 [=>............................] - ETA: 13s
 7616/92348 [=>............................] - ETA: 13s
 7936/92348 [=>............................] - ETA: 13s
 8320/92348 [=>............................] - ETA: 13s
 8832/92348 [=>............................] - ETA: 13s
 9248/92348 [==>...........................] - ETA: 13s
 9664/92348 [==>...........................] - ETA: 12s
10048/92348 [==>...........................] - ETA: 12s
10432/92348 [==>...........................] - ETA: 12s
10880/92348 [==>...........................] - ETA: 12s
11200/92348 [==>...........................] - ETA: 12s
11648/92348 [==>...........................] - ETA: 12s
11968/92348 [==>...........................] - ETA: 12s
12224/92348 [==>...........................] - ETA: 12s
12544/92348 [===>..........................] - ETA: 12s
13024/92348 [===>..........................] - ETA: 12s
13344/92348 [===>..........................] - ETA: 11s
13696/92348 [===>..........................] - ETA: 11s
13952/92348 [===>..........................] - ETA: 12s
14176/92348 [===>..........................] - ETA: 12s
14464/92348 [===>..........................] - ETA: 12s
14784/92348 [===>..........................] - ETA: 12s
15072/92348 [===>..........................] - ETA: 12s
15360/92348 [===>..........................] - ETA: 12s
15744/92348 [====>.........................] - ETA: 12s
16096/92348 [====>.........................] - ETA: 11s
16352/92348 [====>.........................] - ETA: 11s
16640/92348 [====>.........................] - ETA: 11s
16992/92348 [====>.........................] - ETA: 11s
17312/92348 [====>.........................] - ETA: 11s
17664/92348 [====>.........................] - ETA: 11s
18080/92348 [====>.........................] - ETA: 11s
18496/92348 [=====>........................] - ETA: 11s
18784/92348 [=====>........................] - ETA: 11s
19232/92348 [=====>........................] - ETA: 11s
19584/92348 [=====>........................] - ETA: 11s
19904/92348 [=====>........................] - ETA: 11s
20320/92348 [=====>........................] - ETA: 11s
20768/92348 [=====>........................] - ETA: 11s
21216/92348 [=====>........................] - ETA: 10s
21632/92348 [======>.......................] - ETA: 10s
22016/92348 [======>.......................] - ETA: 10s
22368/92348 [======>.......................] - ETA: 10s
22752/92348 [======>.......................] - ETA: 10s
23072/92348 [======>.......................] - ETA: 10s
23392/92348 [======>.......................] - ETA: 10s
23680/92348 [======>.......................] - ETA: 10s
23968/92348 [======>.......................] - ETA: 10s
24384/92348 [======>.......................] - ETA: 10s
24704/92348 [=======>......................] - ETA: 10s
24960/92348 [=======>......................] - ETA: 10s
25216/92348 [=======>......................] - ETA: 10s
25536/92348 [=======>......................] - ETA: 10s
25920/92348 [=======>......................] - ETA: 10s
26304/92348 [=======>......................] - ETA: 10s
26784/92348 [=======>......................] - ETA: 10s
27328/92348 [=======>......................] - ETA: 9s 
27776/92348 [========>.....................] - ETA: 9s
28096/92348 [========>.....................] - ETA: 9s
28352/92348 [========>.....................] - ETA: 9s
28736/92348 [========>.....................] - ETA: 9s
29120/92348 [========>.....................] - ETA: 9s
29600/92348 [========>.....................] - ETA: 9s
29888/92348 [========>.....................] - ETA: 9s
30176/92348 [========>.....................] - ETA: 9s
30592/92348 [========>.....................] - ETA: 9s
31040/92348 [=========>....................] - ETA: 9s
31456/92348 [=========>....................] - ETA: 9s
31808/92348 [=========>....................] - ETA: 9s
32224/92348 [=========>....................] - ETA: 9s
32576/92348 [=========>....................] - ETA: 9s
32832/92348 [=========>....................] - ETA: 9s
33248/92348 [=========>....................] - ETA: 8s
33568/92348 [=========>....................] - ETA: 8s
33888/92348 [==========>...................] - ETA: 8s
34080/92348 [==========>...................] - ETA: 8s
34368/92348 [==========>...................] - ETA: 8s
34688/92348 [==========>...................] - ETA: 8s
35168/92348 [==========>...................] - ETA: 8s
35616/92348 [==========>...................] - ETA: 8s
36000/92348 [==========>...................] - ETA: 8s
36320/92348 [==========>...................] - ETA: 8s
36672/92348 [==========>...................] - ETA: 8s
36928/92348 [==========>...................] - ETA: 8s
37216/92348 [===========>..................] - ETA: 8s
37504/92348 [===========>..................] - ETA: 8s
37888/92348 [===========>..................] - ETA: 8s
38336/92348 [===========>..................] - ETA: 8s
38752/92348 [===========>..................] - ETA: 8s
39264/92348 [===========>..................] - ETA: 8s
39648/92348 [===========>..................] - ETA: 7s
40096/92348 [============>.................] - ETA: 7s
40512/92348 [============>.................] - ETA: 7s
40832/92348 [============>.................] - ETA: 7s
41216/92348 [============>.................] - ETA: 7s
41568/92348 [============>.................] - ETA: 7s
41984/92348 [============>.................] - ETA: 7s
42336/92348 [============>.................] - ETA: 7s
42752/92348 [============>.................] - ETA: 7s
43168/92348 [=============>................] - ETA: 7s
43520/92348 [=============>................] - ETA: 7s
43840/92348 [=============>................] - ETA: 7s
44192/92348 [=============>................] - ETA: 7s
44512/92348 [=============>................] - ETA: 7s
44832/92348 [=============>................] - ETA: 7s
45184/92348 [=============>................] - ETA: 7s
45632/92348 [=============>................] - ETA: 6s
46080/92348 [=============>................] - ETA: 6s
46464/92348 [==============>...............] - ETA: 6s
46784/92348 [==============>...............] - ETA: 6s
47136/92348 [==============>...............] - ETA: 6s
47584/92348 [==============>...............] - ETA: 6s
47968/92348 [==============>...............] - ETA: 6s
48416/92348 [==============>...............] - ETA: 6s
48864/92348 [==============>...............] - ETA: 6s
49056/92348 [==============>...............] - ETA: 6s
49408/92348 [===============>..............] - ETA: 6s
49728/92348 [===============>..............] - ETA: 6s
50080/92348 [===============>..............] - ETA: 6s
50432/92348 [===============>..............] - ETA: 6s
50784/92348 [===============>..............] - ETA: 6s
51168/92348 [===============>..............] - ETA: 6s
51552/92348 [===============>..............] - ETA: 6s
51936/92348 [===============>..............] - ETA: 5s
52352/92348 [================>.............] - ETA: 5s
52768/92348 [================>.............] - ETA: 5s
53088/92348 [================>.............] - ETA: 5s
53376/92348 [================>.............] - ETA: 5s
53760/92348 [================>.............] - ETA: 5s
54176/92348 [================>.............] - ETA: 5s
54592/92348 [================>.............] - ETA: 5s
54944/92348 [================>.............] - ETA: 5s
55168/92348 [================>.............] - ETA: 5s
55520/92348 [=================>............] - ETA: 5s
55808/92348 [=================>............] - ETA: 5s
56160/92348 [=================>............] - ETA: 5s
56576/92348 [=================>............] - ETA: 5s
56928/92348 [=================>............] - ETA: 5s
57280/92348 [=================>............] - ETA: 5s
57728/92348 [=================>............] - ETA: 5s
58080/92348 [=================>............] - ETA: 5s
58432/92348 [=================>............] - ETA: 5s
58752/92348 [==================>...........] - ETA: 4s
59040/92348 [==================>...........] - ETA: 4s
59328/92348 [==================>...........] - ETA: 4s
59744/92348 [==================>...........] - ETA: 4s
59968/92348 [==================>...........] - ETA: 4s
60256/92348 [==================>...........] - ETA: 4s
60640/92348 [==================>...........] - ETA: 4s
60960/92348 [==================>...........] - ETA: 4s
61376/92348 [==================>...........] - ETA: 4s
61792/92348 [===================>..........] - ETA: 4s
62112/92348 [===================>..........] - ETA: 4s
62400/92348 [===================>..........] - ETA: 4s
62656/92348 [===================>..........] - ETA: 4s
62976/92348 [===================>..........] - ETA: 4s
63232/92348 [===================>..........] - ETA: 4s
63616/92348 [===================>..........] - ETA: 4s
63904/92348 [===================>..........] - ETA: 4s
64256/92348 [===================>..........] - ETA: 4s
64512/92348 [===================>..........] - ETA: 4s
64864/92348 [====================>.........] - ETA: 4s
65120/92348 [====================>.........] - ETA: 4s
65312/92348 [====================>.........] - ETA: 4s
65600/92348 [====================>.........] - ETA: 4s
65920/92348 [====================>.........] - ETA: 3s
66272/92348 [====================>.........] - ETA: 3s
66688/92348 [====================>.........] - ETA: 3s
67040/92348 [====================>.........] - ETA: 3s
67328/92348 [====================>.........] - ETA: 3s
67712/92348 [====================>.........] - ETA: 3s
68000/92348 [=====================>........] - ETA: 3s
68320/92348 [=====================>........] - ETA: 3s
68736/92348 [=====================>........] - ETA: 3s
69088/92348 [=====================>........] - ETA: 3s
69376/92348 [=====================>........] - ETA: 3s
69760/92348 [=====================>........] - ETA: 3s
70112/92348 [=====================>........] - ETA: 3s
70368/92348 [=====================>........] - ETA: 3s
70656/92348 [=====================>........] - ETA: 3s
70912/92348 [======================>.......] - ETA: 3s
71168/92348 [======================>.......] - ETA: 3s
71552/92348 [======================>.......] - ETA: 3s
72064/92348 [======================>.......] - ETA: 3s
72320/92348 [======================>.......] - ETA: 3s
72768/92348 [======================>.......] - ETA: 2s
73024/92348 [======================>.......] - ETA: 2s
73408/92348 [======================>.......] - ETA: 2s
73728/92348 [======================>.......] - ETA: 2s
74144/92348 [=======================>......] - ETA: 2s
74592/92348 [=======================>......] - ETA: 2s
74848/92348 [=======================>......] - ETA: 2s
75264/92348 [=======================>......] - ETA: 2s
75584/92348 [=======================>......] - ETA: 2s
75904/92348 [=======================>......] - ETA: 2s
76192/92348 [=======================>......] - ETA: 2s
76512/92348 [=======================>......] - ETA: 2s
76800/92348 [=======================>......] - ETA: 2s
77152/92348 [========================>.....] - ETA: 2s
77504/92348 [========================>.....] - ETA: 2s
77888/92348 [========================>.....] - ETA: 2s
78272/92348 [========================>.....] - ETA: 2s
78624/92348 [========================>.....] - ETA: 2s
78944/92348 [========================>.....] - ETA: 2s
79296/92348 [========================>.....] - ETA: 1s
79584/92348 [========================>.....] - ETA: 1s
79872/92348 [========================>.....] - ETA: 1s
80256/92348 [=========================>....] - ETA: 1s
80576/92348 [=========================>....] - ETA: 1s
81024/92348 [=========================>....] - ETA: 1s
81376/92348 [=========================>....] - ETA: 1s
81600/92348 [=========================>....] - ETA: 1s
81888/92348 [=========================>....] - ETA: 1s
82176/92348 [=========================>....] - ETA: 1s
82496/92348 [=========================>....] - ETA: 1s
82880/92348 [=========================>....] - ETA: 1s
83200/92348 [==========================>...] - ETA: 1s
83456/92348 [==========================>...] - ETA: 1s
83808/92348 [==========================>...] - ETA: 1s
84128/92348 [==========================>...] - ETA: 1s
84448/92348 [==========================>...] - ETA: 1s
84640/92348 [==========================>...] - ETA: 1s
84928/92348 [==========================>...] - ETA: 1s
85312/92348 [==========================>...] - ETA: 1s
85472/92348 [==========================>...] - ETA: 1s
85760/92348 [==========================>...] - ETA: 1s
86144/92348 [==========================>...] - ETA: 0s
86560/92348 [===========================>..] - ETA: 0s
86912/92348 [===========================>..] - ETA: 0s
87296/92348 [===========================>..] - ETA: 0s
87488/92348 [===========================>..] - ETA: 0s
87808/92348 [===========================>..] - ETA: 0s
88128/92348 [===========================>..] - ETA: 0s
88384/92348 [===========================>..] - ETA: 0s
88800/92348 [===========================>..] - ETA: 0s
89216/92348 [===========================>..] - ETA: 0s
89536/92348 [============================>.] - ETA: 0s
89824/92348 [============================>.] - ETA: 0s
90240/92348 [============================>.] - ETA: 0s
90592/92348 [============================>.] - ETA: 0s
90848/92348 [============================>.] - ETA: 0s
91104/92348 [============================>.] - ETA: 0s
91456/92348 [============================>.] - ETA: 0s
91808/92348 [============================>.] - ETA: 0s
92160/92348 [============================>.] - ETA: 0s
92348/92348 [==============================] - 14s 154us/step
===  sequential.py
	Select events/samples which have an output variable Y (last column) equal to 1 (i.e. prediction is combatible with signal)
	Select events/samples which have an output variable Y (last column) equal to 0 (i.e. prediction is NOT combatible with signal)

   32/46194 [..............................] - ETA: 6s
  608/46194 [..............................] - ETA: 4s
 1056/46194 [..............................] - ETA: 4s
 1408/46194 [..............................] - ETA: 5s
 1920/46194 [>.............................] - ETA: 4s
 2336/46194 [>.............................] - ETA: 5s
 2752/46194 [>.............................] - ETA: 5s
 3072/46194 [>.............................] - ETA: 5s
 3520/46194 [=>............................] - ETA: 5s
 4032/46194 [=>............................] - ETA: 4s
 4512/46194 [=>............................] - ETA: 4s
 5152/46194 [==>...........................] - ETA: 4s
 5536/46194 [==>...........................] - ETA: 4s
 6112/46194 [==>...........................] - ETA: 4s
 6624/46194 [===>..........................] - ETA: 4s
 7072/46194 [===>..........................] - ETA: 4s
 7488/46194 [===>..........................] - ETA: 4s
 7904/46194 [====>.........................] - ETA: 4s
 8448/46194 [====>.........................] - ETA: 4s
 8864/46194 [====>.........................] - ETA: 4s
 9376/46194 [=====>........................] - ETA: 4s
 9792/46194 [=====>........................] - ETA: 4s
10080/46194 [=====>........................] - ETA: 4s
10560/46194 [=====>........................] - ETA: 4s
10912/46194 [======>.......................] - ETA: 4s
11360/46194 [======>.......................] - ETA: 4s
11712/46194 [======>.......................] - ETA: 4s
12064/46194 [======>.......................] - ETA: 4s
12480/46194 [=======>......................] - ETA: 3s
12896/46194 [=======>......................] - ETA: 3s
13312/46194 [=======>......................] - ETA: 3s
13824/46194 [=======>......................] - ETA: 3s
14304/46194 [========>.....................] - ETA: 3s
14784/46194 [========>.....................] - ETA: 3s
15296/46194 [========>.....................] - ETA: 3s
15776/46194 [=========>....................] - ETA: 3s
16224/46194 [=========>....................] - ETA: 3s
16736/46194 [=========>....................] - ETA: 3s
17248/46194 [==========>...................] - ETA: 3s
17888/46194 [==========>...................] - ETA: 3s
18432/46194 [==========>...................] - ETA: 3s
19040/46194 [===========>..................] - ETA: 3s
19616/46194 [===========>..................] - ETA: 2s
20032/46194 [============>.................] - ETA: 2s
20448/46194 [============>.................] - ETA: 2s
21056/46194 [============>.................] - ETA: 2s
21632/46194 [=============>................] - ETA: 2s
22080/46194 [=============>................] - ETA: 2s
22624/46194 [=============>................] - ETA: 2s
23008/46194 [=============>................] - ETA: 2s
23392/46194 [==============>...............] - ETA: 2s
24000/46194 [==============>...............] - ETA: 2s
24480/46194 [==============>...............] - ETA: 2s
24864/46194 [===============>..............] - ETA: 2s
25312/46194 [===============>..............] - ETA: 2s
25856/46194 [===============>..............] - ETA: 2s
26368/46194 [================>.............] - ETA: 2s
26880/46194 [================>.............] - ETA: 2s
27424/46194 [================>.............] - ETA: 2s
27936/46194 [=================>............] - ETA: 2s
28352/46194 [=================>............] - ETA: 1s
28832/46194 [=================>............] - ETA: 1s
29376/46194 [==================>...........] - ETA: 1s
29792/46194 [==================>...........] - ETA: 1s
30240/46194 [==================>...........] - ETA: 1s
30592/46194 [==================>...........] - ETA: 1s
31008/46194 [===================>..........] - ETA: 1s
31584/46194 [===================>..........] - ETA: 1s
32160/46194 [===================>..........] - ETA: 1s
32640/46194 [====================>.........] - ETA: 1s
33120/46194 [====================>.........] - ETA: 1s
33664/46194 [====================>.........] - ETA: 1s
34016/46194 [=====================>........] - ETA: 1s
34464/46194 [=====================>........] - ETA: 1s
34944/46194 [=====================>........] - ETA: 1s
35392/46194 [=====================>........] - ETA: 1s
35904/46194 [======================>.......] - ETA: 1s
36384/46194 [======================>.......] - ETA: 1s
36832/46194 [======================>.......] - ETA: 1s
37280/46194 [=======================>......] - ETA: 0s
37696/46194 [=======================>......] - ETA: 0s
38272/46194 [=======================>......] - ETA: 0s
38784/46194 [========================>.....] - ETA: 0s
39232/46194 [========================>.....] - ETA: 0s
39808/46194 [========================>.....] - ETA: 0s
40544/46194 [=========================>....] - ETA: 0s
41184/46194 [=========================>....] - ETA: 0s
41536/46194 [=========================>....] - ETA: 0s
41952/46194 [==========================>...] - ETA: 0s
42528/46194 [==========================>...] - ETA: 0s
43168/46194 [===========================>..] - ETA: 0s
43808/46194 [===========================>..] - ETA: 0s
44192/46194 [===========================>..] - ETA: 0s
44736/46194 [============================>.] - ETA: 0s
45216/46194 [============================>.] - ETA: 0s
45888/46194 [============================>.] - ETA: 0s
46194/46194 [==============================] - 5s 108us/step

   32/46154 [..............................] - ETA: 4s
  608/46154 [..............................] - ETA: 4s
 1248/46154 [..............................] - ETA: 3s
 1856/46154 [>.............................] - ETA: 3s
 2432/46154 [>.............................] - ETA: 3s
 2848/46154 [>.............................] - ETA: 3s
 3392/46154 [=>............................] - ETA: 3s
 3904/46154 [=>............................] - ETA: 3s
 4384/46154 [=>............................] - ETA: 3s
 4864/46154 [==>...........................] - ETA: 3s
 5344/46154 [==>...........................] - ETA: 3s
 5888/46154 [==>...........................] - ETA: 3s
 6432/46154 [===>..........................] - ETA: 3s
 7104/46154 [===>..........................] - ETA: 3s
 7712/46154 [====>.........................] - ETA: 3s
 8224/46154 [====>.........................] - ETA: 3s
 8736/46154 [====>.........................] - ETA: 3s
 9184/46154 [====>.........................] - ETA: 3s
 9664/46154 [=====>........................] - ETA: 3s
 9952/46154 [=====>........................] - ETA: 3s
10304/46154 [=====>........................] - ETA: 3s
10784/46154 [======>.......................] - ETA: 3s
11296/46154 [======>.......................] - ETA: 3s
11840/46154 [======>.......................] - ETA: 3s
12256/46154 [======>.......................] - ETA: 3s
12768/46154 [=======>......................] - ETA: 3s
13344/46154 [=======>......................] - ETA: 3s
13792/46154 [=======>......................] - ETA: 3s
14272/46154 [========>.....................] - ETA: 3s
14688/46154 [========>.....................] - ETA: 3s
15168/46154 [========>.....................] - ETA: 3s
15680/46154 [=========>....................] - ETA: 3s
16128/46154 [=========>....................] - ETA: 3s
16544/46154 [=========>....................] - ETA: 3s
17056/46154 [==========>...................] - ETA: 3s
17568/46154 [==========>...................] - ETA: 2s
18144/46154 [==========>...................] - ETA: 2s
18688/46154 [===========>..................] - ETA: 2s
19136/46154 [===========>..................] - ETA: 2s
19520/46154 [===========>..................] - ETA: 2s
19968/46154 [===========>..................] - ETA: 2s
20448/46154 [============>.................] - ETA: 2s
20896/46154 [============>.................] - ETA: 2s
21344/46154 [============>.................] - ETA: 2s
21824/46154 [=============>................] - ETA: 2s
22336/46154 [=============>................] - ETA: 2s
22944/46154 [=============>................] - ETA: 2s
23392/46154 [==============>...............] - ETA: 2s
23872/46154 [==============>...............] - ETA: 2s
24480/46154 [==============>...............] - ETA: 2s
24992/46154 [===============>..............] - ETA: 2s
25536/46154 [===============>..............] - ETA: 2s
25952/46154 [===============>..............] - ETA: 2s
26464/46154 [================>.............] - ETA: 2s
27136/46154 [================>.............] - ETA: 1s
27680/46154 [================>.............] - ETA: 1s
28128/46154 [=================>............] - ETA: 1s
28672/46154 [=================>............] - ETA: 1s
29344/46154 [==================>...........] - ETA: 1s
29824/46154 [==================>...........] - ETA: 1s
30368/46154 [==================>...........] - ETA: 1s
31040/46154 [===================>..........] - ETA: 1s
31520/46154 [===================>..........] - ETA: 1s
32032/46154 [===================>..........] - ETA: 1s
32512/46154 [====================>.........] - ETA: 1s
32992/46154 [====================>.........] - ETA: 1s
33536/46154 [====================>.........] - ETA: 1s
34016/46154 [=====================>........] - ETA: 1s
34528/46154 [=====================>........] - ETA: 1s
35008/46154 [=====================>........] - ETA: 1s
35584/46154 [======================>.......] - ETA: 1s
36224/46154 [======================>.......] - ETA: 1s
36832/46154 [======================>.......] - ETA: 0s
37408/46154 [=======================>......] - ETA: 0s
38016/46154 [=======================>......] - ETA: 0s
38624/46154 [========================>.....] - ETA: 0s
39232/46154 [========================>.....] - ETA: 0s
39744/46154 [========================>.....] - ETA: 0s
40256/46154 [=========================>....] - ETA: 0s
40864/46154 [=========================>....] - ETA: 0s
41568/46154 [==========================>...] - ETA: 0s
42240/46154 [==========================>...] - ETA: 0s
42720/46154 [==========================>...] - ETA: 0s
43296/46154 [===========================>..] - ETA: 0s
43712/46154 [===========================>..] - ETA: 0s
44128/46154 [===========================>..] - ETA: 0s
44640/46154 [============================>.] - ETA: 0s
45120/46154 [============================>.] - ETA: 0s
45600/46154 [============================>.] - ETA: 0s
45920/46154 [============================>.] - ETA: 0s
46154/46154 [==============================] - 5s 101us/step

   32/46154 [..............................] - ETA: 4s
  544/46154 [..............................] - ETA: 4s
  992/46154 [..............................] - ETA: 4s
 1408/46154 [..............................] - ETA: 5s
 1888/46154 [>.............................] - ETA: 4s
 2304/46154 [>.............................] - ETA: 5s
 2688/46154 [>.............................] - ETA: 5s
 2880/46154 [>.............................] - ETA: 5s
 3264/46154 [=>............................] - ETA: 5s
 3776/46154 [=>............................] - ETA: 5s
 4256/46154 [=>............................] - ETA: 5s
 4576/46154 [=>............................] - ETA: 5s
 4928/46154 [==>...........................] - ETA: 5s
 5184/46154 [==>...........................] - ETA: 5s
 5408/46154 [==>...........................] - ETA: 5s
 5632/46154 [==>...........................] - ETA: 5s
 6016/46154 [==>...........................] - ETA: 5s
 6528/46154 [===>..........................] - ETA: 5s
 6976/46154 [===>..........................] - ETA: 5s
 7488/46154 [===>..........................] - ETA: 5s
 7840/46154 [====>.........................] - ETA: 5s
 8352/46154 [====>.........................] - ETA: 4s
 8672/46154 [====>.........................] - ETA: 4s
 9120/46154 [====>.........................] - ETA: 4s
 9504/46154 [=====>........................] - ETA: 4s
 9920/46154 [=====>........................] - ETA: 4s
10240/46154 [=====>........................] - ETA: 4s
10624/46154 [=====>........................] - ETA: 4s
10944/46154 [======>.......................] - ETA: 4s
11296/46154 [======>.......................] - ETA: 4s
11744/46154 [======>.......................] - ETA: 4s
12160/46154 [======>.......................] - ETA: 4s
12608/46154 [=======>......................] - ETA: 4s
13024/46154 [=======>......................] - ETA: 4s
13472/46154 [=======>......................] - ETA: 4s
13856/46154 [========>.....................] - ETA: 4s
14304/46154 [========>.....................] - ETA: 4s
14752/46154 [========>.....................] - ETA: 4s
15072/46154 [========>.....................] - ETA: 4s
15296/46154 [========>.....................] - ETA: 4s
15680/46154 [=========>....................] - ETA: 4s
16032/46154 [=========>....................] - ETA: 4s
16480/46154 [=========>....................] - ETA: 3s
16832/46154 [=========>....................] - ETA: 3s
17312/46154 [==========>...................] - ETA: 3s
17760/46154 [==========>...................] - ETA: 3s
18048/46154 [==========>...................] - ETA: 3s
18336/46154 [==========>...................] - ETA: 3s
18720/46154 [===========>..................] - ETA: 3s
19264/46154 [===========>..................] - ETA: 3s
19712/46154 [===========>..................] - ETA: 3s
19968/46154 [===========>..................] - ETA: 3s
20320/46154 [============>.................] - ETA: 3s
20736/46154 [============>.................] - ETA: 3s
21184/46154 [============>.................] - ETA: 3s
21600/46154 [=============>................] - ETA: 3s
21920/46154 [=============>................] - ETA: 3s
22272/46154 [=============>................] - ETA: 3s
22560/46154 [=============>................] - ETA: 3s
22912/46154 [=============>................] - ETA: 3s
23232/46154 [==============>...............] - ETA: 3s
23616/46154 [==============>...............] - ETA: 3s
23936/46154 [==============>...............] - ETA: 3s
24192/46154 [==============>...............] - ETA: 2s
24448/46154 [==============>...............] - ETA: 2s
24704/46154 [===============>..............] - ETA: 2s
25152/46154 [===============>..............] - ETA: 2s
25568/46154 [===============>..............] - ETA: 2s
25952/46154 [===============>..............] - ETA: 2s
26304/46154 [================>.............] - ETA: 2s
26688/46154 [================>.............] - ETA: 2s
27104/46154 [================>.............] - ETA: 2s
27552/46154 [================>.............] - ETA: 2s
27872/46154 [=================>............] - ETA: 2s
28256/46154 [=================>............] - ETA: 2s
28640/46154 [=================>............] - ETA: 2s
29024/46154 [=================>............] - ETA: 2s
29440/46154 [==================>...........] - ETA: 2s
29888/46154 [==================>...........] - ETA: 2s
30272/46154 [==================>...........] - ETA: 2s
30624/46154 [==================>...........] - ETA: 2s
31168/46154 [===================>..........] - ETA: 2s
31488/46154 [===================>..........] - ETA: 1s
31904/46154 [===================>..........] - ETA: 1s
32320/46154 [====================>.........] - ETA: 1s
32672/46154 [====================>.........] - ETA: 1s
33120/46154 [====================>.........] - ETA: 1s
33472/46154 [====================>.........] - ETA: 1s
33888/46154 [=====================>........] - ETA: 1s
34240/46154 [=====================>........] - ETA: 1s
34656/46154 [=====================>........] - ETA: 1s
35072/46154 [=====================>........] - ETA: 1s
35616/46154 [======================>.......] - ETA: 1s
35968/46154 [======================>.......] - ETA: 1s
36384/46154 [======================>.......] - ETA: 1s
36704/46154 [======================>.......] - ETA: 1s
37088/46154 [=======================>......] - ETA: 1s
37440/46154 [=======================>......] - ETA: 1s
37760/46154 [=======================>......] - ETA: 1s
38048/46154 [=======================>......] - ETA: 1s
38528/46154 [========================>.....] - ETA: 1s
39008/46154 [========================>.....] - ETA: 0s
39552/46154 [========================>.....] - ETA: 0s
39936/46154 [========================>.....] - ETA: 0s
40352/46154 [=========================>....] - ETA: 0s
40800/46154 [=========================>....] - ETA: 0s
41184/46154 [=========================>....] - ETA: 0s
41440/46154 [=========================>....] - ETA: 0s
41984/46154 [==========================>...] - ETA: 0s
42464/46154 [==========================>...] - ETA: 0s
42816/46154 [==========================>...] - ETA: 0s
43104/46154 [===========================>..] - ETA: 0s
43424/46154 [===========================>..] - ETA: 0s
43872/46154 [===========================>..] - ETA: 0s
44224/46154 [===========================>..] - ETA: 0s
44576/46154 [===========================>..] - ETA: 0s
44928/46154 [============================>.] - ETA: 0s
45216/46154 [============================>.] - ETA: 0s
45472/46154 [============================>.] - ETA: 0s
45792/46154 [============================>.] - ETA: 0s
46154/46154 [==============================] - 6s 136us/step

   32/46194 [..............................] - ETA: 6s
  352/46194 [..............................] - ETA: 7s
  704/46194 [..............................] - ETA: 6s
 1184/46194 [..............................] - ETA: 6s
 1632/46194 [>.............................] - ETA: 5s
 2048/46194 [>.............................] - ETA: 5s
 2560/46194 [>.............................] - ETA: 5s
 2912/46194 [>.............................] - ETA: 5s
 3232/46194 [=>............................] - ETA: 5s
 3584/46194 [=>............................] - ETA: 5s
 4032/46194 [=>............................] - ETA: 5s
 4480/46194 [=>............................] - ETA: 5s
 4992/46194 [==>...........................] - ETA: 5s
 5344/46194 [==>...........................] - ETA: 5s
 5728/46194 [==>...........................] - ETA: 5s
 6144/46194 [==>...........................] - ETA: 5s
 6560/46194 [===>..........................] - ETA: 5s
 7040/46194 [===>..........................] - ETA: 4s
 7392/46194 [===>..........................] - ETA: 4s
 7648/46194 [===>..........................] - ETA: 4s
 7840/46194 [====>.........................] - ETA: 5s
 8096/46194 [====>.........................] - ETA: 5s
 8416/46194 [====>.........................] - ETA: 5s
 8864/46194 [====>.........................] - ETA: 5s
 9312/46194 [=====>........................] - ETA: 4s
 9728/46194 [=====>........................] - ETA: 4s
10080/46194 [=====>........................] - ETA: 4s
10432/46194 [=====>........................] - ETA: 4s
10880/46194 [======>.......................] - ETA: 4s
11232/46194 [======>.......................] - ETA: 4s
11648/46194 [======>.......................] - ETA: 4s
12160/46194 [======>.......................] - ETA: 4s
12512/46194 [=======>......................] - ETA: 4s
12960/46194 [=======>......................] - ETA: 4s
13248/46194 [=======>......................] - ETA: 4s
13760/46194 [=======>......................] - ETA: 4s
14208/46194 [========>.....................] - ETA: 4s
14624/46194 [========>.....................] - ETA: 4s
14944/46194 [========>.....................] - ETA: 4s
15264/46194 [========>.....................] - ETA: 4s
15584/46194 [=========>....................] - ETA: 4s
15872/46194 [=========>....................] - ETA: 4s
16128/46194 [=========>....................] - ETA: 4s
16512/46194 [=========>....................] - ETA: 4s
16800/46194 [=========>....................] - ETA: 4s
17056/46194 [==========>...................] - ETA: 4s
17344/46194 [==========>...................] - ETA: 4s
17664/46194 [==========>...................] - ETA: 3s
17984/46194 [==========>...................] - ETA: 3s
18336/46194 [==========>...................] - ETA: 3s
18752/46194 [===========>..................] - ETA: 3s
19072/46194 [===========>..................] - ETA: 3s
19392/46194 [===========>..................] - ETA: 3s
19776/46194 [===========>..................] - ETA: 3s
20160/46194 [============>.................] - ETA: 3s
20512/46194 [============>.................] - ETA: 3s
20896/46194 [============>.................] - ETA: 3s
21248/46194 [============>.................] - ETA: 3s
21664/46194 [=============>................] - ETA: 3s
21920/46194 [=============>................] - ETA: 3s
22336/46194 [=============>................] - ETA: 3s
22720/46194 [=============>................] - ETA: 3s
23168/46194 [==============>...............] - ETA: 3s
23488/46194 [==============>...............] - ETA: 3s
23808/46194 [==============>...............] - ETA: 3s
24096/46194 [==============>...............] - ETA: 3s
24320/46194 [==============>...............] - ETA: 3s
24768/46194 [===============>..............] - ETA: 3s
25120/46194 [===============>..............] - ETA: 3s
25504/46194 [===============>..............] - ETA: 2s
25792/46194 [===============>..............] - ETA: 2s
26240/46194 [================>.............] - ETA: 2s
26720/46194 [================>.............] - ETA: 2s
27040/46194 [================>.............] - ETA: 2s
27456/46194 [================>.............] - ETA: 2s
28000/46194 [=================>............] - ETA: 2s
28384/46194 [=================>............] - ETA: 2s
28640/46194 [=================>............] - ETA: 2s
28928/46194 [=================>............] - ETA: 2s
29152/46194 [=================>............] - ETA: 2s
29408/46194 [==================>...........] - ETA: 2s
29856/46194 [==================>...........] - ETA: 2s
30400/46194 [==================>...........] - ETA: 2s
30720/46194 [==================>...........] - ETA: 2s
31200/46194 [===================>..........] - ETA: 2s
31680/46194 [===================>..........] - ETA: 2s
32000/46194 [===================>..........] - ETA: 2s
32384/46194 [====================>.........] - ETA: 1s
32768/46194 [====================>.........] - ETA: 1s
33088/46194 [====================>.........] - ETA: 1s
33536/46194 [====================>.........] - ETA: 1s
33888/46194 [=====================>........] - ETA: 1s
34272/46194 [=====================>........] - ETA: 1s
34688/46194 [=====================>........] - ETA: 1s
35008/46194 [=====================>........] - ETA: 1s
35328/46194 [=====================>........] - ETA: 1s
35680/46194 [======================>.......] - ETA: 1s
36096/46194 [======================>.......] - ETA: 1s
36416/46194 [======================>.......] - ETA: 1s
36736/46194 [======================>.......] - ETA: 1s
37184/46194 [=======================>......] - ETA: 1s
37536/46194 [=======================>......] - ETA: 1s
37856/46194 [=======================>......] - ETA: 1s
38176/46194 [=======================>......] - ETA: 1s
38400/46194 [=======================>......] - ETA: 1s
38688/46194 [========================>.....] - ETA: 1s
38944/46194 [========================>.....] - ETA: 1s
39296/46194 [========================>.....] - ETA: 0s
39712/46194 [========================>.....] - ETA: 0s
40160/46194 [=========================>....] - ETA: 0s
40544/46194 [=========================>....] - ETA: 0s
40992/46194 [=========================>....] - ETA: 0s
41280/46194 [=========================>....] - ETA: 0s
41728/46194 [==========================>...] - ETA: 0s
42048/46194 [==========================>...] - ETA: 0s
42464/46194 [==========================>...] - ETA: 0s
42720/46194 [==========================>...] - ETA: 0s
43104/46194 [==========================>...] - ETA: 0s
43456/46194 [===========================>..] - ETA: 0s
43840/46194 [===========================>..] - ETA: 0s
44192/46194 [===========================>..] - ETA: 0s
44480/46194 [===========================>..] - ETA: 0s
44768/46194 [============================>.] - ETA: 0s
45184/46194 [============================>.] - ETA: 0s
45600/46194 [============================>.] - ETA: 0s
46016/46194 [============================>.] - ETA: 0s
46194/46194 [==============================] - 7s 143us/step
