===  sequential.py
	Log file [0;33mKeras_5Layers_128relu_64relu_32relu_16relu_1sigmoid_100000Epochs_10000BatchSize_05-Nov-2019_12h20m.log[0;0m created
	==================================
	 Layer #    Neurons     Activation
	==================================
	    1         128             relu
	    2          64             relu
	    3          32             relu
	    4          16             relu
	    5          1           sigmoid
	
===  sequential.py
	Using Keras [92m2.2.4[0;0m (hostname = [0;33mlxplus750.cern.ch[0;0m)
===  sequential.py
	Opening the signal and background TTrees with uproot using ROOT file [0;35mhistograms-TT_19var.root[0;0m
===  sequential.py
	Constucting dataframes for signal and background with 19 input variables:
	[92mTrijetPtDR
	TrijetDijetPtDR
	TrijetBjetMass
	TrijetLdgJetBDisc
	TrijetSubldgJetBDisc
	TrijetBJetLdgJetMass
	TrijetBJetSubldgJetMass
	TrijetMass
	TrijetDijetMass
	TrijetBJetBDisc
	TrijetSoftDrop_n2
	TrijetLdgJetCvsL
	TrijetSubldgJetCvsL
	TrijetLdgJetPtD
	TrijetSubldgJetPtD
	TrijetLdgJetAxis2
	TrijetSubldgJetAxis2
	TrijetLdgJetMult
	TrijetSubldgJetMult[0;0m
===  sequential.py
	Constructing pandas DataFrames for signal and background
===  sequential.py
	Creating the sequential model
	Adding [0;35m1 layer# (input Layer)[0;0m, with [0;33m128 neurons[0;0m and activation function [0;33mrelu[0;0m
	Adding [0;35m2 layer# (hidden layer)[0;0m, with [0;33m64 neurons[0;0m and activation function [0;33mrelu[0;0m
	Adding [0;35m3 layer# (hidden layer)[0;0m, with [0;33m32 neurons[0;0m and activation function [0;33mrelu[0;0m
	Adding [0;35m4 layer# (hidden layer)[0;0m, with [0;33m16 neurons[0;0m and activation function [0;33mrelu[0;0m
	Adding [0;35m5 layer# (output Layer)[0;0m, with [0;33m1 neurons[0;0m and activation function [0;33msigmoid[0;0m
===  sequential.py
	Printing model summary:
_________________________________________________________________
Layer (type)                 Output Shape              Param #   
=================================================================
dense_1 (Dense)              (None, 128)               2560      
_________________________________________________________________
dense_2 (Dense)              (None, 64)                8256      
_________________________________________________________________
dense_3 (Dense)              (None, 32)                2080      
_________________________________________________________________
dense_4 (Dense)              (None, 16)                528       
_________________________________________________________________
dense_5 (Dense)              (None, 1)                 17        
=================================================================
Total params: 13,441
Trainable params: 13,441
Non-trainable params: 0
_________________________________________________________________
===  sequential.py
	Signal dataset has [92m92348[0;0m rows. Background dataset has [1;31m92348[0;0m rows
===  sequential.py
	Compiling the model with the loss function [0;33mbinary_crossentropy[0;0m and optimizer [0;33madam[0;0m 
===  sequential.py
	Generating output predictions for the input samples

   32/92348 [..............................] - ETA: 1:13
 2144/92348 [..............................] - ETA: 3s  
 4256/92348 [>.............................] - ETA: 2s
 6176/92348 [=>............................] - ETA: 2s
 7936/92348 [=>............................] - ETA: 2s
 9632/92348 [==>...........................] - ETA: 2s
11296/92348 [==>...........................] - ETA: 2s
13376/92348 [===>..........................] - ETA: 2s
15488/92348 [====>.........................] - ETA: 2s
17696/92348 [====>.........................] - ETA: 2s
19104/92348 [=====>........................] - ETA: 2s
21344/92348 [=====>........................] - ETA: 1s
23456/92348 [======>.......................] - ETA: 1s
25696/92348 [=======>......................] - ETA: 1s
27968/92348 [========>.....................] - ETA: 1s
30048/92348 [========>.....................] - ETA: 1s
32288/92348 [=========>....................] - ETA: 1s
34496/92348 [==========>...................] - ETA: 1s
36736/92348 [==========>...................] - ETA: 1s
38976/92348 [===========>..................] - ETA: 1s
41184/92348 [============>.................] - ETA: 1s
43200/92348 [=============>................] - ETA: 1s
45088/92348 [=============>................] - ETA: 1s
47072/92348 [==============>...............] - ETA: 1s
49248/92348 [==============>...............] - ETA: 1s
51488/92348 [===============>..............] - ETA: 1s
53824/92348 [================>.............] - ETA: 0s
55872/92348 [=================>............] - ETA: 0s
58080/92348 [=================>............] - ETA: 0s
60576/92348 [==================>...........] - ETA: 0s
62656/92348 [===================>..........] - ETA: 0s
64352/92348 [===================>..........] - ETA: 0s
66560/92348 [====================>.........] - ETA: 0s
68768/92348 [=====================>........] - ETA: 0s
70944/92348 [======================>.......] - ETA: 0s
73312/92348 [======================>.......] - ETA: 0s
75680/92348 [=======================>......] - ETA: 0s
77696/92348 [========================>.....] - ETA: 0s
80000/92348 [========================>.....] - ETA: 0s
82304/92348 [=========================>....] - ETA: 0s
84576/92348 [==========================>...] - ETA: 0s
86688/92348 [===========================>..] - ETA: 0s
88800/92348 [===========================>..] - ETA: 0s
90880/92348 [============================>.] - ETA: 0s
92348/92348 [==============================] - 2s 24us/step

   32/92348 [..............................] - ETA: 5s
 2112/92348 [..............................] - ETA: 2s
 4160/92348 [>.............................] - ETA: 2s
 5984/92348 [>.............................] - ETA: 2s
 7968/92348 [=>............................] - ETA: 2s
10016/92348 [==>...........................] - ETA: 2s
11904/92348 [==>...........................] - ETA: 2s
13792/92348 [===>..........................] - ETA: 2s
15680/92348 [====>.........................] - ETA: 1s
17728/92348 [====>.........................] - ETA: 1s
19776/92348 [=====>........................] - ETA: 1s
21632/92348 [======>.......................] - ETA: 1s
23520/92348 [======>.......................] - ETA: 1s
25120/92348 [=======>......................] - ETA: 1s
27104/92348 [=======>......................] - ETA: 1s
29056/92348 [========>.....................] - ETA: 1s
31264/92348 [=========>....................] - ETA: 1s
33376/92348 [=========>....................] - ETA: 1s
35456/92348 [==========>...................] - ETA: 1s
37376/92348 [===========>..................] - ETA: 1s
39296/92348 [===========>..................] - ETA: 1s
41376/92348 [============>.................] - ETA: 1s
43360/92348 [=============>................] - ETA: 1s
45216/92348 [=============>................] - ETA: 1s
47008/92348 [==============>...............] - ETA: 1s
49152/92348 [==============>...............] - ETA: 1s
51200/92348 [===============>..............] - ETA: 1s
52928/92348 [================>.............] - ETA: 1s
54784/92348 [================>.............] - ETA: 0s
56480/92348 [=================>............] - ETA: 0s
58336/92348 [=================>............] - ETA: 0s
60032/92348 [==================>...........] - ETA: 0s
62240/92348 [===================>..........] - ETA: 0s
64128/92348 [===================>..........] - ETA: 0s
66080/92348 [====================>.........] - ETA: 0s
67904/92348 [=====================>........] - ETA: 0s
69568/92348 [=====================>........] - ETA: 0s
71232/92348 [======================>.......] - ETA: 0s
72992/92348 [======================>.......] - ETA: 0s
75008/92348 [=======================>......] - ETA: 0s
76736/92348 [=======================>......] - ETA: 0s
78816/92348 [========================>.....] - ETA: 0s
80160/92348 [=========================>....] - ETA: 0s
81856/92348 [=========================>....] - ETA: 0s
83584/92348 [==========================>...] - ETA: 0s
85632/92348 [==========================>...] - ETA: 0s
87552/92348 [===========================>..] - ETA: 0s
88896/92348 [===========================>..] - ETA: 0s
90784/92348 [============================>.] - ETA: 0s
92348/92348 [==============================] - 2s 27us/step

   32/92348 [..............................] - ETA: 14s
 1408/92348 [..............................] - ETA: 3s 
 2912/92348 [..............................] - ETA: 3s
 4480/92348 [>.............................] - ETA: 3s
 6176/92348 [=>............................] - ETA: 2s
 7808/92348 [=>............................] - ETA: 2s
 9344/92348 [==>...........................] - ETA: 2s
10688/92348 [==>...........................] - ETA: 2s
12288/92348 [==>...........................] - ETA: 2s
13760/92348 [===>..........................] - ETA: 2s
15488/92348 [====>.........................] - ETA: 2s
17280/92348 [====>.........................] - ETA: 2s
19136/92348 [=====>........................] - ETA: 2s
20448/92348 [=====>........................] - ETA: 2s
22016/92348 [======>.......................] - ETA: 2s
23360/92348 [======>.......................] - ETA: 2s
25088/92348 [=======>......................] - ETA: 2s
26112/92348 [=======>......................] - ETA: 2s
27296/92348 [=======>......................] - ETA: 2s
28864/92348 [========>.....................] - ETA: 2s
30304/92348 [========>.....................] - ETA: 2s
32064/92348 [=========>....................] - ETA: 2s
33760/92348 [=========>....................] - ETA: 1s
34976/92348 [==========>...................] - ETA: 1s
36512/92348 [==========>...................] - ETA: 1s
38208/92348 [===========>..................] - ETA: 1s
40064/92348 [============>.................] - ETA: 1s
41632/92348 [============>.................] - ETA: 1s
43520/92348 [=============>................] - ETA: 1s
45408/92348 [=============>................] - ETA: 1s
47328/92348 [==============>...............] - ETA: 1s
49152/92348 [==============>...............] - ETA: 1s
50688/92348 [===============>..............] - ETA: 1s
52352/92348 [================>.............] - ETA: 1s
54080/92348 [================>.............] - ETA: 1s
55968/92348 [=================>............] - ETA: 1s
57984/92348 [=================>............] - ETA: 1s
59840/92348 [==================>...........] - ETA: 1s
61696/92348 [===================>..........] - ETA: 0s
63744/92348 [===================>..........] - ETA: 0s
65472/92348 [====================>.........] - ETA: 0s
67264/92348 [====================>.........] - ETA: 0s
68928/92348 [=====================>........] - ETA: 0s
70784/92348 [=====================>........] - ETA: 0s
72896/92348 [======================>.......] - ETA: 0s
74624/92348 [=======================>......] - ETA: 0s
76448/92348 [=======================>......] - ETA: 0s
78432/92348 [========================>.....] - ETA: 0s
80480/92348 [=========================>....] - ETA: 0s
82432/92348 [=========================>....] - ETA: 0s
83712/92348 [==========================>...] - ETA: 0s
85728/92348 [==========================>...] - ETA: 0s
87840/92348 [===========================>..] - ETA: 0s
89760/92348 [============================>.] - ETA: 0s
92000/92348 [============================>.] - ETA: 0s
92348/92348 [==============================] - 3s 30us/step

   32/92348 [..............................] - ETA: 9s
 2240/92348 [..............................] - ETA: 2s
 4384/92348 [>.............................] - ETA: 2s
 5824/92348 [>.............................] - ETA: 2s
 7776/92348 [=>............................] - ETA: 2s
 9792/92348 [==>...........................] - ETA: 2s
11904/92348 [==>...........................] - ETA: 2s
13568/92348 [===>..........................] - ETA: 2s
15648/92348 [====>.........................] - ETA: 2s
17792/92348 [====>.........................] - ETA: 1s
19872/92348 [=====>........................] - ETA: 1s
21984/92348 [======>.......................] - ETA: 1s
24128/92348 [======>.......................] - ETA: 1s
26016/92348 [=======>......................] - ETA: 1s
27680/92348 [=======>......................] - ETA: 1s
29664/92348 [========>.....................] - ETA: 1s
31648/92348 [=========>....................] - ETA: 1s
33472/92348 [=========>....................] - ETA: 1s
35136/92348 [==========>...................] - ETA: 1s
37024/92348 [===========>..................] - ETA: 1s
38784/92348 [===========>..................] - ETA: 1s
40896/92348 [============>.................] - ETA: 1s
42944/92348 [============>.................] - ETA: 1s
44800/92348 [=============>................] - ETA: 1s
46720/92348 [==============>...............] - ETA: 1s
48480/92348 [==============>...............] - ETA: 1s
50272/92348 [===============>..............] - ETA: 1s
52256/92348 [===============>..............] - ETA: 1s
54304/92348 [================>.............] - ETA: 0s
56320/92348 [=================>............] - ETA: 0s
58208/92348 [=================>............] - ETA: 0s
60192/92348 [==================>...........] - ETA: 0s
62368/92348 [===================>..........] - ETA: 0s
64416/92348 [===================>..........] - ETA: 0s
66336/92348 [====================>.........] - ETA: 0s
68480/92348 [=====================>........] - ETA: 0s
70592/92348 [=====================>........] - ETA: 0s
72800/92348 [======================>.......] - ETA: 0s
74848/92348 [=======================>......] - ETA: 0s
76928/92348 [=======================>......] - ETA: 0s
78912/92348 [========================>.....] - ETA: 0s
80832/92348 [=========================>....] - ETA: 0s
82688/92348 [=========================>....] - ETA: 0s
84704/92348 [==========================>...] - ETA: 0s
86848/92348 [===========================>..] - ETA: 0s
88896/92348 [===========================>..] - ETA: 0s
90624/92348 [============================>.] - ETA: 0s
92348/92348 [==============================] - 2s 26us/step
===  sequential.py
	Select events/samples which have an output variable Y (last column) equal to 1 (i.e. prediction is combatible with signal)
	Select events/samples which have an output variable Y (last column) equal to 0 (i.e. prediction is NOT combatible with signal)

   32/46194 [..............................] - ETA: 2s
 2112/46194 [>.............................] - ETA: 1s
 4352/46194 [=>............................] - ETA: 0s
 6400/46194 [===>..........................] - ETA: 0s
 8448/46194 [====>.........................] - ETA: 0s
10624/46194 [=====>........................] - ETA: 0s
12736/46194 [=======>......................] - ETA: 0s
14688/46194 [========>.....................] - ETA: 0s
16960/46194 [==========>...................] - ETA: 0s
19296/46194 [===========>..................] - ETA: 0s
21472/46194 [============>.................] - ETA: 0s
23520/46194 [==============>...............] - ETA: 0s
25792/46194 [===============>..............] - ETA: 0s
27456/46194 [================>.............] - ETA: 0s
29760/46194 [==================>...........] - ETA: 0s
31520/46194 [===================>..........] - ETA: 0s
33568/46194 [====================>.........] - ETA: 0s
35744/46194 [======================>.......] - ETA: 0s
37856/46194 [=======================>......] - ETA: 0s
40000/46194 [========================>.....] - ETA: 0s
41792/46194 [==========================>...] - ETA: 0s
43712/46194 [===========================>..] - ETA: 0s
45696/46194 [============================>.] - ETA: 0s
46194/46194 [==============================] - 1s 24us/step

   32/46154 [..............................] - ETA: 2s
 2304/46154 [>.............................] - ETA: 0s
 3808/46154 [=>............................] - ETA: 1s
 5696/46154 [==>...........................] - ETA: 1s
 7584/46154 [===>..........................] - ETA: 1s
 9504/46154 [=====>........................] - ETA: 0s
11520/46154 [======>.......................] - ETA: 0s
13536/46154 [=======>......................] - ETA: 0s
15328/46154 [========>.....................] - ETA: 0s
17440/46154 [==========>...................] - ETA: 0s
19648/46154 [===========>..................] - ETA: 0s
21760/46154 [=============>................] - ETA: 0s
24000/46154 [==============>...............] - ETA: 0s
25984/46154 [===============>..............] - ETA: 0s
28128/46154 [=================>............] - ETA: 0s
30176/46154 [==================>...........] - ETA: 0s
32448/46154 [====================>.........] - ETA: 0s
34688/46154 [=====================>........] - ETA: 0s
36608/46154 [======================>.......] - ETA: 0s
38848/46154 [========================>.....] - ETA: 0s
40864/46154 [=========================>....] - ETA: 0s
42880/46154 [==========================>...] - ETA: 0s
45248/46154 [============================>.] - ETA: 0s
46154/46154 [==============================] - 1s 25us/step

   32/46154 [..............................] - ETA: 1s
 1984/46154 [>.............................] - ETA: 1s
 4224/46154 [=>............................] - ETA: 1s
 6336/46154 [===>..........................] - ETA: 0s
 8704/46154 [====>.........................] - ETA: 0s
10912/46154 [======>.......................] - ETA: 0s
12992/46154 [=======>......................] - ETA: 0s
15168/46154 [========>.....................] - ETA: 0s
17536/46154 [==========>...................] - ETA: 0s
19744/46154 [===========>..................] - ETA: 0s
21984/46154 [=============>................] - ETA: 0s
24192/46154 [==============>...............] - ETA: 0s
26464/46154 [================>.............] - ETA: 0s
28768/46154 [=================>............] - ETA: 0s
31104/46154 [===================>..........] - ETA: 0s
33312/46154 [====================>.........] - ETA: 0s
35552/46154 [======================>.......] - ETA: 0s
37792/46154 [=======================>......] - ETA: 0s
39904/46154 [========================>.....] - ETA: 0s
42112/46154 [==========================>...] - ETA: 0s
44352/46154 [===========================>..] - ETA: 0s
46154/46154 [==============================] - 1s 23us/step

   32/46194 [..............................] - ETA: 2s
 2176/46194 [>.............................] - ETA: 1s
 4512/46194 [=>............................] - ETA: 0s
 6656/46194 [===>..........................] - ETA: 0s
 8864/46194 [====>.........................] - ETA: 0s
10848/46194 [======>.......................] - ETA: 0s
13184/46194 [=======>......................] - ETA: 0s
15200/46194 [========>.....................] - ETA: 0s
17056/46194 [==========>...................] - ETA: 0s
18848/46194 [===========>..................] - ETA: 0s
20736/46194 [============>.................] - ETA: 0s
22976/46194 [=============>................] - ETA: 0s
25152/46194 [===============>..............] - ETA: 0s
27424/46194 [================>.............] - ETA: 0s
29760/46194 [==================>...........] - ETA: 0s
31616/46194 [===================>..........] - ETA: 0s
33280/46194 [====================>.........] - ETA: 0s
35264/46194 [=====================>........] - ETA: 0s
37312/46194 [=======================>......] - ETA: 0s
39584/46194 [========================>.....] - ETA: 0s
41664/46194 [==========================>...] - ETA: 0s
43776/46194 [===========================>..] - ETA: 0s
46016/46194 [============================>.] - ETA: 0s
46194/46194 [==============================] - 1s 24us/step
