===  sequential.py
	Log file [0;33mKeras_3Layers_32relu_16relu_1sigmoid_1000000Epochs_10000BatchSize_05-Nov-2019_12h20m.log[0;0m created
	==================================
	 Layer #    Neurons     Activation
	==================================
	    1          32             relu
	    2          16             relu
	    3          1           sigmoid
	
===  sequential.py
	Using Keras [92m2.2.4[0;0m (hostname = [0;33mlxplus750.cern.ch[0;0m)
===  sequential.py
	Opening the signal and background TTrees with uproot using ROOT file [0;35mhistograms-TT_19var.root[0;0m
===  sequential.py
	Constucting dataframes for signal and background with 19 input variables:
	[92mTrijetPtDR
	TrijetDijetPtDR
	TrijetBjetMass
	TrijetLdgJetBDisc
	TrijetSubldgJetBDisc
	TrijetBJetLdgJetMass
	TrijetBJetSubldgJetMass
	TrijetMass
	TrijetDijetMass
	TrijetBJetBDisc
	TrijetSoftDrop_n2
	TrijetLdgJetCvsL
	TrijetSubldgJetCvsL
	TrijetLdgJetPtD
	TrijetSubldgJetPtD
	TrijetLdgJetAxis2
	TrijetSubldgJetAxis2
	TrijetLdgJetMult
	TrijetSubldgJetMult[0;0m
===  sequential.py
	Constructing pandas DataFrames for signal and background
===  sequential.py
	Creating the sequential model
	Adding [0;35m1 layer# (input Layer)[0;0m, with [0;33m32 neurons[0;0m and activation function [0;33mrelu[0;0m
	Adding [0;35m2 layer# (hidden layer)[0;0m, with [0;33m16 neurons[0;0m and activation function [0;33mrelu[0;0m
	Adding [0;35m3 layer# (output Layer)[0;0m, with [0;33m1 neurons[0;0m and activation function [0;33msigmoid[0;0m
===  sequential.py
	Printing model summary:
_________________________________________________________________
Layer (type)                 Output Shape              Param #   
=================================================================
dense_1 (Dense)              (None, 32)                640       
_________________________________________________________________
dense_2 (Dense)              (None, 16)                528       
_________________________________________________________________
dense_3 (Dense)              (None, 1)                 17        
=================================================================
Total params: 1,185
Trainable params: 1,185
Non-trainable params: 0
_________________________________________________________________
===  sequential.py
	Signal dataset has [92m92348[0;0m rows. Background dataset has [1;31m92348[0;0m rows
===  sequential.py
	Compiling the model with the loss function [0;33mbinary_crossentropy[0;0m and optimizer [0;33madam[0;0m 
===  sequential.py
	Generating output predictions for the input samples

   32/92348 [..............................] - ETA: 49s
 2272/92348 [..............................] - ETA: 2s 
 3968/92348 [>.............................] - ETA: 2s
 6112/92348 [>.............................] - ETA: 2s
 8416/92348 [=>............................] - ETA: 2s
10688/92348 [==>...........................] - ETA: 2s
12608/92348 [===>..........................] - ETA: 2s
14816/92348 [===>..........................] - ETA: 1s
16416/92348 [====>.........................] - ETA: 1s
18592/92348 [=====>........................] - ETA: 1s
20192/92348 [=====>........................] - ETA: 1s
21824/92348 [======>.......................] - ETA: 1s
23712/92348 [======>.......................] - ETA: 1s
24960/92348 [=======>......................] - ETA: 1s
26656/92348 [=======>......................] - ETA: 1s
27840/92348 [========>.....................] - ETA: 1s
29088/92348 [========>.....................] - ETA: 1s
30752/92348 [========>.....................] - ETA: 1s
32640/92348 [=========>....................] - ETA: 1s
34624/92348 [==========>...................] - ETA: 1s
36704/92348 [==========>...................] - ETA: 1s
37920/92348 [===========>..................] - ETA: 1s
40032/92348 [============>.................] - ETA: 1s
41952/92348 [============>.................] - ETA: 1s
43456/92348 [=============>................] - ETA: 1s
45536/92348 [=============>................] - ETA: 1s
47744/92348 [==============>...............] - ETA: 1s
50080/92348 [===============>..............] - ETA: 1s
52160/92348 [===============>..............] - ETA: 1s
54272/92348 [================>.............] - ETA: 1s
56224/92348 [=================>............] - ETA: 0s
57632/92348 [=================>............] - ETA: 0s
59008/92348 [==================>...........] - ETA: 0s
60320/92348 [==================>...........] - ETA: 0s
62016/92348 [===================>..........] - ETA: 0s
63712/92348 [===================>..........] - ETA: 0s
65216/92348 [====================>.........] - ETA: 0s
66208/92348 [====================>.........] - ETA: 0s
68512/92348 [=====================>........] - ETA: 0s
69952/92348 [=====================>........] - ETA: 0s
71712/92348 [======================>.......] - ETA: 0s
73568/92348 [======================>.......] - ETA: 0s
75072/92348 [=======================>......] - ETA: 0s
76160/92348 [=======================>......] - ETA: 0s
78304/92348 [========================>.....] - ETA: 0s
79840/92348 [========================>.....] - ETA: 0s
81824/92348 [=========================>....] - ETA: 0s
83200/92348 [==========================>...] - ETA: 0s
84672/92348 [==========================>...] - ETA: 0s
86816/92348 [===========================>..] - ETA: 0s
88000/92348 [===========================>..] - ETA: 0s
89696/92348 [============================>.] - ETA: 0s
90720/92348 [============================>.] - ETA: 0s
91872/92348 [============================>.] - ETA: 0s
92348/92348 [==============================] - 3s 30us/step

   32/92348 [..............................] - ETA: 8s
 1344/92348 [..............................] - ETA: 3s
 2592/92348 [..............................] - ETA: 3s
 3776/92348 [>.............................] - ETA: 3s
 5184/92348 [>.............................] - ETA: 3s
 6880/92348 [=>............................] - ETA: 3s
 8768/92348 [=>............................] - ETA: 2s
10624/92348 [==>...........................] - ETA: 2s
12544/92348 [===>..........................] - ETA: 2s
14528/92348 [===>..........................] - ETA: 2s
16448/92348 [====>.........................] - ETA: 2s
18144/92348 [====>.........................] - ETA: 2s
19552/92348 [=====>........................] - ETA: 2s
21536/92348 [=====>........................] - ETA: 2s
23648/92348 [======>.......................] - ETA: 2s
25504/92348 [=======>......................] - ETA: 2s
27392/92348 [=======>......................] - ETA: 1s
29728/92348 [========>.....................] - ETA: 1s
31360/92348 [=========>....................] - ETA: 1s
32352/92348 [=========>....................] - ETA: 1s
33792/92348 [=========>....................] - ETA: 1s
35936/92348 [==========>...................] - ETA: 1s
37952/92348 [===========>..................] - ETA: 1s
39840/92348 [===========>..................] - ETA: 1s
41632/92348 [============>.................] - ETA: 1s
43520/92348 [=============>................] - ETA: 1s
45184/92348 [=============>................] - ETA: 1s
47232/92348 [==============>...............] - ETA: 1s
48672/92348 [==============>...............] - ETA: 1s
49760/92348 [===============>..............] - ETA: 1s
51296/92348 [===============>..............] - ETA: 1s
53280/92348 [================>.............] - ETA: 1s
55168/92348 [================>.............] - ETA: 1s
56896/92348 [=================>............] - ETA: 1s
59232/92348 [==================>...........] - ETA: 0s
61376/92348 [==================>...........] - ETA: 0s
62816/92348 [===================>..........] - ETA: 0s
64512/92348 [===================>..........] - ETA: 0s
65600/92348 [====================>.........] - ETA: 0s
66976/92348 [====================>.........] - ETA: 0s
68480/92348 [=====================>........] - ETA: 0s
70432/92348 [=====================>........] - ETA: 0s
72192/92348 [======================>.......] - ETA: 0s
73280/92348 [======================>.......] - ETA: 0s
74528/92348 [=======================>......] - ETA: 0s
76096/92348 [=======================>......] - ETA: 0s
77824/92348 [========================>.....] - ETA: 0s
79392/92348 [========================>.....] - ETA: 0s
80896/92348 [=========================>....] - ETA: 0s
82656/92348 [=========================>....] - ETA: 0s
84416/92348 [==========================>...] - ETA: 0s
85504/92348 [==========================>...] - ETA: 0s
86784/92348 [===========================>..] - ETA: 0s
88448/92348 [===========================>..] - ETA: 0s
90176/92348 [============================>.] - ETA: 0s
91616/92348 [============================>.] - ETA: 0s
92348/92348 [==============================] - 3s 31us/step

   32/92348 [..............................] - ETA: 11s
 1536/92348 [..............................] - ETA: 3s 
 2848/92348 [..............................] - ETA: 3s
 3968/92348 [>.............................] - ETA: 3s
 5536/92348 [>.............................] - ETA: 3s
 6848/92348 [=>............................] - ETA: 3s
 8512/92348 [=>............................] - ETA: 3s
 9728/92348 [==>...........................] - ETA: 3s
11712/92348 [==>...........................] - ETA: 2s
13568/92348 [===>..........................] - ETA: 2s
14944/92348 [===>..........................] - ETA: 2s
16352/92348 [====>.........................] - ETA: 2s
17536/92348 [====>.........................] - ETA: 2s
19424/92348 [=====>........................] - ETA: 2s
20960/92348 [=====>........................] - ETA: 2s
22336/92348 [======>.......................] - ETA: 2s
24096/92348 [======>.......................] - ETA: 2s
25792/92348 [=======>......................] - ETA: 2s
27680/92348 [=======>......................] - ETA: 2s
28768/92348 [========>.....................] - ETA: 2s
29824/92348 [========>.....................] - ETA: 2s
31008/92348 [=========>....................] - ETA: 2s
31904/92348 [=========>....................] - ETA: 2s
33216/92348 [=========>....................] - ETA: 2s
34848/92348 [==========>...................] - ETA: 2s
36928/92348 [==========>...................] - ETA: 1s
38656/92348 [===========>..................] - ETA: 1s
40288/92348 [============>.................] - ETA: 1s
41568/92348 [============>.................] - ETA: 1s
43296/92348 [=============>................] - ETA: 1s
44192/92348 [=============>................] - ETA: 1s
45280/92348 [=============>................] - ETA: 1s
46624/92348 [==============>...............] - ETA: 1s
48576/92348 [==============>...............] - ETA: 1s
49952/92348 [===============>..............] - ETA: 1s
50976/92348 [===============>..............] - ETA: 1s
52736/92348 [================>.............] - ETA: 1s
54304/92348 [================>.............] - ETA: 1s
55808/92348 [=================>............] - ETA: 1s
56736/92348 [=================>............] - ETA: 1s
58496/92348 [==================>...........] - ETA: 1s
60160/92348 [==================>...........] - ETA: 1s
61856/92348 [===================>..........] - ETA: 1s
63040/92348 [===================>..........] - ETA: 1s
64256/92348 [===================>..........] - ETA: 0s
65664/92348 [====================>.........] - ETA: 0s
67264/92348 [====================>.........] - ETA: 0s
68448/92348 [=====================>........] - ETA: 0s
70464/92348 [=====================>........] - ETA: 0s
72224/92348 [======================>.......] - ETA: 0s
73984/92348 [=======================>......] - ETA: 0s
75264/92348 [=======================>......] - ETA: 0s
76864/92348 [=======================>......] - ETA: 0s
78048/92348 [========================>.....] - ETA: 0s
79072/92348 [========================>.....] - ETA: 0s
80224/92348 [=========================>....] - ETA: 0s
81856/92348 [=========================>....] - ETA: 0s
83360/92348 [==========================>...] - ETA: 0s
85088/92348 [==========================>...] - ETA: 0s
86624/92348 [===========================>..] - ETA: 0s
88096/92348 [===========================>..] - ETA: 0s
89440/92348 [============================>.] - ETA: 0s
90592/92348 [============================>.] - ETA: 0s
91808/92348 [============================>.] - ETA: 0s
92348/92348 [==============================] - 3s 35us/step

   32/92348 [..............................] - ETA: 5s
 2528/92348 [..............................] - ETA: 1s
 4320/92348 [>.............................] - ETA: 2s
 5568/92348 [>.............................] - ETA: 2s
 6688/92348 [=>............................] - ETA: 2s
 8352/92348 [=>............................] - ETA: 2s
 9984/92348 [==>...........................] - ETA: 2s
11296/92348 [==>...........................] - ETA: 2s
12256/92348 [==>...........................] - ETA: 2s
13952/92348 [===>..........................] - ETA: 2s
15360/92348 [===>..........................] - ETA: 2s
16224/92348 [====>.........................] - ETA: 2s
17440/92348 [====>.........................] - ETA: 2s
18720/92348 [=====>........................] - ETA: 2s
20160/92348 [=====>........................] - ETA: 2s
21856/92348 [======>.......................] - ETA: 2s
23840/92348 [======>.......................] - ETA: 2s
25632/92348 [=======>......................] - ETA: 2s
26912/92348 [=======>......................] - ETA: 2s
28320/92348 [========>.....................] - ETA: 2s
29536/92348 [========>.....................] - ETA: 2s
31424/92348 [=========>....................] - ETA: 2s
32832/92348 [=========>....................] - ETA: 2s
34240/92348 [==========>...................] - ETA: 1s
35552/92348 [==========>...................] - ETA: 1s
37600/92348 [===========>..................] - ETA: 1s
39328/92348 [===========>..................] - ETA: 1s
41536/92348 [============>.................] - ETA: 1s
43840/92348 [=============>................] - ETA: 1s
45344/92348 [=============>................] - ETA: 1s
47072/92348 [==============>...............] - ETA: 1s
48544/92348 [==============>...............] - ETA: 1s
49824/92348 [===============>..............] - ETA: 1s
51296/92348 [===============>..............] - ETA: 1s
52768/92348 [================>.............] - ETA: 1s
54944/92348 [================>.............] - ETA: 1s
57024/92348 [=================>............] - ETA: 1s
58944/92348 [==================>...........] - ETA: 1s
60672/92348 [==================>...........] - ETA: 1s
62592/92348 [===================>..........] - ETA: 0s
64256/92348 [===================>..........] - ETA: 0s
66432/92348 [====================>.........] - ETA: 0s
68768/92348 [=====================>........] - ETA: 0s
70976/92348 [======================>.......] - ETA: 0s
72544/92348 [======================>.......] - ETA: 0s
74528/92348 [=======================>......] - ETA: 0s
76064/92348 [=======================>......] - ETA: 0s
77408/92348 [========================>.....] - ETA: 0s
78752/92348 [========================>.....] - ETA: 0s
80192/92348 [=========================>....] - ETA: 0s
81120/92348 [=========================>....] - ETA: 0s
82368/92348 [=========================>....] - ETA: 0s
84256/92348 [==========================>...] - ETA: 0s
85824/92348 [==========================>...] - ETA: 0s
87424/92348 [===========================>..] - ETA: 0s
88736/92348 [===========================>..] - ETA: 0s
89984/92348 [============================>.] - ETA: 0s
91328/92348 [============================>.] - ETA: 0s
92348/92348 [==============================] - 3s 32us/step
===  sequential.py
	Select events/samples which have an output variable Y (last column) equal to 1 (i.e. prediction is combatible with signal)
	Select events/samples which have an output variable Y (last column) equal to 0 (i.e. prediction is NOT combatible with signal)

   32/46194 [..............................] - ETA: 3s
 1600/46194 [>.............................] - ETA: 1s
 3232/46194 [=>............................] - ETA: 1s
 4704/46194 [==>...........................] - ETA: 1s
 6208/46194 [===>..........................] - ETA: 1s
 7424/46194 [===>..........................] - ETA: 1s
 8800/46194 [====>.........................] - ETA: 1s
10528/46194 [=====>........................] - ETA: 1s
12352/46194 [=======>......................] - ETA: 1s
14656/46194 [========>.....................] - ETA: 0s
16512/46194 [=========>....................] - ETA: 0s
17632/46194 [==========>...................] - ETA: 0s
18944/46194 [===========>..................] - ETA: 0s
20096/46194 [============>.................] - ETA: 0s
21184/46194 [============>.................] - ETA: 0s
22112/46194 [=============>................] - ETA: 0s
23200/46194 [==============>...............] - ETA: 0s
24800/46194 [===============>..............] - ETA: 0s
26304/46194 [================>.............] - ETA: 0s
27488/46194 [================>.............] - ETA: 0s
28736/46194 [=================>............] - ETA: 0s
29792/46194 [==================>...........] - ETA: 0s
31200/46194 [===================>..........] - ETA: 0s
32512/46194 [====================>.........] - ETA: 0s
34112/46194 [=====================>........] - ETA: 0s
35424/46194 [======================>.......] - ETA: 0s
37088/46194 [=======================>......] - ETA: 0s
38560/46194 [========================>.....] - ETA: 0s
39904/46194 [========================>.....] - ETA: 0s
41600/46194 [==========================>...] - ETA: 0s
42944/46194 [==========================>...] - ETA: 0s
44320/46194 [===========================>..] - ETA: 0s
45536/46194 [============================>.] - ETA: 0s
46194/46194 [==============================] - 2s 36us/step

   32/46154 [..............................] - ETA: 1s
 1920/46154 [>.............................] - ETA: 1s
 3712/46154 [=>............................] - ETA: 1s
 5856/46154 [==>...........................] - ETA: 1s
 7232/46154 [===>..........................] - ETA: 1s
 8544/46154 [====>.........................] - ETA: 1s
 9824/46154 [=====>........................] - ETA: 1s
11328/46154 [======>.......................] - ETA: 1s
12512/46154 [=======>......................] - ETA: 1s
13696/46154 [=======>......................] - ETA: 1s
14944/46154 [========>.....................] - ETA: 1s
16640/46154 [=========>....................] - ETA: 0s
18592/46154 [===========>..................] - ETA: 0s
20128/46154 [============>.................] - ETA: 0s
21344/46154 [============>.................] - ETA: 0s
23136/46154 [==============>...............] - ETA: 0s
24736/46154 [===============>..............] - ETA: 0s
26336/46154 [================>.............] - ETA: 0s
28352/46154 [=================>............] - ETA: 0s
29664/46154 [==================>...........] - ETA: 0s
31232/46154 [===================>..........] - ETA: 0s
33056/46154 [====================>.........] - ETA: 0s
34400/46154 [=====================>........] - ETA: 0s
35712/46154 [======================>.......] - ETA: 0s
37056/46154 [=======================>......] - ETA: 0s
38176/46154 [=======================>......] - ETA: 0s
39232/46154 [========================>.....] - ETA: 0s
40992/46154 [=========================>....] - ETA: 0s
42688/46154 [==========================>...] - ETA: 0s
44096/46154 [===========================>..] - ETA: 0s
44992/46154 [============================>.] - ETA: 0s
46154/46154 [==============================] - 2s 34us/step

   32/46154 [..............................] - ETA: 1s
 1728/46154 [>.............................] - ETA: 1s
 3136/46154 [=>............................] - ETA: 1s
 5088/46154 [==>...........................] - ETA: 1s
 6496/46154 [===>..........................] - ETA: 1s
 7904/46154 [====>.........................] - ETA: 1s
 9568/46154 [=====>........................] - ETA: 1s
10560/46154 [=====>........................] - ETA: 1s
11712/46154 [======>.......................] - ETA: 1s
12832/46154 [=======>......................] - ETA: 1s
14112/46154 [========>.....................] - ETA: 1s
15360/46154 [========>.....................] - ETA: 1s
17408/46154 [==========>...................] - ETA: 1s
18912/46154 [===========>..................] - ETA: 0s
20864/46154 [============>.................] - ETA: 0s
22528/46154 [=============>................] - ETA: 0s
24672/46154 [===============>..............] - ETA: 0s
26912/46154 [================>.............] - ETA: 0s
28192/46154 [=================>............] - ETA: 0s
29472/46154 [==================>...........] - ETA: 0s
30688/46154 [==================>...........] - ETA: 0s
32288/46154 [===================>..........] - ETA: 0s
33408/46154 [====================>.........] - ETA: 0s
35200/46154 [=====================>........] - ETA: 0s
37440/46154 [=======================>......] - ETA: 0s
39360/46154 [========================>.....] - ETA: 0s
41280/46154 [=========================>....] - ETA: 0s
42336/46154 [==========================>...] - ETA: 0s
44416/46154 [===========================>..] - ETA: 0s
45568/46154 [============================>.] - ETA: 0s
46154/46154 [==============================] - 2s 33us/step

   32/46194 [..............................] - ETA: 1s
 1376/46194 [..............................] - ETA: 1s
 2880/46194 [>.............................] - ETA: 1s
 4512/46194 [=>............................] - ETA: 1s
 5664/46194 [==>...........................] - ETA: 1s
 6592/46194 [===>..........................] - ETA: 1s
 7936/46194 [====>.........................] - ETA: 1s
 9920/46194 [=====>........................] - ETA: 1s
11712/46194 [======>.......................] - ETA: 1s
13184/46194 [=======>......................] - ETA: 1s
14944/46194 [========>.....................] - ETA: 1s
16832/46194 [=========>....................] - ETA: 0s
18176/46194 [==========>...................] - ETA: 0s
19648/46194 [===========>..................] - ETA: 0s
20992/46194 [============>.................] - ETA: 0s
22112/46194 [=============>................] - ETA: 0s
23072/46194 [=============>................] - ETA: 0s
24512/46194 [==============>...............] - ETA: 0s
26656/46194 [================>.............] - ETA: 0s
28992/46194 [=================>............] - ETA: 0s
30720/46194 [==================>...........] - ETA: 0s
32256/46194 [===================>..........] - ETA: 0s
34176/46194 [=====================>........] - ETA: 0s
35936/46194 [======================>.......] - ETA: 0s
37184/46194 [=======================>......] - ETA: 0s
38784/46194 [========================>.....] - ETA: 0s
40096/46194 [=========================>....] - ETA: 0s
42400/46194 [==========================>...] - ETA: 0s
44384/46194 [===========================>..] - ETA: 0s
46194/46194 [==============================] - 1s 32us/step
