===  sequential.py
	Log file [0;33mKeras_4Layers_64relu_32relu_16relu_1sigmoid_1000000Epochs_100BatchSize_05-Nov-2019_12h20m.log[0;0m created
	==================================
	 Layer #    Neurons     Activation
	==================================
	    1          64             relu
	    2          32             relu
	    3          16             relu
	    4          1           sigmoid
	
===  sequential.py
	Using Keras [92m2.2.4[0;0m (hostname = [0;33mlxplus750.cern.ch[0;0m)
===  sequential.py
	Opening the signal and background TTrees with uproot using ROOT file [0;35mhistograms-TT_19var.root[0;0m
===  sequential.py
	Constucting dataframes for signal and background with 19 input variables:
	[92mTrijetPtDR
	TrijetDijetPtDR
	TrijetBjetMass
	TrijetLdgJetBDisc
	TrijetSubldgJetBDisc
	TrijetBJetLdgJetMass
	TrijetBJetSubldgJetMass
	TrijetMass
	TrijetDijetMass
	TrijetBJetBDisc
	TrijetSoftDrop_n2
	TrijetLdgJetCvsL
	TrijetSubldgJetCvsL
	TrijetLdgJetPtD
	TrijetSubldgJetPtD
	TrijetLdgJetAxis2
	TrijetSubldgJetAxis2
	TrijetLdgJetMult
	TrijetSubldgJetMult[0;0m
===  sequential.py
	Constructing pandas DataFrames for signal and background
===  sequential.py
	Creating the sequential model
	Adding [0;35m1 layer# (input Layer)[0;0m, with [0;33m64 neurons[0;0m and activation function [0;33mrelu[0;0m
	Adding [0;35m2 layer# (hidden layer)[0;0m, with [0;33m32 neurons[0;0m and activation function [0;33mrelu[0;0m
	Adding [0;35m3 layer# (hidden layer)[0;0m, with [0;33m16 neurons[0;0m and activation function [0;33mrelu[0;0m
	Adding [0;35m4 layer# (output Layer)[0;0m, with [0;33m1 neurons[0;0m and activation function [0;33msigmoid[0;0m
===  sequential.py
	Printing model summary:
_________________________________________________________________
Layer (type)                 Output Shape              Param #   
=================================================================
dense_1 (Dense)              (None, 64)                1280      
_________________________________________________________________
dense_2 (Dense)              (None, 32)                2080      
_________________________________________________________________
dense_3 (Dense)              (None, 16)                528       
_________________________________________________________________
dense_4 (Dense)              (None, 1)                 17        
=================================================================
Total params: 3,905
Trainable params: 3,905
Non-trainable params: 0
_________________________________________________________________
===  sequential.py
	Signal dataset has [92m92348[0;0m rows. Background dataset has [1;31m92348[0;0m rows
===  sequential.py
	Compiling the model with the loss function [0;33mbinary_crossentropy[0;0m and optimizer [0;33madam[0;0m 
===  sequential.py
	Generating output predictions for the input samples

   32/92348 [..............................] - ETA: 53s
 2720/92348 [..............................] - ETA: 2s 
 5472/92348 [>.............................] - ETA: 1s
 8256/92348 [=>............................] - ETA: 1s
10912/92348 [==>...........................] - ETA: 1s
13728/92348 [===>..........................] - ETA: 1s
16480/92348 [====>.........................] - ETA: 1s
19264/92348 [=====>........................] - ETA: 1s
21824/92348 [======>.......................] - ETA: 1s
24608/92348 [======>.......................] - ETA: 1s
27392/92348 [=======>......................] - ETA: 1s
30240/92348 [========>.....................] - ETA: 1s
33152/92348 [=========>....................] - ETA: 1s
35808/92348 [==========>...................] - ETA: 1s
38592/92348 [===========>..................] - ETA: 1s
41440/92348 [============>.................] - ETA: 0s
44288/92348 [=============>................] - ETA: 0s
47072/92348 [==============>...............] - ETA: 0s
49920/92348 [===============>..............] - ETA: 0s
52800/92348 [================>.............] - ETA: 0s
55712/92348 [=================>............] - ETA: 0s
58560/92348 [==================>...........] - ETA: 0s
60864/92348 [==================>...........] - ETA: 0s
63552/92348 [===================>..........] - ETA: 0s
66336/92348 [====================>.........] - ETA: 0s
69120/92348 [=====================>........] - ETA: 0s
71840/92348 [======================>.......] - ETA: 0s
74560/92348 [=======================>......] - ETA: 0s
77248/92348 [========================>.....] - ETA: 0s
80064/92348 [=========================>....] - ETA: 0s
82848/92348 [=========================>....] - ETA: 0s
85664/92348 [==========================>...] - ETA: 0s
88512/92348 [===========================>..] - ETA: 0s
91200/92348 [============================>.] - ETA: 0s
92348/92348 [==============================] - 2s 18us/step

   32/92348 [..............................] - ETA: 5s
 2848/92348 [..............................] - ETA: 1s
 5664/92348 [>.............................] - ETA: 1s
 8448/92348 [=>............................] - ETA: 1s
11200/92348 [==>...........................] - ETA: 1s
14048/92348 [===>..........................] - ETA: 1s
16800/92348 [====>.........................] - ETA: 1s
19616/92348 [=====>........................] - ETA: 1s
22464/92348 [======>.......................] - ETA: 1s
25184/92348 [=======>......................] - ETA: 1s
28032/92348 [========>.....................] - ETA: 1s
30880/92348 [=========>....................] - ETA: 1s
33664/92348 [=========>....................] - ETA: 1s
36416/92348 [==========>...................] - ETA: 1s
39232/92348 [===========>..................] - ETA: 0s
42048/92348 [============>.................] - ETA: 0s
44800/92348 [=============>................] - ETA: 0s
47488/92348 [==============>...............] - ETA: 0s
50208/92348 [===============>..............] - ETA: 0s
52928/92348 [================>.............] - ETA: 0s
55776/92348 [=================>............] - ETA: 0s
58560/92348 [==================>...........] - ETA: 0s
61280/92348 [==================>...........] - ETA: 0s
64128/92348 [===================>..........] - ETA: 0s
66976/92348 [====================>.........] - ETA: 0s
69792/92348 [=====================>........] - ETA: 0s
72608/92348 [======================>.......] - ETA: 0s
75328/92348 [=======================>......] - ETA: 0s
78048/92348 [========================>.....] - ETA: 0s
80224/92348 [=========================>....] - ETA: 0s
82976/92348 [=========================>....] - ETA: 0s
85728/92348 [==========================>...] - ETA: 0s
88352/92348 [===========================>..] - ETA: 0s
91232/92348 [============================>.] - ETA: 0s
92348/92348 [==============================] - 2s 18us/step

   32/92348 [..............................] - ETA: 5s
 2592/92348 [..............................] - ETA: 1s
 5152/92348 [>.............................] - ETA: 1s
 7456/92348 [=>............................] - ETA: 1s
 9696/92348 [==>...........................] - ETA: 1s
11808/92348 [==>...........................] - ETA: 1s
13824/92348 [===>..........................] - ETA: 1s
15808/92348 [====>.........................] - ETA: 1s
17728/92348 [====>.........................] - ETA: 1s
19456/92348 [=====>........................] - ETA: 1s
21472/92348 [=====>........................] - ETA: 1s
23136/92348 [======>.......................] - ETA: 1s
25184/92348 [=======>......................] - ETA: 1s
27136/92348 [=======>......................] - ETA: 1s
29216/92348 [========>.....................] - ETA: 1s
31520/92348 [=========>....................] - ETA: 1s
33760/92348 [=========>....................] - ETA: 1s
36128/92348 [==========>...................] - ETA: 1s
37792/92348 [===========>..................] - ETA: 1s
39776/92348 [===========>..................] - ETA: 1s
41632/92348 [============>.................] - ETA: 1s
43520/92348 [=============>................] - ETA: 1s
45472/92348 [=============>................] - ETA: 1s
47552/92348 [==============>...............] - ETA: 1s
49600/92348 [===============>..............] - ETA: 1s
51712/92348 [===============>..............] - ETA: 1s
53568/92348 [================>.............] - ETA: 0s
55616/92348 [=================>............] - ETA: 0s
57408/92348 [=================>............] - ETA: 0s
59584/92348 [==================>...........] - ETA: 0s
61792/92348 [===================>..........] - ETA: 0s
63648/92348 [===================>..........] - ETA: 0s
65888/92348 [====================>.........] - ETA: 0s
67680/92348 [====================>.........] - ETA: 0s
69408/92348 [=====================>........] - ETA: 0s
71680/92348 [======================>.......] - ETA: 0s
73792/92348 [======================>.......] - ETA: 0s
75680/92348 [=======================>......] - ETA: 0s
77632/92348 [========================>.....] - ETA: 0s
79872/92348 [========================>.....] - ETA: 0s
81632/92348 [=========================>....] - ETA: 0s
83392/92348 [==========================>...] - ETA: 0s
85600/92348 [==========================>...] - ETA: 0s
87840/92348 [===========================>..] - ETA: 0s
90080/92348 [============================>.] - ETA: 0s
92064/92348 [============================>.] - ETA: 0s
92348/92348 [==============================] - 2s 25us/step

   32/92348 [..............................] - ETA: 5s
 2176/92348 [..............................] - ETA: 2s
 4096/92348 [>.............................] - ETA: 2s
 6208/92348 [=>............................] - ETA: 2s
 8160/92348 [=>............................] - ETA: 2s
 9856/92348 [==>...........................] - ETA: 2s
11744/92348 [==>...........................] - ETA: 2s
13664/92348 [===>..........................] - ETA: 2s
15744/92348 [====>.........................] - ETA: 1s
17664/92348 [====>.........................] - ETA: 1s
19904/92348 [=====>........................] - ETA: 1s
21856/92348 [======>.......................] - ETA: 1s
24000/92348 [======>.......................] - ETA: 1s
26400/92348 [=======>......................] - ETA: 1s
28480/92348 [========>.....................] - ETA: 1s
30528/92348 [========>.....................] - ETA: 1s
32192/92348 [=========>....................] - ETA: 1s
34336/92348 [==========>...................] - ETA: 1s
36320/92348 [==========>...................] - ETA: 1s
38272/92348 [===========>..................] - ETA: 1s
39648/92348 [===========>..................] - ETA: 1s
41728/92348 [============>.................] - ETA: 1s
43552/92348 [=============>................] - ETA: 1s
44992/92348 [=============>................] - ETA: 1s
46880/92348 [==============>...............] - ETA: 1s
49120/92348 [==============>...............] - ETA: 1s
50912/92348 [===============>..............] - ETA: 1s
52768/92348 [================>.............] - ETA: 1s
54688/92348 [================>.............] - ETA: 0s
56768/92348 [=================>............] - ETA: 0s
58752/92348 [==================>...........] - ETA: 0s
60896/92348 [==================>...........] - ETA: 0s
63008/92348 [===================>..........] - ETA: 0s
65056/92348 [====================>.........] - ETA: 0s
67200/92348 [====================>.........] - ETA: 0s
69408/92348 [=====================>........] - ETA: 0s
71488/92348 [======================>.......] - ETA: 0s
73440/92348 [======================>.......] - ETA: 0s
75392/92348 [=======================>......] - ETA: 0s
77504/92348 [========================>.....] - ETA: 0s
79680/92348 [========================>.....] - ETA: 0s
81408/92348 [=========================>....] - ETA: 0s
82976/92348 [=========================>....] - ETA: 0s
85216/92348 [==========================>...] - ETA: 0s
87168/92348 [===========================>..] - ETA: 0s
89248/92348 [===========================>..] - ETA: 0s
91296/92348 [============================>.] - ETA: 0s
92348/92348 [==============================] - 2s 26us/step
===  sequential.py
	Select events/samples which have an output variable Y (last column) equal to 1 (i.e. prediction is combatible with signal)
	Select events/samples which have an output variable Y (last column) equal to 0 (i.e. prediction is NOT combatible with signal)

   32/46194 [..............................] - ETA: 2s
 2400/46194 [>.............................] - ETA: 0s
 4960/46194 [==>...........................] - ETA: 0s
 7488/46194 [===>..........................] - ETA: 0s
10048/46194 [=====>........................] - ETA: 0s
12544/46194 [=======>......................] - ETA: 0s
15200/46194 [========>.....................] - ETA: 0s
17760/46194 [==========>...................] - ETA: 0s
20096/46194 [============>.................] - ETA: 0s
22624/46194 [=============>................] - ETA: 0s
25184/46194 [===============>..............] - ETA: 0s
27648/46194 [================>.............] - ETA: 0s
30272/46194 [==================>...........] - ETA: 0s
32704/46194 [====================>.........] - ETA: 0s
35040/46194 [=====================>........] - ETA: 0s
37440/46194 [=======================>......] - ETA: 0s
39712/46194 [========================>.....] - ETA: 0s
42048/46194 [==========================>...] - ETA: 0s
44512/46194 [===========================>..] - ETA: 0s
46194/46194 [==============================] - 1s 20us/step

   32/46154 [..............................] - ETA: 1s
 2528/46154 [>.............................] - ETA: 0s
 4864/46154 [==>...........................] - ETA: 0s
 7296/46154 [===>..........................] - ETA: 0s
 9728/46154 [=====>........................] - ETA: 0s
12160/46154 [======>.......................] - ETA: 0s
14976/46154 [========>.....................] - ETA: 0s
17632/46154 [==========>...................] - ETA: 0s
20352/46154 [============>.................] - ETA: 0s
23040/46154 [=============>................] - ETA: 0s
25760/46154 [===============>..............] - ETA: 0s
28480/46154 [=================>............] - ETA: 0s
31136/46154 [===================>..........] - ETA: 0s
33632/46154 [====================>.........] - ETA: 0s
36192/46154 [======================>.......] - ETA: 0s
38944/46154 [========================>.....] - ETA: 0s
41792/46154 [==========================>...] - ETA: 0s
44544/46154 [===========================>..] - ETA: 0s
46154/46154 [==============================] - 1s 19us/step

   32/46154 [..............................] - ETA: 1s
 2176/46154 [>.............................] - ETA: 1s
 5056/46154 [==>...........................] - ETA: 0s
 7872/46154 [====>.........................] - ETA: 0s
10560/46154 [=====>........................] - ETA: 0s
13376/46154 [=======>......................] - ETA: 0s
16160/46154 [=========>....................] - ETA: 0s
18976/46154 [===========>..................] - ETA: 0s
21664/46154 [=============>................] - ETA: 0s
24512/46154 [==============>...............] - ETA: 0s
27200/46154 [================>.............] - ETA: 0s
29792/46154 [==================>...........] - ETA: 0s
32320/46154 [====================>.........] - ETA: 0s
34976/46154 [=====================>........] - ETA: 0s
37792/46154 [=======================>......] - ETA: 0s
40576/46154 [=========================>....] - ETA: 0s
43264/46154 [===========================>..] - ETA: 0s
45984/46154 [============================>.] - ETA: 0s
46154/46154 [==============================] - 1s 19us/step

   32/46194 [..............................] - ETA: 1s
 2880/46194 [>.............................] - ETA: 0s
 5696/46194 [==>...........................] - ETA: 0s
 8512/46194 [====>.........................] - ETA: 0s
11296/46194 [======>.......................] - ETA: 0s
14144/46194 [========>.....................] - ETA: 0s
16896/46194 [=========>....................] - ETA: 0s
19616/46194 [===========>..................] - ETA: 0s
22496/46194 [=============>................] - ETA: 0s
25248/46194 [===============>..............] - ETA: 0s
28128/46194 [=================>............] - ETA: 0s
30976/46194 [===================>..........] - ETA: 0s
33728/46194 [====================>.........] - ETA: 0s
36512/46194 [======================>.......] - ETA: 0s
39136/46194 [========================>.....] - ETA: 0s
41984/46194 [==========================>...] - ETA: 0s
44832/46194 [============================>.] - ETA: 0s
46194/46194 [==============================] - 1s 18us/step
