===  sequential.py
	Log file [0;33mKeras_5Layers_128relu_64relu_32relu_16relu_1sigmoid_100000Epochs_100BatchSize_05-Nov-2019_13h45m.log[0;0m created
	==================================
	 Layer #    Neurons     Activation
	==================================
	    1         128             relu
	    2          64             relu
	    3          32             relu
	    4          16             relu
	    5          1           sigmoid
	
===  sequential.py
	Using Keras [92m2.2.4[0;0m (hostname = [0;33mlxplus720.cern.ch[0;0m)
===  sequential.py
	Opening the signal and background TTrees with uproot using ROOT file [0;35mhistograms-TT_19var.root[0;0m
===  sequential.py
	Constucting dataframes for signal and background with 19 input variables:
	[92mTrijetPtDR
	TrijetDijetPtDR
	TrijetBjetMass
	TrijetLdgJetBDisc
	TrijetSubldgJetBDisc
	TrijetBJetLdgJetMass
	TrijetBJetSubldgJetMass
	TrijetMass
	TrijetDijetMass
	TrijetBJetBDisc
	TrijetSoftDrop_n2
	TrijetLdgJetCvsL
	TrijetSubldgJetCvsL
	TrijetLdgJetPtD
	TrijetSubldgJetPtD
	TrijetLdgJetAxis2
	TrijetSubldgJetAxis2
	TrijetLdgJetMult
	TrijetSubldgJetMult[0;0m
===  sequential.py
	Constructing pandas DataFrames for signal and background
===  sequential.py
	Creating the sequential model
	Adding [0;35m1 layer# (input Layer)[0;0m, with [0;33m128 neurons[0;0m and activation function [0;33mrelu[0;0m
	Adding [0;35m2 layer# (hidden layer)[0;0m, with [0;33m64 neurons[0;0m and activation function [0;33mrelu[0;0m
	Adding [0;35m3 layer# (hidden layer)[0;0m, with [0;33m32 neurons[0;0m and activation function [0;33mrelu[0;0m
	Adding [0;35m4 layer# (hidden layer)[0;0m, with [0;33m16 neurons[0;0m and activation function [0;33mrelu[0;0m
	Adding [0;35m5 layer# (output Layer)[0;0m, with [0;33m1 neurons[0;0m and activation function [0;33msigmoid[0;0m
===  sequential.py
	Printing model summary:
_________________________________________________________________
Layer (type)                 Output Shape              Param #   
=================================================================
dense_1 (Dense)              (None, 128)               2560      
_________________________________________________________________
dense_2 (Dense)              (None, 64)                8256      
_________________________________________________________________
dense_3 (Dense)              (None, 32)                2080      
_________________________________________________________________
dense_4 (Dense)              (None, 16)                528       
_________________________________________________________________
dense_5 (Dense)              (None, 1)                 17        
=================================================================
Total params: 13,441
Trainable params: 13,441
Non-trainable params: 0
_________________________________________________________________
===  sequential.py
	Signal dataset has [92m92348[0;0m rows. Background dataset has [1;31m92348[0;0m rows
===  sequential.py
	Compiling the model with the loss function [0;33mbinary_crossentropy[0;0m and optimizer [0;33madam[0;0m 
===  sequential.py
	Generating output predictions for the input samples

   32/92348 [..............................] - ETA: 4:12
  480/92348 [..............................] - ETA: 27s 
 1216/92348 [..............................] - ETA: 14s
 1984/92348 [..............................] - ETA: 11s
 2944/92348 [..............................] - ETA: 9s 
 4032/92348 [>.............................] - ETA: 7s
 5056/92348 [>.............................] - ETA: 6s
 6592/92348 [=>............................] - ETA: 5s
 7264/92348 [=>............................] - ETA: 5s
 8704/92348 [=>............................] - ETA: 5s
10080/92348 [==>...........................] - ETA: 4s
11168/92348 [==>...........................] - ETA: 4s
12512/92348 [===>..........................] - ETA: 4s
13216/92348 [===>..........................] - ETA: 4s
13760/92348 [===>..........................] - ETA: 4s
14336/92348 [===>..........................] - ETA: 4s
15296/92348 [===>..........................] - ETA: 4s
16096/92348 [====>.........................] - ETA: 4s
16928/92348 [====>.........................] - ETA: 4s
17440/92348 [====>.........................] - ETA: 4s
17824/92348 [====>.........................] - ETA: 4s
18816/92348 [=====>........................] - ETA: 4s
20096/92348 [=====>........................] - ETA: 4s
21408/92348 [=====>........................] - ETA: 4s
22944/92348 [======>.......................] - ETA: 4s
24352/92348 [======>.......................] - ETA: 3s
25696/92348 [=======>......................] - ETA: 3s
26784/92348 [=======>......................] - ETA: 3s
28064/92348 [========>.....................] - ETA: 3s
29216/92348 [========>.....................] - ETA: 3s
30752/92348 [========>.....................] - ETA: 3s
31968/92348 [=========>....................] - ETA: 3s
33120/92348 [=========>....................] - ETA: 3s
34304/92348 [==========>...................] - ETA: 3s
35520/92348 [==========>...................] - ETA: 2s
36288/92348 [==========>...................] - ETA: 2s
37376/92348 [===========>..................] - ETA: 2s
38080/92348 [===========>..................] - ETA: 2s
38944/92348 [===========>..................] - ETA: 2s
40352/92348 [============>.................] - ETA: 2s
41184/92348 [============>.................] - ETA: 2s
42048/92348 [============>.................] - ETA: 2s
42720/92348 [============>.................] - ETA: 2s
43648/92348 [=============>................] - ETA: 2s
45248/92348 [=============>................] - ETA: 2s
46752/92348 [==============>...............] - ETA: 2s
48224/92348 [==============>...............] - ETA: 2s
49824/92348 [===============>..............] - ETA: 2s
51360/92348 [===============>..............] - ETA: 2s
52960/92348 [================>.............] - ETA: 1s
54144/92348 [================>.............] - ETA: 1s
55296/92348 [================>.............] - ETA: 1s
56736/92348 [=================>............] - ETA: 1s
58240/92348 [=================>............] - ETA: 1s
59904/92348 [==================>...........] - ETA: 1s
61568/92348 [===================>..........] - ETA: 1s
63200/92348 [===================>..........] - ETA: 1s
64864/92348 [====================>.........] - ETA: 1s
66528/92348 [====================>.........] - ETA: 1s
68192/92348 [=====================>........] - ETA: 1s
69856/92348 [=====================>........] - ETA: 1s
71520/92348 [======================>.......] - ETA: 0s
73184/92348 [======================>.......] - ETA: 0s
74880/92348 [=======================>......] - ETA: 0s
76288/92348 [=======================>......] - ETA: 0s
77952/92348 [========================>.....] - ETA: 0s
78240/92348 [========================>.....] - ETA: 0s
79424/92348 [========================>.....] - ETA: 0s
80448/92348 [=========================>....] - ETA: 0s
81792/92348 [=========================>....] - ETA: 0s
82432/92348 [=========================>....] - ETA: 0s
83456/92348 [==========================>...] - ETA: 0s
84512/92348 [==========================>...] - ETA: 0s
85824/92348 [==========================>...] - ETA: 0s
87168/92348 [===========================>..] - ETA: 0s
88704/92348 [===========================>..] - ETA: 0s
90240/92348 [============================>.] - ETA: 0s
91872/92348 [============================>.] - ETA: 0s
92348/92348 [==============================] - 4s 44us/step

   32/92348 [..............................] - ETA: 8s
 1216/92348 [..............................] - ETA: 3s
 2752/92348 [..............................] - ETA: 3s
 3936/92348 [>.............................] - ETA: 3s
 4576/92348 [>.............................] - ETA: 3s
 5600/92348 [>.............................] - ETA: 4s
 6752/92348 [=>............................] - ETA: 3s
 7968/92348 [=>............................] - ETA: 3s
 8640/92348 [=>............................] - ETA: 4s
 9408/92348 [==>...........................] - ETA: 4s
10080/92348 [==>...........................] - ETA: 4s
11392/92348 [==>...........................] - ETA: 4s
11680/92348 [==>...........................] - ETA: 4s
12064/92348 [==>...........................] - ETA: 4s
12736/92348 [===>..........................] - ETA: 4s
13696/92348 [===>..........................] - ETA: 4s
14336/92348 [===>..........................] - ETA: 4s
15520/92348 [====>.........................] - ETA: 4s
16352/92348 [====>.........................] - ETA: 4s
16768/92348 [====>.........................] - ETA: 4s
17056/92348 [====>.........................] - ETA: 4s
17952/92348 [====>.........................] - ETA: 4s
19008/92348 [=====>........................] - ETA: 4s
19776/92348 [=====>........................] - ETA: 4s
20864/92348 [=====>........................] - ETA: 4s
21728/92348 [======>.......................] - ETA: 4s
22912/92348 [======>.......................] - ETA: 4s
23488/92348 [======>.......................] - ETA: 4s
24512/92348 [======>.......................] - ETA: 4s
25312/92348 [=======>......................] - ETA: 4s
26304/92348 [=======>......................] - ETA: 3s
27424/92348 [=======>......................] - ETA: 3s
28640/92348 [========>.....................] - ETA: 3s
29536/92348 [========>.....................] - ETA: 3s
30272/92348 [========>.....................] - ETA: 3s
30976/92348 [=========>....................] - ETA: 3s
31840/92348 [=========>....................] - ETA: 3s
32800/92348 [=========>....................] - ETA: 3s
33760/92348 [=========>....................] - ETA: 3s
34496/92348 [==========>...................] - ETA: 3s
35296/92348 [==========>...................] - ETA: 3s
36416/92348 [==========>...................] - ETA: 3s
37472/92348 [===========>..................] - ETA: 3s
38592/92348 [===========>..................] - ETA: 3s
39360/92348 [===========>..................] - ETA: 3s
40928/92348 [============>.................] - ETA: 2s
42464/92348 [============>.................] - ETA: 2s
43680/92348 [=============>................] - ETA: 2s
44160/92348 [=============>................] - ETA: 2s
44864/92348 [=============>................] - ETA: 2s
45568/92348 [=============>................] - ETA: 2s
46912/92348 [==============>...............] - ETA: 2s
47584/92348 [==============>...............] - ETA: 2s
48448/92348 [==============>...............] - ETA: 2s
49152/92348 [==============>...............] - ETA: 2s
50496/92348 [===============>..............] - ETA: 2s
51264/92348 [===============>..............] - ETA: 2s
51968/92348 [===============>..............] - ETA: 2s
52640/92348 [================>.............] - ETA: 2s
53184/92348 [================>.............] - ETA: 2s
54304/92348 [================>.............] - ETA: 2s
55520/92348 [=================>............] - ETA: 2s
56736/92348 [=================>............] - ETA: 2s
57952/92348 [=================>............] - ETA: 1s
59264/92348 [==================>...........] - ETA: 1s
60512/92348 [==================>...........] - ETA: 1s
62016/92348 [===================>..........] - ETA: 1s
63488/92348 [===================>..........] - ETA: 1s
64992/92348 [====================>.........] - ETA: 1s
66400/92348 [====================>.........] - ETA: 1s
67744/92348 [=====================>........] - ETA: 1s
69216/92348 [=====================>........] - ETA: 1s
70528/92348 [=====================>........] - ETA: 1s
72000/92348 [======================>.......] - ETA: 1s
72768/92348 [======================>.......] - ETA: 1s
73280/92348 [======================>.......] - ETA: 1s
73728/92348 [======================>.......] - ETA: 0s
74336/92348 [=======================>......] - ETA: 0s
74912/92348 [=======================>......] - ETA: 0s
75520/92348 [=======================>......] - ETA: 0s
76000/92348 [=======================>......] - ETA: 0s
76544/92348 [=======================>......] - ETA: 0s
77184/92348 [========================>.....] - ETA: 0s
77824/92348 [========================>.....] - ETA: 0s
79008/92348 [========================>.....] - ETA: 0s
80480/92348 [=========================>....] - ETA: 0s
81856/92348 [=========================>....] - ETA: 0s
83264/92348 [==========================>...] - ETA: 0s
84576/92348 [==========================>...] - ETA: 0s
85952/92348 [==========================>...] - ETA: 0s
87264/92348 [===========================>..] - ETA: 0s
88352/92348 [===========================>..] - ETA: 0s
89344/92348 [============================>.] - ETA: 0s
90592/92348 [============================>.] - ETA: 0s
91712/92348 [============================>.] - ETA: 0s
92348/92348 [==============================] - 5s 53us/step

   32/92348 [..............................] - ETA: 1:15
  704/92348 [..............................] - ETA: 12s 
 1024/92348 [..............................] - ETA: 12s
 1664/92348 [..............................] - ETA: 10s
 2336/92348 [..............................] - ETA: 9s 
 2816/92348 [..............................] - ETA: 9s
 3840/92348 [>.............................] - ETA: 8s
 4416/92348 [>.............................] - ETA: 8s
 5184/92348 [>.............................] - ETA: 7s
 6144/92348 [>.............................] - ETA: 7s
 6496/92348 [=>............................] - ETA: 7s
 7104/92348 [=>............................] - ETA: 7s
 7648/92348 [=>............................] - ETA: 7s
 8032/92348 [=>............................] - ETA: 7s
 8544/92348 [=>............................] - ETA: 7s
 8992/92348 [=>............................] - ETA: 7s
 9312/92348 [==>...........................] - ETA: 7s
 9664/92348 [==>...........................] - ETA: 7s
 9984/92348 [==>...........................] - ETA: 8s
10496/92348 [==>...........................] - ETA: 8s
10880/92348 [==>...........................] - ETA: 8s
11072/92348 [==>...........................] - ETA: 8s
11648/92348 [==>...........................] - ETA: 8s
11968/92348 [==>...........................] - ETA: 8s
12672/92348 [===>..........................] - ETA: 8s
13344/92348 [===>..........................] - ETA: 7s
14176/92348 [===>..........................] - ETA: 7s
14880/92348 [===>..........................] - ETA: 7s
15392/92348 [====>.........................] - ETA: 7s
15936/92348 [====>.........................] - ETA: 7s
16256/92348 [====>.........................] - ETA: 7s
16608/92348 [====>.........................] - ETA: 7s
17504/92348 [====>.........................] - ETA: 7s
18464/92348 [====>.........................] - ETA: 7s
18880/92348 [=====>........................] - ETA: 7s
19456/92348 [=====>........................] - ETA: 7s
19904/92348 [=====>........................] - ETA: 7s
20768/92348 [=====>........................] - ETA: 6s
21344/92348 [=====>........................] - ETA: 6s
21760/92348 [======>.......................] - ETA: 6s
22048/92348 [======>.......................] - ETA: 6s
22272/92348 [======>.......................] - ETA: 7s
22528/92348 [======>.......................] - ETA: 7s
22912/92348 [======>.......................] - ETA: 7s
23392/92348 [======>.......................] - ETA: 7s
24256/92348 [======>.......................] - ETA: 6s
24832/92348 [=======>......................] - ETA: 6s
25120/92348 [=======>......................] - ETA: 6s
25472/92348 [=======>......................] - ETA: 6s
25984/92348 [=======>......................] - ETA: 6s
26688/92348 [=======>......................] - ETA: 6s
27552/92348 [=======>......................] - ETA: 6s
28544/92348 [========>.....................] - ETA: 6s
29088/92348 [========>.....................] - ETA: 6s
29440/92348 [========>.....................] - ETA: 6s
29632/92348 [========>.....................] - ETA: 6s
29952/92348 [========>.....................] - ETA: 6s
30336/92348 [========>.....................] - ETA: 6s
30848/92348 [=========>....................] - ETA: 6s
31104/92348 [=========>....................] - ETA: 6s
31296/92348 [=========>....................] - ETA: 6s
31616/92348 [=========>....................] - ETA: 6s
32096/92348 [=========>....................] - ETA: 6s
32480/92348 [=========>....................] - ETA: 6s
33376/92348 [=========>....................] - ETA: 6s
34016/92348 [==========>...................] - ETA: 6s
34272/92348 [==========>...................] - ETA: 6s
34688/92348 [==========>...................] - ETA: 6s
35584/92348 [==========>...................] - ETA: 5s
35840/92348 [==========>...................] - ETA: 5s
36416/92348 [==========>...................] - ETA: 5s
36928/92348 [==========>...................] - ETA: 5s
37440/92348 [===========>..................] - ETA: 5s
37856/92348 [===========>..................] - ETA: 5s
38144/92348 [===========>..................] - ETA: 5s
38528/92348 [===========>..................] - ETA: 5s
38944/92348 [===========>..................] - ETA: 5s
39520/92348 [===========>..................] - ETA: 5s
40480/92348 [============>.................] - ETA: 5s
41280/92348 [============>.................] - ETA: 5s
42208/92348 [============>.................] - ETA: 5s
42720/92348 [============>.................] - ETA: 5s
43168/92348 [=============>................] - ETA: 5s
43584/92348 [=============>................] - ETA: 5s
44160/92348 [=============>................] - ETA: 4s
44640/92348 [=============>................] - ETA: 4s
45504/92348 [=============>................] - ETA: 4s
46016/92348 [=============>................] - ETA: 4s
46656/92348 [==============>...............] - ETA: 4s
47264/92348 [==============>...............] - ETA: 4s
47680/92348 [==============>...............] - ETA: 4s
47872/92348 [==============>...............] - ETA: 4s
48224/92348 [==============>...............] - ETA: 4s
48704/92348 [==============>...............] - ETA: 4s
49120/92348 [==============>...............] - ETA: 4s
49344/92348 [===============>..............] - ETA: 4s
49408/92348 [===============>..............] - ETA: 4s
50176/92348 [===============>..............] - ETA: 4s
50432/92348 [===============>..............] - ETA: 4s
50976/92348 [===============>..............] - ETA: 4s
51328/92348 [===============>..............] - ETA: 4s
51776/92348 [===============>..............] - ETA: 4s
52288/92348 [===============>..............] - ETA: 4s
53120/92348 [================>.............] - ETA: 4s
53568/92348 [================>.............] - ETA: 4s
53728/92348 [================>.............] - ETA: 4s
53920/92348 [================>.............] - ETA: 4s
54464/92348 [================>.............] - ETA: 4s
54624/92348 [================>.............] - ETA: 4s
54944/92348 [================>.............] - ETA: 4s
55552/92348 [=================>............] - ETA: 3s
56192/92348 [=================>............] - ETA: 3s
56640/92348 [=================>............] - ETA: 3s
57152/92348 [=================>............] - ETA: 3s
57664/92348 [=================>............] - ETA: 3s
58496/92348 [==================>...........] - ETA: 3s
58848/92348 [==================>...........] - ETA: 3s
59168/92348 [==================>...........] - ETA: 3s
59584/92348 [==================>...........] - ETA: 3s
60224/92348 [==================>...........] - ETA: 3s
60928/92348 [==================>...........] - ETA: 3s
61760/92348 [===================>..........] - ETA: 3s
62240/92348 [===================>..........] - ETA: 3s
62720/92348 [===================>..........] - ETA: 3s
63392/92348 [===================>..........] - ETA: 3s
63904/92348 [===================>..........] - ETA: 2s
64192/92348 [===================>..........] - ETA: 2s
64832/92348 [====================>.........] - ETA: 2s
65376/92348 [====================>.........] - ETA: 2s
65792/92348 [====================>.........] - ETA: 2s
66112/92348 [====================>.........] - ETA: 2s
66432/92348 [====================>.........] - ETA: 2s
67328/92348 [====================>.........] - ETA: 2s
67968/92348 [=====================>........] - ETA: 2s
68448/92348 [=====================>........] - ETA: 2s
68960/92348 [=====================>........] - ETA: 2s
69216/92348 [=====================>........] - ETA: 2s
69472/92348 [=====================>........] - ETA: 2s
69984/92348 [=====================>........] - ETA: 2s
70560/92348 [=====================>........] - ETA: 2s
70784/92348 [=====================>........] - ETA: 2s
71104/92348 [======================>.......] - ETA: 2s
71360/92348 [======================>.......] - ETA: 2s
71936/92348 [======================>.......] - ETA: 2s
72480/92348 [======================>.......] - ETA: 2s
72960/92348 [======================>.......] - ETA: 2s
73280/92348 [======================>.......] - ETA: 2s
73600/92348 [======================>.......] - ETA: 2s
74144/92348 [=======================>......] - ETA: 1s
74432/92348 [=======================>......] - ETA: 1s
74784/92348 [=======================>......] - ETA: 1s
75136/92348 [=======================>......] - ETA: 1s
75584/92348 [=======================>......] - ETA: 1s
76288/92348 [=======================>......] - ETA: 1s
76672/92348 [=======================>......] - ETA: 1s
77120/92348 [========================>.....] - ETA: 1s
77440/92348 [========================>.....] - ETA: 1s
78080/92348 [========================>.....] - ETA: 1s
78816/92348 [========================>.....] - ETA: 1s
79456/92348 [========================>.....] - ETA: 1s
79680/92348 [========================>.....] - ETA: 1s
80256/92348 [=========================>....] - ETA: 1s
80608/92348 [=========================>....] - ETA: 1s
81152/92348 [=========================>....] - ETA: 1s
81376/92348 [=========================>....] - ETA: 1s
81888/92348 [=========================>....] - ETA: 1s
82528/92348 [=========================>....] - ETA: 1s
83328/92348 [==========================>...] - ETA: 0s
84032/92348 [==========================>...] - ETA: 0s
84416/92348 [==========================>...] - ETA: 0s
84640/92348 [==========================>...] - ETA: 0s
85056/92348 [==========================>...] - ETA: 0s
85312/92348 [==========================>...] - ETA: 0s
85664/92348 [==========================>...] - ETA: 0s
86240/92348 [===========================>..] - ETA: 0s
86368/92348 [===========================>..] - ETA: 0s
86784/92348 [===========================>..] - ETA: 0s
87104/92348 [===========================>..] - ETA: 0s
87552/92348 [===========================>..] - ETA: 0s
87872/92348 [===========================>..] - ETA: 0s
88128/92348 [===========================>..] - ETA: 0s
88544/92348 [===========================>..] - ETA: 0s
89056/92348 [===========================>..] - ETA: 0s
89376/92348 [============================>.] - ETA: 0s
89632/92348 [============================>.] - ETA: 0s
90176/92348 [============================>.] - ETA: 0s
90688/92348 [============================>.] - ETA: 0s
90912/92348 [============================>.] - ETA: 0s
91104/92348 [============================>.] - ETA: 0s
92000/92348 [============================>.] - ETA: 0s
92348/92348 [==============================] - 10s 110us/step

   32/92348 [..............................] - ETA: 17s
 1504/92348 [..............................] - ETA: 3s 
 2688/92348 [..............................] - ETA: 3s
 3360/92348 [>.............................] - ETA: 4s
 3840/92348 [>.............................] - ETA: 4s
 4544/92348 [>.............................] - ETA: 5s
 4992/92348 [>.............................] - ETA: 5s
 5376/92348 [>.............................] - ETA: 5s
 6144/92348 [>.............................] - ETA: 5s
 6656/92348 [=>............................] - ETA: 6s
 6880/92348 [=>............................] - ETA: 6s
 7424/92348 [=>............................] - ETA: 6s
 7936/92348 [=>............................] - ETA: 6s
 8384/92348 [=>............................] - ETA: 6s
 8960/92348 [=>............................] - ETA: 6s
10176/92348 [==>...........................] - ETA: 6s
10496/92348 [==>...........................] - ETA: 6s
11392/92348 [==>...........................] - ETA: 6s
12512/92348 [===>..........................] - ETA: 6s
13664/92348 [===>..........................] - ETA: 5s
14560/92348 [===>..........................] - ETA: 5s
15552/92348 [====>.........................] - ETA: 5s
16640/92348 [====>.........................] - ETA: 5s
17856/92348 [====>.........................] - ETA: 5s
18624/92348 [=====>........................] - ETA: 5s
19040/92348 [=====>........................] - ETA: 5s
19392/92348 [=====>........................] - ETA: 5s
19712/92348 [=====>........................] - ETA: 5s
20096/92348 [=====>........................] - ETA: 5s
21056/92348 [=====>........................] - ETA: 5s
21472/92348 [=====>........................] - ETA: 5s
22208/92348 [======>.......................] - ETA: 5s
22528/92348 [======>.......................] - ETA: 5s
22816/92348 [======>.......................] - ETA: 5s
23552/92348 [======>.......................] - ETA: 5s
24352/92348 [======>.......................] - ETA: 5s
24832/92348 [=======>......................] - ETA: 5s
25216/92348 [=======>......................] - ETA: 5s
25696/92348 [=======>......................] - ETA: 5s
26016/92348 [=======>......................] - ETA: 5s
26272/92348 [=======>......................] - ETA: 5s
26560/92348 [=======>......................] - ETA: 5s
27008/92348 [=======>......................] - ETA: 5s
27616/92348 [=======>......................] - ETA: 5s
28448/92348 [========>.....................] - ETA: 5s
29184/92348 [========>.....................] - ETA: 5s
30112/92348 [========>.....................] - ETA: 5s
30720/92348 [========>.....................] - ETA: 5s
31456/92348 [=========>....................] - ETA: 4s
32224/92348 [=========>....................] - ETA: 4s
33056/92348 [=========>....................] - ETA: 4s
34272/92348 [==========>...................] - ETA: 4s
34944/92348 [==========>...................] - ETA: 4s
35648/92348 [==========>...................] - ETA: 4s
36640/92348 [==========>...................] - ETA: 4s
37632/92348 [===========>..................] - ETA: 4s
38400/92348 [===========>..................] - ETA: 4s
38976/92348 [===========>..................] - ETA: 4s
39808/92348 [===========>..................] - ETA: 4s
40448/92348 [============>.................] - ETA: 4s
41248/92348 [============>.................] - ETA: 3s
41984/92348 [============>.................] - ETA: 3s
43136/92348 [=============>................] - ETA: 3s
43712/92348 [=============>................] - ETA: 3s
44032/92348 [=============>................] - ETA: 3s
44832/92348 [=============>................] - ETA: 3s
45568/92348 [=============>................] - ETA: 3s
46560/92348 [==============>...............] - ETA: 3s
47232/92348 [==============>...............] - ETA: 3s
47872/92348 [==============>...............] - ETA: 3s
48768/92348 [==============>...............] - ETA: 3s
49920/92348 [===============>..............] - ETA: 3s
50272/92348 [===============>..............] - ETA: 3s
50816/92348 [===============>..............] - ETA: 3s
51200/92348 [===============>..............] - ETA: 3s
51648/92348 [===============>..............] - ETA: 3s
52096/92348 [===============>..............] - ETA: 3s
52576/92348 [================>.............] - ETA: 3s
53120/92348 [================>.............] - ETA: 3s
53696/92348 [================>.............] - ETA: 3s
53920/92348 [================>.............] - ETA: 3s
54240/92348 [================>.............] - ETA: 3s
54496/92348 [================>.............] - ETA: 3s
54816/92348 [================>.............] - ETA: 3s
55168/92348 [================>.............] - ETA: 3s
55424/92348 [=================>............] - ETA: 3s
55936/92348 [=================>............] - ETA: 2s
56256/92348 [=================>............] - ETA: 2s
56480/92348 [=================>............] - ETA: 2s
56832/92348 [=================>............] - ETA: 2s
57248/92348 [=================>............] - ETA: 2s
57984/92348 [=================>............] - ETA: 2s
59008/92348 [==================>...........] - ETA: 2s
59712/92348 [==================>...........] - ETA: 2s
60096/92348 [==================>...........] - ETA: 2s
60608/92348 [==================>...........] - ETA: 2s
61184/92348 [==================>...........] - ETA: 2s
61888/92348 [===================>..........] - ETA: 2s
62336/92348 [===================>..........] - ETA: 2s
63072/92348 [===================>..........] - ETA: 2s
63616/92348 [===================>..........] - ETA: 2s
64800/92348 [====================>.........] - ETA: 2s
65792/92348 [====================>.........] - ETA: 2s
66560/92348 [====================>.........] - ETA: 2s
67584/92348 [====================>.........] - ETA: 2s
68448/92348 [=====================>........] - ETA: 1s
68832/92348 [=====================>........] - ETA: 1s
69216/92348 [=====================>........] - ETA: 1s
69440/92348 [=====================>........] - ETA: 1s
69824/92348 [=====================>........] - ETA: 1s
70656/92348 [=====================>........] - ETA: 1s
71424/92348 [======================>.......] - ETA: 1s
72512/92348 [======================>.......] - ETA: 1s
73056/92348 [======================>.......] - ETA: 1s
73600/92348 [======================>.......] - ETA: 1s
74496/92348 [=======================>......] - ETA: 1s
75264/92348 [=======================>......] - ETA: 1s
76160/92348 [=======================>......] - ETA: 1s
76896/92348 [=======================>......] - ETA: 1s
77696/92348 [========================>.....] - ETA: 1s
78592/92348 [========================>.....] - ETA: 1s
79104/92348 [========================>.....] - ETA: 1s
79616/92348 [========================>.....] - ETA: 1s
80416/92348 [=========================>....] - ETA: 0s
80896/92348 [=========================>....] - ETA: 0s
81376/92348 [=========================>....] - ETA: 0s
81664/92348 [=========================>....] - ETA: 0s
82016/92348 [=========================>....] - ETA: 0s
82848/92348 [=========================>....] - ETA: 0s
83200/92348 [==========================>...] - ETA: 0s
83584/92348 [==========================>...] - ETA: 0s
84096/92348 [==========================>...] - ETA: 0s
84640/92348 [==========================>...] - ETA: 0s
85632/92348 [==========================>...] - ETA: 0s
86144/92348 [==========================>...] - ETA: 0s
86912/92348 [===========================>..] - ETA: 0s
87808/92348 [===========================>..] - ETA: 0s
88288/92348 [===========================>..] - ETA: 0s
89088/92348 [===========================>..] - ETA: 0s
89472/92348 [============================>.] - ETA: 0s
90176/92348 [============================>.] - ETA: 0s
90592/92348 [============================>.] - ETA: 0s
91776/92348 [============================>.] - ETA: 0s
92348/92348 [==============================] - 8s 82us/step
===  sequential.py
	Select events/samples which have an output variable Y (last column) equal to 1 (i.e. prediction is combatible with signal)
	Select events/samples which have an output variable Y (last column) equal to 0 (i.e. prediction is NOT combatible with signal)

   32/46194 [..............................] - ETA: 3s
  352/46194 [..............................] - ETA: 6s
 1440/46194 [..............................] - ETA: 3s
 2016/46194 [>.............................] - ETA: 3s
 2432/46194 [>.............................] - ETA: 3s
 3552/46194 [=>............................] - ETA: 3s
 4800/46194 [==>...........................] - ETA: 2s
 5696/46194 [==>...........................] - ETA: 2s
 6432/46194 [===>..........................] - ETA: 2s
 6848/46194 [===>..........................] - ETA: 2s
 7936/46194 [====>.........................] - ETA: 2s
 9088/46194 [====>.........................] - ETA: 2s
 9856/46194 [=====>........................] - ETA: 2s
11232/46194 [======>.......................] - ETA: 2s
12448/46194 [=======>......................] - ETA: 1s
13216/46194 [=======>......................] - ETA: 1s
13664/46194 [=======>......................] - ETA: 1s
15232/46194 [========>.....................] - ETA: 1s
16288/46194 [=========>....................] - ETA: 1s
17280/46194 [==========>...................] - ETA: 1s
18336/46194 [==========>...................] - ETA: 1s
19680/46194 [===========>..................] - ETA: 1s
20576/46194 [============>.................] - ETA: 1s
21504/46194 [============>.................] - ETA: 1s
23104/46194 [==============>...............] - ETA: 1s
24096/46194 [==============>...............] - ETA: 1s
25152/46194 [===============>..............] - ETA: 1s
25952/46194 [===============>..............] - ETA: 1s
26464/46194 [================>.............] - ETA: 1s
26816/46194 [================>.............] - ETA: 1s
27168/46194 [================>.............] - ETA: 1s
27392/46194 [================>.............] - ETA: 1s
27968/46194 [=================>............] - ETA: 1s
28608/46194 [=================>............] - ETA: 1s
29472/46194 [==================>...........] - ETA: 1s
30272/46194 [==================>...........] - ETA: 0s
31808/46194 [===================>..........] - ETA: 0s
33280/46194 [====================>.........] - ETA: 0s
34144/46194 [=====================>........] - ETA: 0s
34560/46194 [=====================>........] - ETA: 0s
35200/46194 [=====================>........] - ETA: 0s
35808/46194 [======================>.......] - ETA: 0s
36896/46194 [======================>.......] - ETA: 0s
37664/46194 [=======================>......] - ETA: 0s
38752/46194 [========================>.....] - ETA: 0s
39776/46194 [========================>.....] - ETA: 0s
40352/46194 [=========================>....] - ETA: 0s
40736/46194 [=========================>....] - ETA: 0s
40896/46194 [=========================>....] - ETA: 0s
41344/46194 [=========================>....] - ETA: 0s
42144/46194 [==========================>...] - ETA: 0s
43008/46194 [==========================>...] - ETA: 0s
43584/46194 [===========================>..] - ETA: 0s
44384/46194 [===========================>..] - ETA: 0s
45696/46194 [============================>.] - ETA: 0s
46194/46194 [==============================] - 3s 61us/step

   32/46154 [..............................] - ETA: 2s
 1312/46154 [..............................] - ETA: 1s
 2784/46154 [>.............................] - ETA: 1s
 4288/46154 [=>............................] - ETA: 1s
 5472/46154 [==>...........................] - ETA: 1s
 6784/46154 [===>..........................] - ETA: 1s
 7648/46154 [===>..........................] - ETA: 1s
 8864/46154 [====>.........................] - ETA: 1s
 9888/46154 [=====>........................] - ETA: 1s
10560/46154 [=====>........................] - ETA: 1s
10912/46154 [======>.......................] - ETA: 1s
11520/46154 [======>.......................] - ETA: 1s
12896/46154 [=======>......................] - ETA: 1s
14272/46154 [========>.....................] - ETA: 1s
15744/46154 [=========>....................] - ETA: 1s
17184/46154 [==========>...................] - ETA: 1s
18112/46154 [==========>...................] - ETA: 1s
19328/46154 [===========>..................] - ETA: 1s
20256/46154 [============>.................] - ETA: 1s
21248/46154 [============>.................] - ETA: 1s
22496/46154 [=============>................] - ETA: 1s
23680/46154 [==============>...............] - ETA: 1s
24416/46154 [==============>...............] - ETA: 1s
25152/46154 [===============>..............] - ETA: 0s
25792/46154 [===============>..............] - ETA: 0s
26688/46154 [================>.............] - ETA: 0s
28000/46154 [=================>............] - ETA: 0s
29632/46154 [==================>...........] - ETA: 0s
31264/46154 [===================>..........] - ETA: 0s
31968/46154 [===================>..........] - ETA: 0s
32800/46154 [====================>.........] - ETA: 0s
33536/46154 [====================>.........] - ETA: 0s
34304/46154 [=====================>........] - ETA: 0s
34816/46154 [=====================>........] - ETA: 0s
35840/46154 [======================>.......] - ETA: 0s
37472/46154 [=======================>......] - ETA: 0s
39136/46154 [========================>.....] - ETA: 0s
40800/46154 [=========================>....] - ETA: 0s
42496/46154 [==========================>...] - ETA: 0s
44160/46154 [===========================>..] - ETA: 0s
45824/46154 [============================>.] - ETA: 0s
46154/46154 [==============================] - 2s 45us/step

   32/46154 [..............................] - ETA: 2s
 1504/46154 [..............................] - ETA: 1s
 2208/46154 [>.............................] - ETA: 2s
 3040/46154 [>.............................] - ETA: 2s
 3648/46154 [=>............................] - ETA: 2s
 4032/46154 [=>............................] - ETA: 2s
 4544/46154 [=>............................] - ETA: 2s
 5024/46154 [==>...........................] - ETA: 3s
 6528/46154 [===>..........................] - ETA: 2s
 8128/46154 [====>.........................] - ETA: 2s
 9696/46154 [=====>........................] - ETA: 1s
10272/46154 [=====>........................] - ETA: 2s
10976/46154 [======>.......................] - ETA: 2s
11904/46154 [======>.......................] - ETA: 1s
12800/46154 [=======>......................] - ETA: 1s
13568/46154 [=======>......................] - ETA: 1s
14688/46154 [========>.....................] - ETA: 1s
15584/46154 [=========>....................] - ETA: 1s
16384/46154 [=========>....................] - ETA: 1s
17504/46154 [==========>...................] - ETA: 1s
17984/46154 [==========>...................] - ETA: 1s
18368/46154 [==========>...................] - ETA: 1s
18784/46154 [===========>..................] - ETA: 1s
19488/46154 [===========>..................] - ETA: 1s
19936/46154 [===========>..................] - ETA: 1s
20608/46154 [============>.................] - ETA: 1s
21760/46154 [=============>................] - ETA: 1s
23392/46154 [==============>...............] - ETA: 1s
24160/46154 [==============>...............] - ETA: 1s
25280/46154 [===============>..............] - ETA: 1s
26880/46154 [================>.............] - ETA: 1s
28192/46154 [=================>............] - ETA: 1s
29664/46154 [==================>...........] - ETA: 0s
31296/46154 [===================>..........] - ETA: 0s
32448/46154 [====================>.........] - ETA: 0s
32960/46154 [====================>.........] - ETA: 0s
33696/46154 [====================>.........] - ETA: 0s
34528/46154 [=====================>........] - ETA: 0s
35168/46154 [=====================>........] - ETA: 0s
35616/46154 [======================>.......] - ETA: 0s
35872/46154 [======================>.......] - ETA: 0s
36544/46154 [======================>.......] - ETA: 0s
37792/46154 [=======================>......] - ETA: 0s
39200/46154 [========================>.....] - ETA: 0s
40576/46154 [=========================>....] - ETA: 0s
41024/46154 [=========================>....] - ETA: 0s
41696/46154 [==========================>...] - ETA: 0s
42336/46154 [==========================>...] - ETA: 0s
43168/46154 [===========================>..] - ETA: 0s
44352/46154 [===========================>..] - ETA: 0s
45504/46154 [============================>.] - ETA: 0s
46154/46154 [==============================] - 3s 57us/step

   32/46194 [..............................] - ETA: 3s
 1472/46194 [..............................] - ETA: 1s
 2432/46194 [>.............................] - ETA: 1s
 3488/46194 [=>............................] - ETA: 1s
 4416/46194 [=>............................] - ETA: 1s
 4800/46194 [==>...........................] - ETA: 2s
 5376/46194 [==>...........................] - ETA: 2s
 5696/46194 [==>...........................] - ETA: 2s
 5792/46194 [==>...........................] - ETA: 2s
 6432/46194 [===>..........................] - ETA: 2s
 7328/46194 [===>..........................] - ETA: 2s
 7648/46194 [===>..........................] - ETA: 2s
 8192/46194 [====>.........................] - ETA: 3s
 8512/46194 [====>.........................] - ETA: 3s
 9056/46194 [====>.........................] - ETA: 3s
 9312/46194 [=====>........................] - ETA: 3s
10112/46194 [=====>........................] - ETA: 3s
10528/46194 [=====>........................] - ETA: 3s
10656/46194 [=====>........................] - ETA: 3s
11360/46194 [======>.......................] - ETA: 3s
12320/46194 [=======>......................] - ETA: 2s
12896/46194 [=======>......................] - ETA: 2s
13632/46194 [=======>......................] - ETA: 2s
14336/46194 [========>.....................] - ETA: 2s
14720/46194 [========>.....................] - ETA: 2s
15680/46194 [=========>....................] - ETA: 2s
16320/46194 [=========>....................] - ETA: 2s
16864/46194 [=========>....................] - ETA: 2s
17248/46194 [==========>...................] - ETA: 2s
17472/46194 [==========>...................] - ETA: 2s
17760/46194 [==========>...................] - ETA: 2s
18048/46194 [==========>...................] - ETA: 2s
18368/46194 [==========>...................] - ETA: 2s
18880/46194 [===========>..................] - ETA: 2s
19424/46194 [===========>..................] - ETA: 2s
19840/46194 [===========>..................] - ETA: 2s
20192/46194 [============>.................] - ETA: 2s
21216/46194 [============>.................] - ETA: 2s
22144/46194 [=============>................] - ETA: 2s
22432/46194 [=============>................] - ETA: 2s
23040/46194 [=============>................] - ETA: 2s
23264/46194 [==============>...............] - ETA: 2s
23808/46194 [==============>...............] - ETA: 2s
24000/46194 [==============>...............] - ETA: 2s
24992/46194 [===============>..............] - ETA: 2s
25728/46194 [===============>..............] - ETA: 1s
26464/46194 [================>.............] - ETA: 1s
27776/46194 [=================>............] - ETA: 1s
29184/46194 [=================>............] - ETA: 1s
29760/46194 [==================>...........] - ETA: 1s
30464/46194 [==================>...........] - ETA: 1s
31328/46194 [===================>..........] - ETA: 1s
31680/46194 [===================>..........] - ETA: 1s
32064/46194 [===================>..........] - ETA: 1s
32384/46194 [====================>.........] - ETA: 1s
32832/46194 [====================>.........] - ETA: 1s
33664/46194 [====================>.........] - ETA: 1s
34272/46194 [=====================>........] - ETA: 1s
35456/46194 [======================>.......] - ETA: 0s
36800/46194 [======================>.......] - ETA: 0s
37984/46194 [=======================>......] - ETA: 0s
39456/46194 [========================>.....] - ETA: 0s
40608/46194 [=========================>....] - ETA: 0s
41536/46194 [=========================>....] - ETA: 0s
41920/46194 [==========================>...] - ETA: 0s
42240/46194 [==========================>...] - ETA: 0s
42624/46194 [==========================>...] - ETA: 0s
43232/46194 [===========================>..] - ETA: 0s
43776/46194 [===========================>..] - ETA: 0s
44032/46194 [===========================>..] - ETA: 0s
44544/46194 [===========================>..] - ETA: 0s
45056/46194 [============================>.] - ETA: 0s
45408/46194 [============================>.] - ETA: 0s
46016/46194 [============================>.] - ETA: 0s
46194/46194 [==============================] - 4s 86us/step
