===  sequential.py
	Log file [0;33mKeras_6Layers_1024relu_512relu_256relu_128relu_64relu_1sigmoid_100000Epochs_100BatchSize_05-Nov-2019_13h45m.log[0;0m created
	==================================
	 Layer #    Neurons     Activation
	==================================
	    1         1024            relu
	    2         512             relu
	    3         256             relu
	    4         128             relu
	    5          64             relu
	    6          1           sigmoid
	
===  sequential.py
	Using Keras [92m2.2.4[0;0m (hostname = [0;33mlxplus720.cern.ch[0;0m)
===  sequential.py
	Opening the signal and background TTrees with uproot using ROOT file [0;35mhistograms-TT_19var.root[0;0m
===  sequential.py
	Constucting dataframes for signal and background with 19 input variables:
	[92mTrijetPtDR
	TrijetDijetPtDR
	TrijetBjetMass
	TrijetLdgJetBDisc
	TrijetSubldgJetBDisc
	TrijetBJetLdgJetMass
	TrijetBJetSubldgJetMass
	TrijetMass
	TrijetDijetMass
	TrijetBJetBDisc
	TrijetSoftDrop_n2
	TrijetLdgJetCvsL
	TrijetSubldgJetCvsL
	TrijetLdgJetPtD
	TrijetSubldgJetPtD
	TrijetLdgJetAxis2
	TrijetSubldgJetAxis2
	TrijetLdgJetMult
	TrijetSubldgJetMult[0;0m
===  sequential.py
	Constructing pandas DataFrames for signal and background
===  sequential.py
	Creating the sequential model
	Adding [0;35m1 layer# (input Layer)[0;0m, with [0;33m1024 neurons[0;0m and activation function [0;33mrelu[0;0m
	Adding [0;35m2 layer# (hidden layer)[0;0m, with [0;33m512 neurons[0;0m and activation function [0;33mrelu[0;0m
	Adding [0;35m3 layer# (hidden layer)[0;0m, with [0;33m256 neurons[0;0m and activation function [0;33mrelu[0;0m
	Adding [0;35m4 layer# (hidden layer)[0;0m, with [0;33m128 neurons[0;0m and activation function [0;33mrelu[0;0m
	Adding [0;35m5 layer# (hidden layer)[0;0m, with [0;33m64 neurons[0;0m and activation function [0;33mrelu[0;0m
	Adding [0;35m6 layer# (output Layer)[0;0m, with [0;33m1 neurons[0;0m and activation function [0;33msigmoid[0;0m
===  sequential.py
	Printing model summary:
_________________________________________________________________
Layer (type)                 Output Shape              Param #   
=================================================================
dense_1 (Dense)              (None, 1024)              20480     
_________________________________________________________________
dense_2 (Dense)              (None, 512)               524800    
_________________________________________________________________
dense_3 (Dense)              (None, 256)               131328    
_________________________________________________________________
dense_4 (Dense)              (None, 128)               32896     
_________________________________________________________________
dense_5 (Dense)              (None, 64)                8256      
_________________________________________________________________
dense_6 (Dense)              (None, 1)                 65        
=================================================================
Total params: 717,825
Trainable params: 717,825
Non-trainable params: 0
_________________________________________________________________
===  sequential.py
	Signal dataset has [92m92348[0;0m rows. Background dataset has [1;31m92348[0;0m rows
===  sequential.py
	Compiling the model with the loss function [0;33mbinary_crossentropy[0;0m and optimizer [0;33madam[0;0m 
===  sequential.py
	Generating output predictions for the input samples

   32/92348 [..............................] - ETA: 2:59
  320/92348 [..............................] - ETA: 32s 
  640/92348 [..............................] - ETA: 23s
  960/92348 [..............................] - ETA: 20s
 1344/92348 [..............................] - ETA: 18s
 1632/92348 [..............................] - ETA: 18s
 1984/92348 [..............................] - ETA: 17s
 2368/92348 [..............................] - ETA: 16s
 2752/92348 [..............................] - ETA: 16s
 3072/92348 [..............................] - ETA: 15s
 3328/92348 [>.............................] - ETA: 16s
 3648/92348 [>.............................] - ETA: 15s
 4000/92348 [>.............................] - ETA: 15s
 4192/92348 [>.............................] - ETA: 15s
 4416/92348 [>.............................] - ETA: 16s
 4768/92348 [>.............................] - ETA: 15s
 5088/92348 [>.............................] - ETA: 15s
 5472/92348 [>.............................] - ETA: 15s
 5920/92348 [>.............................] - ETA: 14s
 6176/92348 [=>............................] - ETA: 14s
 6464/92348 [=>............................] - ETA: 14s
 6688/92348 [=>............................] - ETA: 15s
 7072/92348 [=>............................] - ETA: 14s
 7456/92348 [=>............................] - ETA: 14s
 7808/92348 [=>............................] - ETA: 14s
 8160/92348 [=>............................] - ETA: 14s
 8416/92348 [=>............................] - ETA: 14s
 8672/92348 [=>............................] - ETA: 14s
 8960/92348 [=>............................] - ETA: 14s
 9312/92348 [==>...........................] - ETA: 14s
 9600/92348 [==>...........................] - ETA: 14s
10016/92348 [==>...........................] - ETA: 14s
10368/92348 [==>...........................] - ETA: 14s
10784/92348 [==>...........................] - ETA: 13s
11136/92348 [==>...........................] - ETA: 13s
11392/92348 [==>...........................] - ETA: 13s
11616/92348 [==>...........................] - ETA: 13s
11872/92348 [==>...........................] - ETA: 13s
12288/92348 [==>...........................] - ETA: 13s
12704/92348 [===>..........................] - ETA: 13s
12960/92348 [===>..........................] - ETA: 13s
13312/92348 [===>..........................] - ETA: 13s
13664/92348 [===>..........................] - ETA: 13s
13952/92348 [===>..........................] - ETA: 13s
14272/92348 [===>..........................] - ETA: 13s
14592/92348 [===>..........................] - ETA: 13s
14784/92348 [===>..........................] - ETA: 13s
15200/92348 [===>..........................] - ETA: 13s
15456/92348 [====>.........................] - ETA: 13s
15776/92348 [====>.........................] - ETA: 13s
16256/92348 [====>.........................] - ETA: 12s
16512/92348 [====>.........................] - ETA: 12s
16768/92348 [====>.........................] - ETA: 12s
17088/92348 [====>.........................] - ETA: 12s
17376/92348 [====>.........................] - ETA: 12s
17760/92348 [====>.........................] - ETA: 12s
18112/92348 [====>.........................] - ETA: 12s
18432/92348 [====>.........................] - ETA: 12s
18752/92348 [=====>........................] - ETA: 12s
19040/92348 [=====>........................] - ETA: 12s
19424/92348 [=====>........................] - ETA: 12s
19808/92348 [=====>........................] - ETA: 12s
20160/92348 [=====>........................] - ETA: 11s
20608/92348 [=====>........................] - ETA: 11s
20992/92348 [=====>........................] - ETA: 11s
21440/92348 [=====>........................] - ETA: 11s
21856/92348 [======>.......................] - ETA: 11s
22336/92348 [======>.......................] - ETA: 11s
22784/92348 [======>.......................] - ETA: 11s
23168/92348 [======>.......................] - ETA: 11s
23616/92348 [======>.......................] - ETA: 10s
24000/92348 [======>.......................] - ETA: 10s
24384/92348 [======>.......................] - ETA: 10s
24800/92348 [=======>......................] - ETA: 10s
25184/92348 [=======>......................] - ETA: 10s
25536/92348 [=======>......................] - ETA: 10s
25920/92348 [=======>......................] - ETA: 10s
26272/92348 [=======>......................] - ETA: 10s
26624/92348 [=======>......................] - ETA: 10s
27008/92348 [=======>......................] - ETA: 10s
27392/92348 [=======>......................] - ETA: 10s
27712/92348 [========>.....................] - ETA: 10s
28128/92348 [========>.....................] - ETA: 10s
28576/92348 [========>.....................] - ETA: 9s 
29088/92348 [========>.....................] - ETA: 9s
29440/92348 [========>.....................] - ETA: 9s
29888/92348 [========>.....................] - ETA: 9s
30208/92348 [========>.....................] - ETA: 9s
30496/92348 [========>.....................] - ETA: 9s
30880/92348 [=========>....................] - ETA: 9s
31264/92348 [=========>....................] - ETA: 9s
31680/92348 [=========>....................] - ETA: 9s
32192/92348 [=========>....................] - ETA: 9s
32704/92348 [=========>....................] - ETA: 9s
33088/92348 [=========>....................] - ETA: 9s
33376/92348 [=========>....................] - ETA: 8s
33728/92348 [=========>....................] - ETA: 8s
34080/92348 [==========>...................] - ETA: 8s
34528/92348 [==========>...................] - ETA: 8s
34944/92348 [==========>...................] - ETA: 8s
35424/92348 [==========>...................] - ETA: 8s
35872/92348 [==========>...................] - ETA: 8s
36224/92348 [==========>...................] - ETA: 8s
36640/92348 [==========>...................] - ETA: 8s
36896/92348 [==========>...................] - ETA: 8s
37184/92348 [===========>..................] - ETA: 8s
37504/92348 [===========>..................] - ETA: 8s
37984/92348 [===========>..................] - ETA: 8s
38368/92348 [===========>..................] - ETA: 8s
38784/92348 [===========>..................] - ETA: 8s
39232/92348 [===========>..................] - ETA: 7s
39616/92348 [===========>..................] - ETA: 7s
40128/92348 [============>.................] - ETA: 7s
40544/92348 [============>.................] - ETA: 7s
40992/92348 [============>.................] - ETA: 7s
41408/92348 [============>.................] - ETA: 7s
41824/92348 [============>.................] - ETA: 7s
42272/92348 [============>.................] - ETA: 7s
42752/92348 [============>.................] - ETA: 7s
43136/92348 [=============>................] - ETA: 7s
43584/92348 [=============>................] - ETA: 7s
44064/92348 [=============>................] - ETA: 7s
44416/92348 [=============>................] - ETA: 7s
44864/92348 [=============>................] - ETA: 6s
45248/92348 [=============>................] - ETA: 6s
45664/92348 [=============>................] - ETA: 6s
46176/92348 [==============>...............] - ETA: 6s
46624/92348 [==============>...............] - ETA: 6s
47072/92348 [==============>...............] - ETA: 6s
47392/92348 [==============>...............] - ETA: 6s
47808/92348 [==============>...............] - ETA: 6s
48224/92348 [==============>...............] - ETA: 6s
48544/92348 [==============>...............] - ETA: 6s
48864/92348 [==============>...............] - ETA: 6s
49280/92348 [===============>..............] - ETA: 6s
49664/92348 [===============>..............] - ETA: 6s
50144/92348 [===============>..............] - ETA: 6s
50560/92348 [===============>..............] - ETA: 6s
51104/92348 [===============>..............] - ETA: 5s
51552/92348 [===============>..............] - ETA: 5s
51936/92348 [===============>..............] - ETA: 5s
52320/92348 [===============>..............] - ETA: 5s
52672/92348 [================>.............] - ETA: 5s
52928/92348 [================>.............] - ETA: 5s
53280/92348 [================>.............] - ETA: 5s
53600/92348 [================>.............] - ETA: 5s
53984/92348 [================>.............] - ETA: 5s
54336/92348 [================>.............] - ETA: 5s
54656/92348 [================>.............] - ETA: 5s
54976/92348 [================>.............] - ETA: 5s
55392/92348 [================>.............] - ETA: 5s
55776/92348 [=================>............] - ETA: 5s
56224/92348 [=================>............] - ETA: 5s
56672/92348 [=================>............] - ETA: 5s
56992/92348 [=================>............] - ETA: 5s
57344/92348 [=================>............] - ETA: 5s
57728/92348 [=================>............] - ETA: 4s
58080/92348 [=================>............] - ETA: 4s
58432/92348 [=================>............] - ETA: 4s
58720/92348 [==================>...........] - ETA: 4s
59104/92348 [==================>...........] - ETA: 4s
59520/92348 [==================>...........] - ETA: 4s
59968/92348 [==================>...........] - ETA: 4s
60352/92348 [==================>...........] - ETA: 4s
60800/92348 [==================>...........] - ETA: 4s
61344/92348 [==================>...........] - ETA: 4s
61824/92348 [===================>..........] - ETA: 4s
62304/92348 [===================>..........] - ETA: 4s
62816/92348 [===================>..........] - ETA: 4s
63296/92348 [===================>..........] - ETA: 4s
63648/92348 [===================>..........] - ETA: 4s
64064/92348 [===================>..........] - ETA: 3s
64512/92348 [===================>..........] - ETA: 3s
64896/92348 [====================>.........] - ETA: 3s
65344/92348 [====================>.........] - ETA: 3s
65760/92348 [====================>.........] - ETA: 3s
66208/92348 [====================>.........] - ETA: 3s
66592/92348 [====================>.........] - ETA: 3s
66976/92348 [====================>.........] - ETA: 3s
67360/92348 [====================>.........] - ETA: 3s
67840/92348 [=====================>........] - ETA: 3s
68320/92348 [=====================>........] - ETA: 3s
68832/92348 [=====================>........] - ETA: 3s
69344/92348 [=====================>........] - ETA: 3s
69824/92348 [=====================>........] - ETA: 3s
70272/92348 [=====================>........] - ETA: 3s
70752/92348 [=====================>........] - ETA: 3s
71232/92348 [======================>.......] - ETA: 2s
71712/92348 [======================>.......] - ETA: 2s
72064/92348 [======================>.......] - ETA: 2s
72480/92348 [======================>.......] - ETA: 2s
72864/92348 [======================>.......] - ETA: 2s
73312/92348 [======================>.......] - ETA: 2s
73792/92348 [======================>.......] - ETA: 2s
74208/92348 [=======================>......] - ETA: 2s
74592/92348 [=======================>......] - ETA: 2s
75008/92348 [=======================>......] - ETA: 2s
75392/92348 [=======================>......] - ETA: 2s
75904/92348 [=======================>......] - ETA: 2s
76352/92348 [=======================>......] - ETA: 2s
76832/92348 [=======================>......] - ETA: 2s
77280/92348 [========================>.....] - ETA: 2s
77696/92348 [========================>.....] - ETA: 2s
78144/92348 [========================>.....] - ETA: 1s
78656/92348 [========================>.....] - ETA: 1s
79104/92348 [========================>.....] - ETA: 1s
79552/92348 [========================>.....] - ETA: 1s
79904/92348 [========================>.....] - ETA: 1s
80352/92348 [=========================>....] - ETA: 1s
80800/92348 [=========================>....] - ETA: 1s
81216/92348 [=========================>....] - ETA: 1s
81696/92348 [=========================>....] - ETA: 1s
82112/92348 [=========================>....] - ETA: 1s
82592/92348 [=========================>....] - ETA: 1s
83008/92348 [=========================>....] - ETA: 1s
83488/92348 [==========================>...] - ETA: 1s
83968/92348 [==========================>...] - ETA: 1s
84384/92348 [==========================>...] - ETA: 1s
84960/92348 [==========================>...] - ETA: 1s
85376/92348 [==========================>...] - ETA: 0s
85824/92348 [==========================>...] - ETA: 0s
86368/92348 [===========================>..] - ETA: 0s
86816/92348 [===========================>..] - ETA: 0s
87200/92348 [===========================>..] - ETA: 0s
87680/92348 [===========================>..] - ETA: 0s
88128/92348 [===========================>..] - ETA: 0s
88544/92348 [===========================>..] - ETA: 0s
88960/92348 [===========================>..] - ETA: 0s
89408/92348 [============================>.] - ETA: 0s
89952/92348 [============================>.] - ETA: 0s
90368/92348 [============================>.] - ETA: 0s
90816/92348 [============================>.] - ETA: 0s
91328/92348 [============================>.] - ETA: 0s
91744/92348 [============================>.] - ETA: 0s
92224/92348 [============================>.] - ETA: 0s
92348/92348 [==============================] - 12s 134us/step

   32/92348 [..............................] - ETA: 12s
  512/92348 [..............................] - ETA: 9s 
  928/92348 [..............................] - ETA: 10s
 1376/92348 [..............................] - ETA: 10s
 1696/92348 [..............................] - ETA: 11s
 2144/92348 [..............................] - ETA: 10s
 2592/92348 [..............................] - ETA: 10s
 3008/92348 [..............................] - ETA: 10s
 3456/92348 [>.............................] - ETA: 10s
 3872/92348 [>.............................] - ETA: 10s
 4288/92348 [>.............................] - ETA: 10s
 4768/92348 [>.............................] - ETA: 10s
 5152/92348 [>.............................] - ETA: 10s
 5568/92348 [>.............................] - ETA: 10s
 6080/92348 [>.............................] - ETA: 10s
 6592/92348 [=>............................] - ETA: 10s
 7072/92348 [=>............................] - ETA: 10s
 7424/92348 [=>............................] - ETA: 10s
 7840/92348 [=>............................] - ETA: 10s
 8256/92348 [=>............................] - ETA: 10s
 8768/92348 [=>............................] - ETA: 9s 
 9184/92348 [=>............................] - ETA: 9s
 9664/92348 [==>...........................] - ETA: 9s
10144/92348 [==>...........................] - ETA: 9s
10688/92348 [==>...........................] - ETA: 9s
11168/92348 [==>...........................] - ETA: 9s
11616/92348 [==>...........................] - ETA: 9s
12064/92348 [==>...........................] - ETA: 9s
12448/92348 [===>..........................] - ETA: 9s
12928/92348 [===>..........................] - ETA: 9s
13344/92348 [===>..........................] - ETA: 9s
13728/92348 [===>..........................] - ETA: 9s
14240/92348 [===>..........................] - ETA: 9s
14688/92348 [===>..........................] - ETA: 9s
15040/92348 [===>..........................] - ETA: 9s
15488/92348 [====>.........................] - ETA: 9s
16000/92348 [====>.........................] - ETA: 8s
16448/92348 [====>.........................] - ETA: 8s
16896/92348 [====>.........................] - ETA: 8s
17312/92348 [====>.........................] - ETA: 8s
17696/92348 [====>.........................] - ETA: 8s
18112/92348 [====>.........................] - ETA: 8s
18560/92348 [=====>........................] - ETA: 8s
19040/92348 [=====>........................] - ETA: 8s
19488/92348 [=====>........................] - ETA: 8s
20064/92348 [=====>........................] - ETA: 8s
20544/92348 [=====>........................] - ETA: 8s
21056/92348 [=====>........................] - ETA: 8s
21536/92348 [=====>........................] - ETA: 8s
21984/92348 [======>.......................] - ETA: 8s
22400/92348 [======>.......................] - ETA: 8s
22848/92348 [======>.......................] - ETA: 8s
23328/92348 [======>.......................] - ETA: 8s
23712/92348 [======>.......................] - ETA: 7s
24160/92348 [======>.......................] - ETA: 7s
24608/92348 [======>.......................] - ETA: 7s
24960/92348 [=======>......................] - ETA: 7s
25408/92348 [=======>......................] - ETA: 7s
25920/92348 [=======>......................] - ETA: 7s
26336/92348 [=======>......................] - ETA: 7s
26816/92348 [=======>......................] - ETA: 7s
27296/92348 [=======>......................] - ETA: 7s
27808/92348 [========>.....................] - ETA: 7s
28224/92348 [========>.....................] - ETA: 7s
28544/92348 [========>.....................] - ETA: 7s
28896/92348 [========>.....................] - ETA: 7s
29312/92348 [========>.....................] - ETA: 7s
29728/92348 [========>.....................] - ETA: 7s
30176/92348 [========>.....................] - ETA: 7s
30560/92348 [========>.....................] - ETA: 7s
30976/92348 [=========>....................] - ETA: 7s
31360/92348 [=========>....................] - ETA: 7s
31776/92348 [=========>....................] - ETA: 7s
32128/92348 [=========>....................] - ETA: 7s
32448/92348 [=========>....................] - ETA: 7s
32896/92348 [=========>....................] - ETA: 7s
33344/92348 [=========>....................] - ETA: 6s
33728/92348 [=========>....................] - ETA: 6s
34144/92348 [==========>...................] - ETA: 6s
34560/92348 [==========>...................] - ETA: 6s
34976/92348 [==========>...................] - ETA: 6s
35424/92348 [==========>...................] - ETA: 6s
35904/92348 [==========>...................] - ETA: 6s
36448/92348 [==========>...................] - ETA: 6s
36896/92348 [==========>...................] - ETA: 6s
37376/92348 [===========>..................] - ETA: 6s
37856/92348 [===========>..................] - ETA: 6s
38304/92348 [===========>..................] - ETA: 6s
38784/92348 [===========>..................] - ETA: 6s
39200/92348 [===========>..................] - ETA: 6s
39552/92348 [===========>..................] - ETA: 6s
40000/92348 [===========>..................] - ETA: 6s
40448/92348 [============>.................] - ETA: 6s
40832/92348 [============>.................] - ETA: 6s
41216/92348 [============>.................] - ETA: 6s
41664/92348 [============>.................] - ETA: 6s
42144/92348 [============>.................] - ETA: 5s
42592/92348 [============>.................] - ETA: 5s
43040/92348 [============>.................] - ETA: 5s
43456/92348 [=============>................] - ETA: 5s
43872/92348 [=============>................] - ETA: 5s
44288/92348 [=============>................] - ETA: 5s
44768/92348 [=============>................] - ETA: 5s
45216/92348 [=============>................] - ETA: 5s
45696/92348 [=============>................] - ETA: 5s
46112/92348 [=============>................] - ETA: 5s
46304/92348 [==============>...............] - ETA: 5s
46816/92348 [==============>...............] - ETA: 5s
47232/92348 [==============>...............] - ETA: 5s
47712/92348 [==============>...............] - ETA: 5s
48256/92348 [==============>...............] - ETA: 5s
48864/92348 [==============>...............] - ETA: 5s
49376/92348 [===============>..............] - ETA: 5s
49888/92348 [===============>..............] - ETA: 4s
50400/92348 [===============>..............] - ETA: 4s
50848/92348 [===============>..............] - ETA: 4s
51328/92348 [===============>..............] - ETA: 4s
51776/92348 [===============>..............] - ETA: 4s
52192/92348 [===============>..............] - ETA: 4s
52704/92348 [================>.............] - ETA: 4s
53216/92348 [================>.............] - ETA: 4s
53632/92348 [================>.............] - ETA: 4s
54048/92348 [================>.............] - ETA: 4s
54432/92348 [================>.............] - ETA: 4s
54976/92348 [================>.............] - ETA: 4s
55328/92348 [================>.............] - ETA: 4s
55776/92348 [=================>............] - ETA: 4s
56256/92348 [=================>............] - ETA: 4s
56704/92348 [=================>............] - ETA: 4s
57120/92348 [=================>............] - ETA: 4s
57664/92348 [=================>............] - ETA: 4s
58176/92348 [=================>............] - ETA: 4s
58560/92348 [==================>...........] - ETA: 3s
58944/92348 [==================>...........] - ETA: 3s
59296/92348 [==================>...........] - ETA: 3s
59744/92348 [==================>...........] - ETA: 3s
60288/92348 [==================>...........] - ETA: 3s
60832/92348 [==================>...........] - ETA: 3s
61344/92348 [==================>...........] - ETA: 3s
61792/92348 [===================>..........] - ETA: 3s
62272/92348 [===================>..........] - ETA: 3s
62720/92348 [===================>..........] - ETA: 3s
63264/92348 [===================>..........] - ETA: 3s
63744/92348 [===================>..........] - ETA: 3s
64256/92348 [===================>..........] - ETA: 3s
64608/92348 [===================>..........] - ETA: 3s
65088/92348 [====================>.........] - ETA: 3s
65504/92348 [====================>.........] - ETA: 3s
65824/92348 [====================>.........] - ETA: 3s
66272/92348 [====================>.........] - ETA: 3s
66720/92348 [====================>.........] - ETA: 2s
67136/92348 [====================>.........] - ETA: 2s
67616/92348 [====================>.........] - ETA: 2s
67968/92348 [=====================>........] - ETA: 2s
68352/92348 [=====================>........] - ETA: 2s
68768/92348 [=====================>........] - ETA: 2s
69184/92348 [=====================>........] - ETA: 2s
69536/92348 [=====================>........] - ETA: 2s
70112/92348 [=====================>........] - ETA: 2s
70496/92348 [=====================>........] - ETA: 2s
70848/92348 [======================>.......] - ETA: 2s
71168/92348 [======================>.......] - ETA: 2s
71648/92348 [======================>.......] - ETA: 2s
72096/92348 [======================>.......] - ETA: 2s
72512/92348 [======================>.......] - ETA: 2s
72896/92348 [======================>.......] - ETA: 2s
73280/92348 [======================>.......] - ETA: 2s
73728/92348 [======================>.......] - ETA: 2s
74112/92348 [=======================>......] - ETA: 2s
74560/92348 [=======================>......] - ETA: 2s
74976/92348 [=======================>......] - ETA: 2s
75424/92348 [=======================>......] - ETA: 1s
75840/92348 [=======================>......] - ETA: 1s
76320/92348 [=======================>......] - ETA: 1s
76704/92348 [=======================>......] - ETA: 1s
77120/92348 [========================>.....] - ETA: 1s
77472/92348 [========================>.....] - ETA: 1s
77888/92348 [========================>.....] - ETA: 1s
78336/92348 [========================>.....] - ETA: 1s
78720/92348 [========================>.....] - ETA: 1s
79168/92348 [========================>.....] - ETA: 1s
79712/92348 [========================>.....] - ETA: 1s
80192/92348 [=========================>....] - ETA: 1s
80672/92348 [=========================>....] - ETA: 1s
81120/92348 [=========================>....] - ETA: 1s
81504/92348 [=========================>....] - ETA: 1s
81984/92348 [=========================>....] - ETA: 1s
82432/92348 [=========================>....] - ETA: 1s
82944/92348 [=========================>....] - ETA: 1s
83328/92348 [==========================>...] - ETA: 1s
83776/92348 [==========================>...] - ETA: 1s
84288/92348 [==========================>...] - ETA: 0s
84672/92348 [==========================>...] - ETA: 0s
85024/92348 [==========================>...] - ETA: 0s
85408/92348 [==========================>...] - ETA: 0s
85888/92348 [==========================>...] - ETA: 0s
86432/92348 [===========================>..] - ETA: 0s
86784/92348 [===========================>..] - ETA: 0s
87232/92348 [===========================>..] - ETA: 0s
87744/92348 [===========================>..] - ETA: 0s
88192/92348 [===========================>..] - ETA: 0s
88704/92348 [===========================>..] - ETA: 0s
89024/92348 [===========================>..] - ETA: 0s
89536/92348 [============================>.] - ETA: 0s
90016/92348 [============================>.] - ETA: 0s
90432/92348 [============================>.] - ETA: 0s
90944/92348 [============================>.] - ETA: 0s
91392/92348 [============================>.] - ETA: 0s
91872/92348 [============================>.] - ETA: 0s
92288/92348 [============================>.] - ETA: 0s
92348/92348 [==============================] - 11s 118us/step

   32/92348 [..............................] - ETA: 50s
  480/92348 [..............................] - ETA: 13s
  960/92348 [..............................] - ETA: 11s
 1408/92348 [..............................] - ETA: 11s
 1888/92348 [..............................] - ETA: 10s
 2272/92348 [..............................] - ETA: 11s
 2688/92348 [..............................] - ETA: 11s
 3072/92348 [..............................] - ETA: 11s
 3552/92348 [>.............................] - ETA: 10s
 3872/92348 [>.............................] - ETA: 11s
 4224/92348 [>.............................] - ETA: 11s
 4544/92348 [>.............................] - ETA: 11s
 4928/92348 [>.............................] - ETA: 11s
 5344/92348 [>.............................] - ETA: 11s
 5664/92348 [>.............................] - ETA: 11s
 6080/92348 [>.............................] - ETA: 11s
 6496/92348 [=>............................] - ETA: 11s
 6880/92348 [=>............................] - ETA: 11s
 7328/92348 [=>............................] - ETA: 11s
 7648/92348 [=>............................] - ETA: 11s
 8064/92348 [=>............................] - ETA: 11s
 8448/92348 [=>............................] - ETA: 11s
 8768/92348 [=>............................] - ETA: 11s
 9024/92348 [=>............................] - ETA: 11s
 9248/92348 [==>...........................] - ETA: 11s
 9664/92348 [==>...........................] - ETA: 11s
10048/92348 [==>...........................] - ETA: 11s
10432/92348 [==>...........................] - ETA: 11s
10720/92348 [==>...........................] - ETA: 11s
11040/92348 [==>...........................] - ETA: 11s
11424/92348 [==>...........................] - ETA: 11s
11840/92348 [==>...........................] - ETA: 11s
12192/92348 [==>...........................] - ETA: 11s
12576/92348 [===>..........................] - ETA: 11s
12928/92348 [===>..........................] - ETA: 11s
13184/92348 [===>..........................] - ETA: 11s
13472/92348 [===>..........................] - ETA: 11s
13760/92348 [===>..........................] - ETA: 11s
14048/92348 [===>..........................] - ETA: 11s
14432/92348 [===>..........................] - ETA: 11s
14752/92348 [===>..........................] - ETA: 11s
15104/92348 [===>..........................] - ETA: 11s
15456/92348 [====>.........................] - ETA: 11s
15968/92348 [====>.........................] - ETA: 10s
16352/92348 [====>.........................] - ETA: 10s
16736/92348 [====>.........................] - ETA: 10s
17024/92348 [====>.........................] - ETA: 10s
17344/92348 [====>.........................] - ETA: 10s
17696/92348 [====>.........................] - ETA: 10s
18144/92348 [====>.........................] - ETA: 10s
18400/92348 [====>.........................] - ETA: 10s
18624/92348 [=====>........................] - ETA: 10s
18944/92348 [=====>........................] - ETA: 10s
19328/92348 [=====>........................] - ETA: 10s
19616/92348 [=====>........................] - ETA: 10s
19904/92348 [=====>........................] - ETA: 10s
20160/92348 [=====>........................] - ETA: 10s
20480/92348 [=====>........................] - ETA: 10s
20800/92348 [=====>........................] - ETA: 10s
21120/92348 [=====>........................] - ETA: 10s
21440/92348 [=====>........................] - ETA: 10s
21696/92348 [======>.......................] - ETA: 10s
21984/92348 [======>.......................] - ETA: 10s
22304/92348 [======>.......................] - ETA: 10s
22592/92348 [======>.......................] - ETA: 10s
22880/92348 [======>.......................] - ETA: 10s
23232/92348 [======>.......................] - ETA: 10s
23552/92348 [======>.......................] - ETA: 10s
23840/92348 [======>.......................] - ETA: 10s
24160/92348 [======>.......................] - ETA: 10s
24512/92348 [======>.......................] - ETA: 10s
24896/92348 [=======>......................] - ETA: 10s
25280/92348 [=======>......................] - ETA: 10s
25632/92348 [=======>......................] - ETA: 10s
25952/92348 [=======>......................] - ETA: 10s
26208/92348 [=======>......................] - ETA: 10s
26496/92348 [=======>......................] - ETA: 10s
26720/92348 [=======>......................] - ETA: 10s
27072/92348 [=======>......................] - ETA: 10s
27360/92348 [=======>......................] - ETA: 9s 
27712/92348 [========>.....................] - ETA: 9s
28064/92348 [========>.....................] - ETA: 9s
28416/92348 [========>.....................] - ETA: 9s
28768/92348 [========>.....................] - ETA: 9s
29120/92348 [========>.....................] - ETA: 9s
29536/92348 [========>.....................] - ETA: 9s
29888/92348 [========>.....................] - ETA: 9s
30240/92348 [========>.....................] - ETA: 9s
30560/92348 [========>.....................] - ETA: 9s
30912/92348 [=========>....................] - ETA: 9s
31360/92348 [=========>....................] - ETA: 9s
31712/92348 [=========>....................] - ETA: 9s
32096/92348 [=========>....................] - ETA: 9s
32448/92348 [=========>....................] - ETA: 9s
32864/92348 [=========>....................] - ETA: 9s
33184/92348 [=========>....................] - ETA: 8s
33440/92348 [=========>....................] - ETA: 8s
33760/92348 [=========>....................] - ETA: 8s
34080/92348 [==========>...................] - ETA: 8s
34368/92348 [==========>...................] - ETA: 8s
34720/92348 [==========>...................] - ETA: 8s
34976/92348 [==========>...................] - ETA: 8s
35296/92348 [==========>...................] - ETA: 8s
35712/92348 [==========>...................] - ETA: 8s
35968/92348 [==========>...................] - ETA: 8s
36352/92348 [==========>...................] - ETA: 8s
36672/92348 [==========>...................] - ETA: 8s
37024/92348 [===========>..................] - ETA: 8s
37312/92348 [===========>..................] - ETA: 8s
37632/92348 [===========>..................] - ETA: 8s
37888/92348 [===========>..................] - ETA: 8s
38240/92348 [===========>..................] - ETA: 8s
38528/92348 [===========>..................] - ETA: 8s
38880/92348 [===========>..................] - ETA: 8s
39200/92348 [===========>..................] - ETA: 8s
39552/92348 [===========>..................] - ETA: 8s
39872/92348 [===========>..................] - ETA: 8s
40192/92348 [============>.................] - ETA: 8s
40480/92348 [============>.................] - ETA: 8s
40704/92348 [============>.................] - ETA: 8s
40992/92348 [============>.................] - ETA: 7s
41344/92348 [============>.................] - ETA: 7s
41600/92348 [============>.................] - ETA: 7s
42016/92348 [============>.................] - ETA: 7s
42368/92348 [============>.................] - ETA: 7s
42720/92348 [============>.................] - ETA: 7s
43072/92348 [============>.................] - ETA: 7s
43424/92348 [=============>................] - ETA: 7s
43808/92348 [=============>................] - ETA: 7s
44128/92348 [=============>................] - ETA: 7s
44448/92348 [=============>................] - ETA: 7s
44896/92348 [=============>................] - ETA: 7s
45184/92348 [=============>................] - ETA: 7s
45472/92348 [=============>................] - ETA: 7s
45856/92348 [=============>................] - ETA: 7s
46208/92348 [==============>...............] - ETA: 7s
46496/92348 [==============>...............] - ETA: 7s
46816/92348 [==============>...............] - ETA: 7s
47136/92348 [==============>...............] - ETA: 7s
47392/92348 [==============>...............] - ETA: 7s
47776/92348 [==============>...............] - ETA: 6s
48096/92348 [==============>...............] - ETA: 6s
48384/92348 [==============>...............] - ETA: 6s
48640/92348 [==============>...............] - ETA: 6s
48896/92348 [==============>...............] - ETA: 6s
49184/92348 [==============>...............] - ETA: 6s
49536/92348 [===============>..............] - ETA: 6s
49760/92348 [===============>..............] - ETA: 6s
50016/92348 [===============>..............] - ETA: 6s
50368/92348 [===============>..............] - ETA: 6s
50656/92348 [===============>..............] - ETA: 6s
51008/92348 [===============>..............] - ETA: 6s
51328/92348 [===============>..............] - ETA: 6s
51680/92348 [===============>..............] - ETA: 6s
52064/92348 [===============>..............] - ETA: 6s
52416/92348 [================>.............] - ETA: 6s
52640/92348 [================>.............] - ETA: 6s
52864/92348 [================>.............] - ETA: 6s
53152/92348 [================>.............] - ETA: 6s
53504/92348 [================>.............] - ETA: 6s
53824/92348 [================>.............] - ETA: 6s
54112/92348 [================>.............] - ETA: 6s
54432/92348 [================>.............] - ETA: 6s
54688/92348 [================>.............] - ETA: 5s
54976/92348 [================>.............] - ETA: 5s
55296/92348 [================>.............] - ETA: 5s
55520/92348 [=================>............] - ETA: 5s
55648/92348 [=================>............] - ETA: 5s
55808/92348 [=================>............] - ETA: 5s
56000/92348 [=================>............] - ETA: 5s
56288/92348 [=================>............] - ETA: 5s
56640/92348 [=================>............] - ETA: 5s
56832/92348 [=================>............] - ETA: 5s
57120/92348 [=================>............] - ETA: 5s
57440/92348 [=================>............] - ETA: 5s
57760/92348 [=================>............] - ETA: 5s
58048/92348 [=================>............] - ETA: 5s
58368/92348 [=================>............] - ETA: 5s
58656/92348 [==================>...........] - ETA: 5s
58880/92348 [==================>...........] - ETA: 5s
59168/92348 [==================>...........] - ETA: 5s
59456/92348 [==================>...........] - ETA: 5s
59776/92348 [==================>...........] - ETA: 5s
60096/92348 [==================>...........] - ETA: 5s
60352/92348 [==================>...........] - ETA: 5s
60704/92348 [==================>...........] - ETA: 5s
60960/92348 [==================>...........] - ETA: 5s
61344/92348 [==================>...........] - ETA: 5s
61696/92348 [===================>..........] - ETA: 4s
62144/92348 [===================>..........] - ETA: 4s
62432/92348 [===================>..........] - ETA: 4s
62592/92348 [===================>..........] - ETA: 4s
62816/92348 [===================>..........] - ETA: 4s
63104/92348 [===================>..........] - ETA: 4s
63456/92348 [===================>..........] - ETA: 4s
63648/92348 [===================>..........] - ETA: 4s
64000/92348 [===================>..........] - ETA: 4s
64320/92348 [===================>..........] - ETA: 4s
64640/92348 [===================>..........] - ETA: 4s
64928/92348 [====================>.........] - ETA: 4s
65184/92348 [====================>.........] - ETA: 4s
65536/92348 [====================>.........] - ETA: 4s
65920/92348 [====================>.........] - ETA: 4s
66240/92348 [====================>.........] - ETA: 4s
66560/92348 [====================>.........] - ETA: 4s
66816/92348 [====================>.........] - ETA: 4s
67104/92348 [====================>.........] - ETA: 4s
67392/92348 [====================>.........] - ETA: 4s
67744/92348 [=====================>........] - ETA: 4s
68000/92348 [=====================>........] - ETA: 3s
68416/92348 [=====================>........] - ETA: 3s
68640/92348 [=====================>........] - ETA: 3s
68896/92348 [=====================>........] - ETA: 3s
69184/92348 [=====================>........] - ETA: 3s
69504/92348 [=====================>........] - ETA: 3s
69792/92348 [=====================>........] - ETA: 3s
70176/92348 [=====================>........] - ETA: 3s
70528/92348 [=====================>........] - ETA: 3s
70880/92348 [======================>.......] - ETA: 3s
71264/92348 [======================>.......] - ETA: 3s
71584/92348 [======================>.......] - ETA: 3s
71840/92348 [======================>.......] - ETA: 3s
72096/92348 [======================>.......] - ETA: 3s
72352/92348 [======================>.......] - ETA: 3s
72672/92348 [======================>.......] - ETA: 3s
72992/92348 [======================>.......] - ETA: 3s
73280/92348 [======================>.......] - ETA: 3s
73568/92348 [======================>.......] - ETA: 3s
73856/92348 [======================>.......] - ETA: 3s
74112/92348 [=======================>......] - ETA: 3s
74400/92348 [=======================>......] - ETA: 2s
74688/92348 [=======================>......] - ETA: 2s
74912/92348 [=======================>......] - ETA: 2s
75232/92348 [=======================>......] - ETA: 2s
75424/92348 [=======================>......] - ETA: 2s
75744/92348 [=======================>......] - ETA: 2s
76000/92348 [=======================>......] - ETA: 2s
76256/92348 [=======================>......] - ETA: 2s
76544/92348 [=======================>......] - ETA: 2s
76832/92348 [=======================>......] - ETA: 2s
77088/92348 [========================>.....] - ETA: 2s
77376/92348 [========================>.....] - ETA: 2s
77696/92348 [========================>.....] - ETA: 2s
77984/92348 [========================>.....] - ETA: 2s
78272/92348 [========================>.....] - ETA: 2s
78496/92348 [========================>.....] - ETA: 2s
78880/92348 [========================>.....] - ETA: 2s
79200/92348 [========================>.....] - ETA: 2s
79424/92348 [========================>.....] - ETA: 2s
79776/92348 [========================>.....] - ETA: 2s
80064/92348 [=========================>....] - ETA: 2s
80320/92348 [=========================>....] - ETA: 2s
80608/92348 [=========================>....] - ETA: 1s
80960/92348 [=========================>....] - ETA: 1s
81280/92348 [=========================>....] - ETA: 1s
81536/92348 [=========================>....] - ETA: 1s
81824/92348 [=========================>....] - ETA: 1s
82272/92348 [=========================>....] - ETA: 1s
82624/92348 [=========================>....] - ETA: 1s
82880/92348 [=========================>....] - ETA: 1s
83104/92348 [=========================>....] - ETA: 1s
83392/92348 [==========================>...] - ETA: 1s
83776/92348 [==========================>...] - ETA: 1s
84000/92348 [==========================>...] - ETA: 1s
84224/92348 [==========================>...] - ETA: 1s
84512/92348 [==========================>...] - ETA: 1s
84800/92348 [==========================>...] - ETA: 1s
85024/92348 [==========================>...] - ETA: 1s
85376/92348 [==========================>...] - ETA: 1s
85760/92348 [==========================>...] - ETA: 1s
86048/92348 [==========================>...] - ETA: 1s
86304/92348 [===========================>..] - ETA: 1s
86688/92348 [===========================>..] - ETA: 0s
86976/92348 [===========================>..] - ETA: 0s
87200/92348 [===========================>..] - ETA: 0s
87456/92348 [===========================>..] - ETA: 0s
87872/92348 [===========================>..] - ETA: 0s
88192/92348 [===========================>..] - ETA: 0s
88512/92348 [===========================>..] - ETA: 0s
88800/92348 [===========================>..] - ETA: 0s
89120/92348 [===========================>..] - ETA: 0s
89408/92348 [============================>.] - ETA: 0s
89696/92348 [============================>.] - ETA: 0s
89952/92348 [============================>.] - ETA: 0s
90208/92348 [============================>.] - ETA: 0s
90464/92348 [============================>.] - ETA: 0s
90784/92348 [============================>.] - ETA: 0s
91136/92348 [============================>.] - ETA: 0s
91456/92348 [============================>.] - ETA: 0s
91712/92348 [============================>.] - ETA: 0s
92128/92348 [============================>.] - ETA: 0s
92348/92348 [==============================] - 15s 168us/step

   32/92348 [..............................] - ETA: 43s
  320/92348 [..............................] - ETA: 18s
  672/92348 [..............................] - ETA: 16s
  992/92348 [..............................] - ETA: 15s
 1312/92348 [..............................] - ETA: 15s
 1664/92348 [..............................] - ETA: 14s
 1952/92348 [..............................] - ETA: 15s
 2144/92348 [..............................] - ETA: 16s
 2432/92348 [..............................] - ETA: 16s
 2688/92348 [..............................] - ETA: 16s
 3008/92348 [..............................] - ETA: 16s
 3264/92348 [>.............................] - ETA: 16s
 3552/92348 [>.............................] - ETA: 16s
 3904/92348 [>.............................] - ETA: 16s
 4224/92348 [>.............................] - ETA: 15s
 4576/92348 [>.............................] - ETA: 15s
 4864/92348 [>.............................] - ETA: 15s
 5152/92348 [>.............................] - ETA: 15s
 5472/92348 [>.............................] - ETA: 15s
 5792/92348 [>.............................] - ETA: 15s
 6112/92348 [>.............................] - ETA: 15s
 6400/92348 [=>............................] - ETA: 15s
 6784/92348 [=>............................] - ETA: 14s
 7072/92348 [=>............................] - ETA: 14s
 7392/92348 [=>............................] - ETA: 14s
 7680/92348 [=>............................] - ETA: 14s
 8000/92348 [=>............................] - ETA: 14s
 8224/92348 [=>............................] - ETA: 14s
 8448/92348 [=>............................] - ETA: 14s
 8800/92348 [=>............................] - ETA: 14s
 9152/92348 [=>............................] - ETA: 14s
 9408/92348 [==>...........................] - ETA: 14s
 9728/92348 [==>...........................] - ETA: 14s
10112/92348 [==>...........................] - ETA: 14s
10400/92348 [==>...........................] - ETA: 14s
10752/92348 [==>...........................] - ETA: 14s
11104/92348 [==>...........................] - ETA: 14s
11424/92348 [==>...........................] - ETA: 14s
11808/92348 [==>...........................] - ETA: 13s
12224/92348 [==>...........................] - ETA: 13s
12544/92348 [===>..........................] - ETA: 13s
12896/92348 [===>..........................] - ETA: 13s
13216/92348 [===>..........................] - ETA: 13s
13568/92348 [===>..........................] - ETA: 13s
13920/92348 [===>..........................] - ETA: 13s
14272/92348 [===>..........................] - ETA: 13s
14528/92348 [===>..........................] - ETA: 13s
14784/92348 [===>..........................] - ETA: 13s
15072/92348 [===>..........................] - ETA: 13s
15392/92348 [====>.........................] - ETA: 13s
15744/92348 [====>.........................] - ETA: 13s
16064/92348 [====>.........................] - ETA: 12s
16416/92348 [====>.........................] - ETA: 12s
16672/92348 [====>.........................] - ETA: 12s
16960/92348 [====>.........................] - ETA: 12s
17152/92348 [====>.........................] - ETA: 12s
17440/92348 [====>.........................] - ETA: 12s
17792/92348 [====>.........................] - ETA: 12s
18144/92348 [====>.........................] - ETA: 12s
18400/92348 [====>.........................] - ETA: 12s
18688/92348 [=====>........................] - ETA: 12s
18944/92348 [=====>........................] - ETA: 12s
19232/92348 [=====>........................] - ETA: 12s
19552/92348 [=====>........................] - ETA: 12s
19840/92348 [=====>........................] - ETA: 12s
20096/92348 [=====>........................] - ETA: 12s
20416/92348 [=====>........................] - ETA: 12s
20736/92348 [=====>........................] - ETA: 12s
21056/92348 [=====>........................] - ETA: 12s
21344/92348 [=====>........................] - ETA: 12s
21696/92348 [======>.......................] - ETA: 12s
21952/92348 [======>.......................] - ETA: 12s
22208/92348 [======>.......................] - ETA: 12s
22400/92348 [======>.......................] - ETA: 12s
22656/92348 [======>.......................] - ETA: 12s
23008/92348 [======>.......................] - ETA: 12s
23392/92348 [======>.......................] - ETA: 11s
23616/92348 [======>.......................] - ETA: 11s
24032/92348 [======>.......................] - ETA: 11s
24384/92348 [======>.......................] - ETA: 11s
24672/92348 [=======>......................] - ETA: 11s
24992/92348 [=======>......................] - ETA: 11s
25280/92348 [=======>......................] - ETA: 11s
25664/92348 [=======>......................] - ETA: 11s
25952/92348 [=======>......................] - ETA: 11s
26240/92348 [=======>......................] - ETA: 11s
26496/92348 [=======>......................] - ETA: 11s
26816/92348 [=======>......................] - ETA: 11s
27200/92348 [=======>......................] - ETA: 11s
27424/92348 [=======>......................] - ETA: 11s
27744/92348 [========>.....................] - ETA: 11s
28096/92348 [========>.....................] - ETA: 11s
28320/92348 [========>.....................] - ETA: 11s
28736/92348 [========>.....................] - ETA: 10s
29152/92348 [========>.....................] - ETA: 10s
29440/92348 [========>.....................] - ETA: 10s
29728/92348 [========>.....................] - ETA: 10s
30080/92348 [========>.....................] - ETA: 10s
30272/92348 [========>.....................] - ETA: 10s
30656/92348 [========>.....................] - ETA: 10s
31008/92348 [=========>....................] - ETA: 10s
31328/92348 [=========>....................] - ETA: 10s
31648/92348 [=========>....................] - ETA: 10s
31872/92348 [=========>....................] - ETA: 10s
32224/92348 [=========>....................] - ETA: 10s
32640/92348 [=========>....................] - ETA: 10s
33088/92348 [=========>....................] - ETA: 10s
33504/92348 [=========>....................] - ETA: 9s 
33888/92348 [==========>...................] - ETA: 9s
34144/92348 [==========>...................] - ETA: 9s
34464/92348 [==========>...................] - ETA: 9s
34784/92348 [==========>...................] - ETA: 9s
35072/92348 [==========>...................] - ETA: 9s
35488/92348 [==========>...................] - ETA: 9s
35936/92348 [==========>...................] - ETA: 9s
36288/92348 [==========>...................] - ETA: 9s
36640/92348 [==========>...................] - ETA: 9s
36960/92348 [===========>..................] - ETA: 9s
37248/92348 [===========>..................] - ETA: 9s
37568/92348 [===========>..................] - ETA: 9s
37856/92348 [===========>..................] - ETA: 9s
38208/92348 [===========>..................] - ETA: 9s
38528/92348 [===========>..................] - ETA: 9s
38880/92348 [===========>..................] - ETA: 9s
39264/92348 [===========>..................] - ETA: 8s
39584/92348 [===========>..................] - ETA: 8s
39840/92348 [===========>..................] - ETA: 8s
40192/92348 [============>.................] - ETA: 8s
40576/92348 [============>.................] - ETA: 8s
40800/92348 [============>.................] - ETA: 8s
41024/92348 [============>.................] - ETA: 8s
41376/92348 [============>.................] - ETA: 8s
41856/92348 [============>.................] - ETA: 8s
42240/92348 [============>.................] - ETA: 8s
42496/92348 [============>.................] - ETA: 8s
42816/92348 [============>.................] - ETA: 8s
43168/92348 [=============>................] - ETA: 8s
43424/92348 [=============>................] - ETA: 8s
43712/92348 [=============>................] - ETA: 8s
44032/92348 [=============>................] - ETA: 8s
44416/92348 [=============>................] - ETA: 8s
44704/92348 [=============>................] - ETA: 8s
45024/92348 [=============>................] - ETA: 7s
45344/92348 [=============>................] - ETA: 7s
45696/92348 [=============>................] - ETA: 7s
46048/92348 [=============>................] - ETA: 7s
46400/92348 [==============>...............] - ETA: 7s
46752/92348 [==============>...............] - ETA: 7s
47104/92348 [==============>...............] - ETA: 7s
47360/92348 [==============>...............] - ETA: 7s
47712/92348 [==============>...............] - ETA: 7s
48128/92348 [==============>...............] - ETA: 7s
48416/92348 [==============>...............] - ETA: 7s
48608/92348 [==============>...............] - ETA: 7s
48768/92348 [==============>...............] - ETA: 7s
49056/92348 [==============>...............] - ETA: 7s
49280/92348 [===============>..............] - ETA: 7s
49504/92348 [===============>..............] - ETA: 7s
49824/92348 [===============>..............] - ETA: 7s
50144/92348 [===============>..............] - ETA: 7s
50528/92348 [===============>..............] - ETA: 7s
50912/92348 [===============>..............] - ETA: 6s
51168/92348 [===============>..............] - ETA: 6s
51488/92348 [===============>..............] - ETA: 6s
51808/92348 [===============>..............] - ETA: 6s
52032/92348 [===============>..............] - ETA: 6s
52224/92348 [===============>..............] - ETA: 6s
52544/92348 [================>.............] - ETA: 6s
52896/92348 [================>.............] - ETA: 6s
53088/92348 [================>.............] - ETA: 6s
53248/92348 [================>.............] - ETA: 6s
53568/92348 [================>.............] - ETA: 6s
53888/92348 [================>.............] - ETA: 6s
54240/92348 [================>.............] - ETA: 6s
54624/92348 [================>.............] - ETA: 6s
54912/92348 [================>.............] - ETA: 6s
55264/92348 [================>.............] - ETA: 6s
55520/92348 [=================>............] - ETA: 6s
55840/92348 [=================>............] - ETA: 6s
56128/92348 [=================>............] - ETA: 6s
56448/92348 [=================>............] - ETA: 6s
56800/92348 [=================>............] - ETA: 6s
57120/92348 [=================>............] - ETA: 5s
57472/92348 [=================>............] - ETA: 5s
57760/92348 [=================>............] - ETA: 5s
58144/92348 [=================>............] - ETA: 5s
58496/92348 [==================>...........] - ETA: 5s
58848/92348 [==================>...........] - ETA: 5s
59136/92348 [==================>...........] - ETA: 5s
59424/92348 [==================>...........] - ETA: 5s
59712/92348 [==================>...........] - ETA: 5s
60032/92348 [==================>...........] - ETA: 5s
60384/92348 [==================>...........] - ETA: 5s
60576/92348 [==================>...........] - ETA: 5s
60800/92348 [==================>...........] - ETA: 5s
61056/92348 [==================>...........] - ETA: 5s
61312/92348 [==================>...........] - ETA: 5s
61632/92348 [===================>..........] - ETA: 5s
61824/92348 [===================>..........] - ETA: 5s
62080/92348 [===================>..........] - ETA: 5s
62464/92348 [===================>..........] - ETA: 5s
62912/92348 [===================>..........] - ETA: 4s
63264/92348 [===================>..........] - ETA: 4s
63552/92348 [===================>..........] - ETA: 4s
63904/92348 [===================>..........] - ETA: 4s
64288/92348 [===================>..........] - ETA: 4s
64736/92348 [====================>.........] - ETA: 4s
64992/92348 [====================>.........] - ETA: 4s
65280/92348 [====================>.........] - ETA: 4s
65536/92348 [====================>.........] - ETA: 4s
65824/92348 [====================>.........] - ETA: 4s
66208/92348 [====================>.........] - ETA: 4s
66560/92348 [====================>.........] - ETA: 4s
66880/92348 [====================>.........] - ETA: 4s
67104/92348 [====================>.........] - ETA: 4s
67296/92348 [====================>.........] - ETA: 4s
67488/92348 [====================>.........] - ETA: 4s
67776/92348 [=====================>........] - ETA: 4s
68160/92348 [=====================>........] - ETA: 4s
68448/92348 [=====================>........] - ETA: 4s
68672/92348 [=====================>........] - ETA: 4s
69056/92348 [=====================>........] - ETA: 3s
69248/92348 [=====================>........] - ETA: 3s
69536/92348 [=====================>........] - ETA: 3s
69728/92348 [=====================>........] - ETA: 3s
69952/92348 [=====================>........] - ETA: 3s
70240/92348 [=====================>........] - ETA: 3s
70496/92348 [=====================>........] - ETA: 3s
70848/92348 [======================>.......] - ETA: 3s
71200/92348 [======================>.......] - ETA: 3s
71584/92348 [======================>.......] - ETA: 3s
71840/92348 [======================>.......] - ETA: 3s
72160/92348 [======================>.......] - ETA: 3s
72448/92348 [======================>.......] - ETA: 3s
72672/92348 [======================>.......] - ETA: 3s
73024/92348 [======================>.......] - ETA: 3s
73344/92348 [======================>.......] - ETA: 3s
73632/92348 [======================>.......] - ETA: 3s
73856/92348 [======================>.......] - ETA: 3s
74112/92348 [=======================>......] - ETA: 3s
74368/92348 [=======================>......] - ETA: 3s
74656/92348 [=======================>......] - ETA: 3s
74880/92348 [=======================>......] - ETA: 2s
75232/92348 [=======================>......] - ETA: 2s
75520/92348 [=======================>......] - ETA: 2s
75808/92348 [=======================>......] - ETA: 2s
76192/92348 [=======================>......] - ETA: 2s
76512/92348 [=======================>......] - ETA: 2s
76896/92348 [=======================>......] - ETA: 2s
77184/92348 [========================>.....] - ETA: 2s
77504/92348 [========================>.....] - ETA: 2s
77888/92348 [========================>.....] - ETA: 2s
78304/92348 [========================>.....] - ETA: 2s
78624/92348 [========================>.....] - ETA: 2s
78816/92348 [========================>.....] - ETA: 2s
79168/92348 [========================>.....] - ETA: 2s
79456/92348 [========================>.....] - ETA: 2s
79776/92348 [========================>.....] - ETA: 2s
80192/92348 [=========================>....] - ETA: 2s
80576/92348 [=========================>....] - ETA: 2s
80832/92348 [=========================>....] - ETA: 1s
81184/92348 [=========================>....] - ETA: 1s
81600/92348 [=========================>....] - ETA: 1s
81888/92348 [=========================>....] - ETA: 1s
82176/92348 [=========================>....] - ETA: 1s
82432/92348 [=========================>....] - ETA: 1s
82752/92348 [=========================>....] - ETA: 1s
82912/92348 [=========================>....] - ETA: 1s
83072/92348 [=========================>....] - ETA: 1s
83328/92348 [==========================>...] - ETA: 1s
83616/92348 [==========================>...] - ETA: 1s
83936/92348 [==========================>...] - ETA: 1s
84224/92348 [==========================>...] - ETA: 1s
84480/92348 [==========================>...] - ETA: 1s
84768/92348 [==========================>...] - ETA: 1s
85120/92348 [==========================>...] - ETA: 1s
85408/92348 [==========================>...] - ETA: 1s
85632/92348 [==========================>...] - ETA: 1s
85920/92348 [==========================>...] - ETA: 1s
86272/92348 [===========================>..] - ETA: 1s
86656/92348 [===========================>..] - ETA: 0s
86944/92348 [===========================>..] - ETA: 0s
87264/92348 [===========================>..] - ETA: 0s
87552/92348 [===========================>..] - ETA: 0s
87904/92348 [===========================>..] - ETA: 0s
88192/92348 [===========================>..] - ETA: 0s
88544/92348 [===========================>..] - ETA: 0s
88896/92348 [===========================>..] - ETA: 0s
89280/92348 [============================>.] - ETA: 0s
89696/92348 [============================>.] - ETA: 0s
90080/92348 [============================>.] - ETA: 0s
90400/92348 [============================>.] - ETA: 0s
90784/92348 [============================>.] - ETA: 0s
91104/92348 [============================>.] - ETA: 0s
91328/92348 [============================>.] - ETA: 0s
91616/92348 [============================>.] - ETA: 0s
91968/92348 [============================>.] - ETA: 0s
92348/92348 [==============================] - 16s 171us/step
===  sequential.py
	Select events/samples which have an output variable Y (last column) equal to 1 (i.e. prediction is combatible with signal)
	Select events/samples which have an output variable Y (last column) equal to 0 (i.e. prediction is NOT combatible with signal)

   32/46194 [..............................] - ETA: 6s
  448/46194 [..............................] - ETA: 6s
  928/46194 [..............................] - ETA: 5s
 1344/46194 [..............................] - ETA: 5s
 1760/46194 [>.............................] - ETA: 5s
 2240/46194 [>.............................] - ETA: 5s
 2656/46194 [>.............................] - ETA: 5s
 3136/46194 [=>............................] - ETA: 5s
 3616/46194 [=>............................] - ETA: 5s
 3968/46194 [=>............................] - ETA: 5s
 4288/46194 [=>............................] - ETA: 5s
 4640/46194 [==>...........................] - ETA: 5s
 5024/46194 [==>...........................] - ETA: 5s
 5312/46194 [==>...........................] - ETA: 5s
 5760/46194 [==>...........................] - ETA: 5s
 6176/46194 [===>..........................] - ETA: 5s
 6528/46194 [===>..........................] - ETA: 5s
 6880/46194 [===>..........................] - ETA: 5s
 7328/46194 [===>..........................] - ETA: 5s
 7648/46194 [===>..........................] - ETA: 5s
 7968/46194 [====>.........................] - ETA: 5s
 8352/46194 [====>.........................] - ETA: 5s
 8576/46194 [====>.........................] - ETA: 5s
 8992/46194 [====>.........................] - ETA: 5s
 9376/46194 [=====>........................] - ETA: 4s
 9792/46194 [=====>........................] - ETA: 4s
10176/46194 [=====>........................] - ETA: 4s
10592/46194 [=====>........................] - ETA: 4s
11008/46194 [======>.......................] - ETA: 4s
11456/46194 [======>.......................] - ETA: 4s
11840/46194 [======>.......................] - ETA: 4s
12224/46194 [======>.......................] - ETA: 4s
12640/46194 [=======>......................] - ETA: 4s
12960/46194 [=======>......................] - ETA: 4s
13312/46194 [=======>......................] - ETA: 4s
13600/46194 [=======>......................] - ETA: 4s
14016/46194 [========>.....................] - ETA: 4s
14432/46194 [========>.....................] - ETA: 4s
14880/46194 [========>.....................] - ETA: 4s
15264/46194 [========>.....................] - ETA: 4s
15680/46194 [=========>....................] - ETA: 4s
16096/46194 [=========>....................] - ETA: 4s
16384/46194 [=========>....................] - ETA: 4s
16800/46194 [=========>....................] - ETA: 3s
17120/46194 [==========>...................] - ETA: 3s
17472/46194 [==========>...................] - ETA: 3s
17856/46194 [==========>...................] - ETA: 3s
18176/46194 [==========>...................] - ETA: 3s
18464/46194 [==========>...................] - ETA: 3s
18784/46194 [===========>..................] - ETA: 3s
19136/46194 [===========>..................] - ETA: 3s
19520/46194 [===========>..................] - ETA: 3s
19904/46194 [===========>..................] - ETA: 3s
20288/46194 [============>.................] - ETA: 3s
20608/46194 [============>.................] - ETA: 3s
21024/46194 [============>.................] - ETA: 3s
21440/46194 [============>.................] - ETA: 3s
21792/46194 [=============>................] - ETA: 3s
22176/46194 [=============>................] - ETA: 3s
22624/46194 [=============>................] - ETA: 3s
23072/46194 [=============>................] - ETA: 3s
23456/46194 [==============>...............] - ETA: 3s
23808/46194 [==============>...............] - ETA: 3s
24064/46194 [==============>...............] - ETA: 3s
24384/46194 [==============>...............] - ETA: 3s
24800/46194 [===============>..............] - ETA: 2s
25248/46194 [===============>..............] - ETA: 2s
25632/46194 [===============>..............] - ETA: 2s
26016/46194 [===============>..............] - ETA: 2s
26400/46194 [================>.............] - ETA: 2s
26720/46194 [================>.............] - ETA: 2s
27104/46194 [================>.............] - ETA: 2s
27520/46194 [================>.............] - ETA: 2s
27904/46194 [=================>............] - ETA: 2s
28288/46194 [=================>............] - ETA: 2s
28640/46194 [=================>............] - ETA: 2s
28992/46194 [=================>............] - ETA: 2s
29344/46194 [==================>...........] - ETA: 2s
29696/46194 [==================>...........] - ETA: 2s
30080/46194 [==================>...........] - ETA: 2s
30400/46194 [==================>...........] - ETA: 2s
30752/46194 [==================>...........] - ETA: 2s
31168/46194 [===================>..........] - ETA: 2s
31712/46194 [===================>..........] - ETA: 1s
32160/46194 [===================>..........] - ETA: 1s
32512/46194 [====================>.........] - ETA: 1s
32864/46194 [====================>.........] - ETA: 1s
33280/46194 [====================>.........] - ETA: 1s
33632/46194 [====================>.........] - ETA: 1s
33984/46194 [=====================>........] - ETA: 1s
34304/46194 [=====================>........] - ETA: 1s
34624/46194 [=====================>........] - ETA: 1s
34912/46194 [=====================>........] - ETA: 1s
35328/46194 [=====================>........] - ETA: 1s
35648/46194 [======================>.......] - ETA: 1s
36000/46194 [======================>.......] - ETA: 1s
36384/46194 [======================>.......] - ETA: 1s
36800/46194 [======================>.......] - ETA: 1s
37216/46194 [=======================>......] - ETA: 1s
37536/46194 [=======================>......] - ETA: 1s
37856/46194 [=======================>......] - ETA: 1s
38208/46194 [=======================>......] - ETA: 1s
38528/46194 [========================>.....] - ETA: 1s
38912/46194 [========================>.....] - ETA: 1s
39264/46194 [========================>.....] - ETA: 0s
39584/46194 [========================>.....] - ETA: 0s
39872/46194 [========================>.....] - ETA: 0s
40256/46194 [=========================>....] - ETA: 0s
40576/46194 [=========================>....] - ETA: 0s
40928/46194 [=========================>....] - ETA: 0s
41248/46194 [=========================>....] - ETA: 0s
41696/46194 [==========================>...] - ETA: 0s
42080/46194 [==========================>...] - ETA: 0s
42432/46194 [==========================>...] - ETA: 0s
42752/46194 [==========================>...] - ETA: 0s
43136/46194 [===========================>..] - ETA: 0s
43456/46194 [===========================>..] - ETA: 0s
43808/46194 [===========================>..] - ETA: 0s
44128/46194 [===========================>..] - ETA: 0s
44544/46194 [===========================>..] - ETA: 0s
44928/46194 [============================>.] - ETA: 0s
45120/46194 [============================>.] - ETA: 0s
45568/46194 [============================>.] - ETA: 0s
45984/46194 [============================>.] - ETA: 0s
46194/46194 [==============================] - 7s 141us/step

   32/46154 [..............................] - ETA: 9s
  384/46154 [..............................] - ETA: 7s
  768/46154 [..............................] - ETA: 6s
 1088/46154 [..............................] - ETA: 6s
 1440/46154 [..............................] - ETA: 6s
 1792/46154 [>.............................] - ETA: 6s
 2080/46154 [>.............................] - ETA: 6s
 2336/46154 [>.............................] - ETA: 7s
 2688/46154 [>.............................] - ETA: 7s
 3040/46154 [>.............................] - ETA: 6s
 3392/46154 [=>............................] - ETA: 6s
 3680/46154 [=>............................] - ETA: 6s
 4064/46154 [=>............................] - ETA: 6s
 4320/46154 [=>............................] - ETA: 6s
 4576/46154 [=>............................] - ETA: 6s
 4928/46154 [==>...........................] - ETA: 6s
 5280/46154 [==>...........................] - ETA: 6s
 5632/46154 [==>...........................] - ETA: 6s
 6048/46154 [==>...........................] - ETA: 6s
 6400/46154 [===>..........................] - ETA: 6s
 6752/46154 [===>..........................] - ETA: 6s
 7168/46154 [===>..........................] - ETA: 6s
 7552/46154 [===>..........................] - ETA: 6s
 7808/46154 [====>.........................] - ETA: 6s
 8192/46154 [====>.........................] - ETA: 5s
 8544/46154 [====>.........................] - ETA: 5s
 8864/46154 [====>.........................] - ETA: 5s
 9312/46154 [=====>........................] - ETA: 5s
 9728/46154 [=====>........................] - ETA: 5s
10144/46154 [=====>........................] - ETA: 5s
10528/46154 [=====>........................] - ETA: 5s
10880/46154 [======>.......................] - ETA: 5s
11264/46154 [======>.......................] - ETA: 5s
11648/46154 [======>.......................] - ETA: 5s
12064/46154 [======>.......................] - ETA: 5s
12352/46154 [=======>......................] - ETA: 5s
12672/46154 [=======>......................] - ETA: 5s
12992/46154 [=======>......................] - ETA: 4s
13344/46154 [=======>......................] - ETA: 4s
13664/46154 [=======>......................] - ETA: 4s
14048/46154 [========>.....................] - ETA: 4s
14368/46154 [========>.....................] - ETA: 4s
14688/46154 [========>.....................] - ETA: 4s
15072/46154 [========>.....................] - ETA: 4s
15424/46154 [=========>....................] - ETA: 4s
15680/46154 [=========>....................] - ETA: 4s
16000/46154 [=========>....................] - ETA: 4s
16384/46154 [=========>....................] - ETA: 4s
16864/46154 [=========>....................] - ETA: 4s
17280/46154 [==========>...................] - ETA: 4s
17632/46154 [==========>...................] - ETA: 4s
17920/46154 [==========>...................] - ETA: 4s
18304/46154 [==========>...................] - ETA: 4s
18752/46154 [===========>..................] - ETA: 4s
19072/46154 [===========>..................] - ETA: 4s
19424/46154 [===========>..................] - ETA: 3s
19744/46154 [===========>..................] - ETA: 3s
20128/46154 [============>.................] - ETA: 3s
20544/46154 [============>.................] - ETA: 3s
20960/46154 [============>.................] - ETA: 3s
21280/46154 [============>.................] - ETA: 3s
21696/46154 [=============>................] - ETA: 3s
22080/46154 [=============>................] - ETA: 3s
22368/46154 [=============>................] - ETA: 3s
22688/46154 [=============>................] - ETA: 3s
23072/46154 [=============>................] - ETA: 3s
23456/46154 [==============>...............] - ETA: 3s
23840/46154 [==============>...............] - ETA: 3s
24192/46154 [==============>...............] - ETA: 3s
24544/46154 [==============>...............] - ETA: 3s
24896/46154 [===============>..............] - ETA: 3s
25216/46154 [===============>..............] - ETA: 3s
25664/46154 [===============>..............] - ETA: 3s
26112/46154 [===============>..............] - ETA: 2s
26624/46154 [================>.............] - ETA: 2s
27136/46154 [================>.............] - ETA: 2s
27520/46154 [================>.............] - ETA: 2s
27808/46154 [=================>............] - ETA: 2s
28224/46154 [=================>............] - ETA: 2s
28704/46154 [=================>............] - ETA: 2s
29056/46154 [=================>............] - ETA: 2s
29472/46154 [==================>...........] - ETA: 2s
29856/46154 [==================>...........] - ETA: 2s
30208/46154 [==================>...........] - ETA: 2s
30624/46154 [==================>...........] - ETA: 2s
31072/46154 [===================>..........] - ETA: 2s
31520/46154 [===================>..........] - ETA: 2s
31936/46154 [===================>..........] - ETA: 2s
32352/46154 [====================>.........] - ETA: 1s
32608/46154 [====================>.........] - ETA: 1s
32992/46154 [====================>.........] - ETA: 1s
33344/46154 [====================>.........] - ETA: 1s
33696/46154 [====================>.........] - ETA: 1s
34048/46154 [=====================>........] - ETA: 1s
34432/46154 [=====================>........] - ETA: 1s
34880/46154 [=====================>........] - ETA: 1s
35264/46154 [=====================>........] - ETA: 1s
35648/46154 [======================>.......] - ETA: 1s
36064/46154 [======================>.......] - ETA: 1s
36416/46154 [======================>.......] - ETA: 1s
36768/46154 [======================>.......] - ETA: 1s
37152/46154 [=======================>......] - ETA: 1s
37568/46154 [=======================>......] - ETA: 1s
38048/46154 [=======================>......] - ETA: 1s
38432/46154 [=======================>......] - ETA: 1s
38912/46154 [========================>.....] - ETA: 1s
39264/46154 [========================>.....] - ETA: 0s
39616/46154 [========================>.....] - ETA: 0s
39936/46154 [========================>.....] - ETA: 0s
40256/46154 [=========================>....] - ETA: 0s
40640/46154 [=========================>....] - ETA: 0s
41056/46154 [=========================>....] - ETA: 0s
41472/46154 [=========================>....] - ETA: 0s
41920/46154 [==========================>...] - ETA: 0s
42304/46154 [==========================>...] - ETA: 0s
42592/46154 [==========================>...] - ETA: 0s
42976/46154 [==========================>...] - ETA: 0s
43328/46154 [===========================>..] - ETA: 0s
43584/46154 [===========================>..] - ETA: 0s
43904/46154 [===========================>..] - ETA: 0s
44256/46154 [===========================>..] - ETA: 0s
44512/46154 [===========================>..] - ETA: 0s
44800/46154 [============================>.] - ETA: 0s
45152/46154 [============================>.] - ETA: 0s
45536/46154 [============================>.] - ETA: 0s
45888/46154 [============================>.] - ETA: 0s
46154/46154 [==============================] - 7s 144us/step

   32/46154 [..............................] - ETA: 8s
  448/46154 [..............................] - ETA: 6s
  832/46154 [..............................] - ETA: 6s
 1152/46154 [..............................] - ETA: 6s
 1472/46154 [..............................] - ETA: 6s
 1824/46154 [>.............................] - ETA: 6s
 2208/46154 [>.............................] - ETA: 6s
 2560/46154 [>.............................] - ETA: 6s
 2784/46154 [>.............................] - ETA: 6s
 3136/46154 [=>............................] - ETA: 6s
 3488/46154 [=>............................] - ETA: 6s
 3840/46154 [=>............................] - ETA: 6s
 4224/46154 [=>............................] - ETA: 6s
 4512/46154 [=>............................] - ETA: 6s
 4608/46154 [=>............................] - ETA: 6s
 4768/46154 [==>...........................] - ETA: 6s
 4960/46154 [==>...........................] - ETA: 7s
 5120/46154 [==>...........................] - ETA: 7s
 5280/46154 [==>...........................] - ETA: 7s
 5568/46154 [==>...........................] - ETA: 7s
 5728/46154 [==>...........................] - ETA: 7s
 5952/46154 [==>...........................] - ETA: 7s
 6176/46154 [===>..........................] - ETA: 7s
 6432/46154 [===>..........................] - ETA: 7s
 6720/46154 [===>..........................] - ETA: 7s
 7040/46154 [===>..........................] - ETA: 7s
 7392/46154 [===>..........................] - ETA: 7s
 7744/46154 [====>.........................] - ETA: 7s
 8096/46154 [====>.........................] - ETA: 7s
 8320/46154 [====>.........................] - ETA: 7s
 8544/46154 [====>.........................] - ETA: 7s
 8896/46154 [====>.........................] - ETA: 6s
 9088/46154 [====>.........................] - ETA: 6s
 9376/46154 [=====>........................] - ETA: 6s
 9664/46154 [=====>........................] - ETA: 6s
 9984/46154 [=====>........................] - ETA: 6s
10272/46154 [=====>........................] - ETA: 6s
10624/46154 [=====>........................] - ETA: 6s
10944/46154 [======>.......................] - ETA: 6s
11296/46154 [======>.......................] - ETA: 6s
11616/46154 [======>.......................] - ETA: 6s
11872/46154 [======>.......................] - ETA: 6s
12160/46154 [======>.......................] - ETA: 6s
12384/46154 [=======>......................] - ETA: 6s
12800/46154 [=======>......................] - ETA: 6s
13152/46154 [=======>......................] - ETA: 6s
13536/46154 [=======>......................] - ETA: 5s
13824/46154 [=======>......................] - ETA: 5s
14144/46154 [========>.....................] - ETA: 5s
14368/46154 [========>.....................] - ETA: 5s
14720/46154 [========>.....................] - ETA: 5s
15008/46154 [========>.....................] - ETA: 5s
15264/46154 [========>.....................] - ETA: 5s
15616/46154 [=========>....................] - ETA: 5s
15808/46154 [=========>....................] - ETA: 5s
16000/46154 [=========>....................] - ETA: 5s
16320/46154 [=========>....................] - ETA: 5s
16704/46154 [=========>....................] - ETA: 5s
16960/46154 [==========>...................] - ETA: 5s
17280/46154 [==========>...................] - ETA: 5s
17632/46154 [==========>...................] - ETA: 5s
17888/46154 [==========>...................] - ETA: 5s
18272/46154 [==========>...................] - ETA: 5s
18592/46154 [===========>..................] - ETA: 5s
18912/46154 [===========>..................] - ETA: 4s
19232/46154 [===========>..................] - ETA: 4s
19520/46154 [===========>..................] - ETA: 4s
19776/46154 [===========>..................] - ETA: 4s
20128/46154 [============>.................] - ETA: 4s
20576/46154 [============>.................] - ETA: 4s
20896/46154 [============>.................] - ETA: 4s
21248/46154 [============>.................] - ETA: 4s
21568/46154 [=============>................] - ETA: 4s
21888/46154 [=============>................] - ETA: 4s
22144/46154 [=============>................] - ETA: 4s
22496/46154 [=============>................] - ETA: 4s
22784/46154 [=============>................] - ETA: 4s
23136/46154 [==============>...............] - ETA: 4s
23488/46154 [==============>...............] - ETA: 4s
23840/46154 [==============>...............] - ETA: 3s
24160/46154 [==============>...............] - ETA: 3s
24480/46154 [==============>...............] - ETA: 3s
24864/46154 [===============>..............] - ETA: 3s
25216/46154 [===============>..............] - ETA: 3s
25600/46154 [===============>..............] - ETA: 3s
25888/46154 [===============>..............] - ETA: 3s
26144/46154 [===============>..............] - ETA: 3s
26464/46154 [================>.............] - ETA: 3s
26784/46154 [================>.............] - ETA: 3s
27232/46154 [================>.............] - ETA: 3s
27456/46154 [================>.............] - ETA: 3s
27808/46154 [=================>............] - ETA: 3s
28096/46154 [=================>............] - ETA: 3s
28480/46154 [=================>............] - ETA: 3s
28704/46154 [=================>............] - ETA: 3s
28992/46154 [=================>............] - ETA: 3s
29216/46154 [=================>............] - ETA: 2s
29536/46154 [==================>...........] - ETA: 2s
29856/46154 [==================>...........] - ETA: 2s
30176/46154 [==================>...........] - ETA: 2s
30560/46154 [==================>...........] - ETA: 2s
30944/46154 [===================>..........] - ETA: 2s
31360/46154 [===================>..........] - ETA: 2s
31744/46154 [===================>..........] - ETA: 2s
32000/46154 [===================>..........] - ETA: 2s
32416/46154 [====================>.........] - ETA: 2s
32768/46154 [====================>.........] - ETA: 2s
33120/46154 [====================>.........] - ETA: 2s
33376/46154 [====================>.........] - ETA: 2s
33664/46154 [====================>.........] - ETA: 2s
33888/46154 [=====================>........] - ETA: 2s
34240/46154 [=====================>........] - ETA: 2s
34528/46154 [=====================>........] - ETA: 2s
34848/46154 [=====================>........] - ETA: 1s
35136/46154 [=====================>........] - ETA: 1s
35392/46154 [======================>.......] - ETA: 1s
35712/46154 [======================>.......] - ETA: 1s
36000/46154 [======================>.......] - ETA: 1s
36320/46154 [======================>.......] - ETA: 1s
36672/46154 [======================>.......] - ETA: 1s
36928/46154 [=======================>......] - ETA: 1s
37216/46154 [=======================>......] - ETA: 1s
37600/46154 [=======================>......] - ETA: 1s
37920/46154 [=======================>......] - ETA: 1s
38240/46154 [=======================>......] - ETA: 1s
38752/46154 [========================>.....] - ETA: 1s
39200/46154 [========================>.....] - ETA: 1s
39520/46154 [========================>.....] - ETA: 1s
39840/46154 [========================>.....] - ETA: 1s
40128/46154 [=========================>....] - ETA: 1s
40448/46154 [=========================>....] - ETA: 0s
40928/46154 [=========================>....] - ETA: 0s
41312/46154 [=========================>....] - ETA: 0s
41696/46154 [==========================>...] - ETA: 0s
42016/46154 [==========================>...] - ETA: 0s
42304/46154 [==========================>...] - ETA: 0s
42592/46154 [==========================>...] - ETA: 0s
43008/46154 [==========================>...] - ETA: 0s
43296/46154 [===========================>..] - ETA: 0s
43520/46154 [===========================>..] - ETA: 0s
43808/46154 [===========================>..] - ETA: 0s
44160/46154 [===========================>..] - ETA: 0s
44448/46154 [===========================>..] - ETA: 0s
44768/46154 [============================>.] - ETA: 0s
45088/46154 [============================>.] - ETA: 0s
45344/46154 [============================>.] - ETA: 0s
45664/46154 [============================>.] - ETA: 0s
46016/46154 [============================>.] - ETA: 0s
46154/46154 [==============================] - 8s 171us/step

   32/46194 [..............................] - ETA: 11s
  320/46194 [..............................] - ETA: 9s 
  608/46194 [..............................] - ETA: 10s
  960/46194 [..............................] - ETA: 9s 
 1248/46194 [..............................] - ETA: 9s
 1440/46194 [..............................] - ETA: 9s
 1696/46194 [>.............................] - ETA: 9s
 1920/46194 [>.............................] - ETA: 9s
 2208/46194 [>.............................] - ETA: 9s
 2560/46194 [>.............................] - ETA: 8s
 2784/46194 [>.............................] - ETA: 9s
 2976/46194 [>.............................] - ETA: 9s
 3296/46194 [=>............................] - ETA: 8s
 3488/46194 [=>............................] - ETA: 9s
 3840/46194 [=>............................] - ETA: 8s
 4000/46194 [=>............................] - ETA: 8s
 4288/46194 [=>............................] - ETA: 8s
 4576/46194 [=>............................] - ETA: 8s
 4896/46194 [==>...........................] - ETA: 8s
 5280/46194 [==>...........................] - ETA: 8s
 5632/46194 [==>...........................] - ETA: 7s
 5920/46194 [==>...........................] - ETA: 7s
 6240/46194 [===>..........................] - ETA: 7s
 6560/46194 [===>..........................] - ETA: 7s
 6848/46194 [===>..........................] - ETA: 7s
 7168/46194 [===>..........................] - ETA: 7s
 7456/46194 [===>..........................] - ETA: 7s
 7840/46194 [====>.........................] - ETA: 7s
 8224/46194 [====>.........................] - ETA: 7s
 8576/46194 [====>.........................] - ETA: 6s
 8896/46194 [====>.........................] - ETA: 6s
 9216/46194 [====>.........................] - ETA: 6s
 9440/46194 [=====>........................] - ETA: 6s
 9760/46194 [=====>........................] - ETA: 6s
10080/46194 [=====>........................] - ETA: 6s
10304/46194 [=====>........................] - ETA: 6s
10560/46194 [=====>........................] - ETA: 6s
10816/46194 [======>.......................] - ETA: 6s
11104/46194 [======>.......................] - ETA: 6s
11392/46194 [======>.......................] - ETA: 6s
11648/46194 [======>.......................] - ETA: 6s
11872/46194 [======>.......................] - ETA: 6s
12064/46194 [======>.......................] - ETA: 6s
12224/46194 [======>.......................] - ETA: 6s
12480/46194 [=======>......................] - ETA: 6s
12800/46194 [=======>......................] - ETA: 6s
13088/46194 [=======>......................] - ETA: 6s
13408/46194 [=======>......................] - ETA: 6s
13728/46194 [=======>......................] - ETA: 6s
14112/46194 [========>.....................] - ETA: 6s
14528/46194 [========>.....................] - ETA: 5s
14912/46194 [========>.....................] - ETA: 5s
15232/46194 [========>.....................] - ETA: 5s
15680/46194 [=========>....................] - ETA: 5s
16192/46194 [=========>....................] - ETA: 5s
16544/46194 [=========>....................] - ETA: 5s
16768/46194 [=========>....................] - ETA: 5s
17056/46194 [==========>...................] - ETA: 5s
17440/46194 [==========>...................] - ETA: 5s
17824/46194 [==========>...................] - ETA: 5s
18080/46194 [==========>...................] - ETA: 5s
18336/46194 [==========>...................] - ETA: 4s
18592/46194 [===========>..................] - ETA: 4s
19040/46194 [===========>..................] - ETA: 4s
19392/46194 [===========>..................] - ETA: 4s
19808/46194 [===========>..................] - ETA: 4s
20256/46194 [============>.................] - ETA: 4s
20672/46194 [============>.................] - ETA: 4s
20992/46194 [============>.................] - ETA: 4s
21312/46194 [============>.................] - ETA: 4s
21600/46194 [=============>................] - ETA: 4s
22048/46194 [=============>................] - ETA: 4s
22400/46194 [=============>................] - ETA: 4s
22784/46194 [=============>................] - ETA: 4s
23232/46194 [==============>...............] - ETA: 3s
23520/46194 [==============>...............] - ETA: 3s
23840/46194 [==============>...............] - ETA: 3s
24192/46194 [==============>...............] - ETA: 3s
24672/46194 [===============>..............] - ETA: 3s
25088/46194 [===============>..............] - ETA: 3s
25504/46194 [===============>..............] - ETA: 3s
25856/46194 [===============>..............] - ETA: 3s
26272/46194 [================>.............] - ETA: 3s
26688/46194 [================>.............] - ETA: 3s
27072/46194 [================>.............] - ETA: 3s
27424/46194 [================>.............] - ETA: 3s
27808/46194 [=================>............] - ETA: 3s
28224/46194 [=================>............] - ETA: 2s
28608/46194 [=================>............] - ETA: 2s
28960/46194 [=================>............] - ETA: 2s
29312/46194 [==================>...........] - ETA: 2s
29696/46194 [==================>...........] - ETA: 2s
30080/46194 [==================>...........] - ETA: 2s
30432/46194 [==================>...........] - ETA: 2s
30848/46194 [===================>..........] - ETA: 2s
31264/46194 [===================>..........] - ETA: 2s
31648/46194 [===================>..........] - ETA: 2s
32000/46194 [===================>..........] - ETA: 2s
32384/46194 [====================>.........] - ETA: 2s
32800/46194 [====================>.........] - ETA: 2s
33184/46194 [====================>.........] - ETA: 2s
33440/46194 [====================>.........] - ETA: 2s
33760/46194 [====================>.........] - ETA: 2s
34080/46194 [=====================>........] - ETA: 1s
34368/46194 [=====================>........] - ETA: 1s
34720/46194 [=====================>........] - ETA: 1s
35072/46194 [=====================>........] - ETA: 1s
35424/46194 [======================>.......] - ETA: 1s
35744/46194 [======================>.......] - ETA: 1s
36096/46194 [======================>.......] - ETA: 1s
36544/46194 [======================>.......] - ETA: 1s
36960/46194 [=======================>......] - ETA: 1s
37440/46194 [=======================>......] - ETA: 1s
37824/46194 [=======================>......] - ETA: 1s
38272/46194 [=======================>......] - ETA: 1s
38688/46194 [========================>.....] - ETA: 1s
39104/46194 [========================>.....] - ETA: 1s
39520/46194 [========================>.....] - ETA: 1s
39904/46194 [========================>.....] - ETA: 0s
40352/46194 [=========================>....] - ETA: 0s
40736/46194 [=========================>....] - ETA: 0s
41024/46194 [=========================>....] - ETA: 0s
41504/46194 [=========================>....] - ETA: 0s
41920/46194 [==========================>...] - ETA: 0s
42400/46194 [==========================>...] - ETA: 0s
42848/46194 [==========================>...] - ETA: 0s
43200/46194 [===========================>..] - ETA: 0s
43360/46194 [===========================>..] - ETA: 0s
43680/46194 [===========================>..] - ETA: 0s
44064/46194 [===========================>..] - ETA: 0s
44544/46194 [===========================>..] - ETA: 0s
44992/46194 [============================>.] - ETA: 0s
45440/46194 [============================>.] - ETA: 0s
45920/46194 [============================>.] - ETA: 0s
46194/46194 [==============================] - 7s 154us/step
